2025-11-26 11:36:37 [background-preinit] INFO  o.h.validator.internal.util.Version - HV000001: Hibernate Validator 8.0.2.Final
2025-11-26 11:36:37 [restartedMain] INFO  c.e.t.t.TechgicusEbillingApplication - Starting TechgicusEbillingApplication using Java 24.0.1 with PID 7104 (D:\Techgicus_software\techgicus_ebilling\target\classes started by payal in D:\Techgicus_software\techgicus_ebilling)
2025-11-26 11:36:37 [restartedMain] INFO  c.e.t.t.TechgicusEbillingApplication - No active profile set, falling back to 1 default profile: "default"
2025-11-26 11:36:37 [restartedMain] INFO  o.s.b.d.e.DevToolsPropertyDefaultsPostProcessor - Devtools property defaults active! Set 'spring.devtools.add-properties' to 'false' to disable
2025-11-26 11:36:37 [restartedMain] INFO  o.s.b.d.e.DevToolsPropertyDefaultsPostProcessor - For additional web related logging consider setting the 'logging.level.web' property to 'DEBUG'
2025-11-26 11:36:42 [restartedMain] INFO  o.s.d.r.c.RepositoryConfigurationDelegate - Bootstrapping Spring Data JPA repositories in DEFAULT mode.
2025-11-26 11:36:43 [restartedMain] INFO  o.s.d.r.c.RepositoryConfigurationDelegate - Finished Spring Data repository scanning in 329 ms. Found 36 JPA repository interfaces.
2025-11-26 11:36:44 [restartedMain] INFO  o.s.b.w.e.tomcat.TomcatWebServer - Tomcat initialized with port 8007 (http)
2025-11-26 11:36:44 [restartedMain] INFO  o.a.coyote.http11.Http11NioProtocol - Initializing ProtocolHandler ["http-nio-8007"]
2025-11-26 11:36:44 [restartedMain] INFO  o.a.catalina.core.StandardService - Starting service [Tomcat]
2025-11-26 11:36:44 [restartedMain] INFO  o.a.catalina.core.StandardEngine - Starting Servlet engine: [Apache Tomcat/10.1.36]
2025-11-26 11:36:44 [restartedMain] INFO  o.a.c.c.C.[Tomcat].[localhost].[/] - Initializing Spring embedded WebApplicationContext
2025-11-26 11:36:44 [restartedMain] INFO  o.s.b.w.s.c.ServletWebServerApplicationContext - Root WebApplicationContext: initialization completed in 6985 ms
2025-11-26 11:36:45 [restartedMain] INFO  com.zaxxer.hikari.HikariDataSource - HikariPool-1 - Starting...
2025-11-26 11:36:45 [restartedMain] INFO  com.zaxxer.hikari.pool.HikariPool - HikariPool-1 - Added connection com.mysql.cj.jdbc.ConnectionImpl@62c6ad11
2025-11-26 11:36:45 [restartedMain] INFO  com.zaxxer.hikari.HikariDataSource - HikariPool-1 - Start completed.
2025-11-26 11:36:46 [restartedMain] INFO  o.h.jpa.internal.util.LogHelper - HHH000204: Processing PersistenceUnitInfo [name: default]
2025-11-26 11:36:46 [restartedMain] INFO  org.hibernate.Version - HHH000412: Hibernate ORM core version 6.6.8.Final
2025-11-26 11:36:46 [restartedMain] INFO  o.h.c.i.RegionFactoryInitiator - HHH000026: Second-level cache disabled
2025-11-26 11:36:46 [restartedMain] INFO  o.s.o.j.p.SpringPersistenceUnitInfo - No LoadTimeWeaver setup: ignoring JPA class transformer
2025-11-26 11:36:47 [restartedMain] INFO  o.hibernate.orm.connections.pooling - HHH10001005: Database info:
	Database JDBC URL [Connecting through datasource 'HikariDataSource (HikariPool-1)']
	Database driver: undefined/unknown
	Database version: 8.0.42
	Autocommit mode: undefined/unknown
	Isolation level: undefined/unknown
	Minimum pool size: undefined/unknown
	Maximum pool size: undefined/unknown
2025-11-26 11:36:50 [restartedMain] INFO  o.h.e.t.j.p.i.JtaPlatformInitiator - HHH000489: No JTA platform available (set 'hibernate.transaction.jta.platform' to enable JTA platform integration)
2025-11-26 11:36:52 [restartedMain] INFO  o.s.o.j.LocalContainerEntityManagerFactoryBean - Initialized JPA EntityManagerFactory for persistence unit 'default'
2025-11-26 11:36:54 [restartedMain] INFO  o.s.s.c.a.a.c.InitializeAuthenticationProviderBeanManagerConfigurer$InitializeAuthenticationProviderManagerConfigurer - Global AuthenticationManager configured with AuthenticationProvider bean with name daoAuthenticationProvider
2025-11-26 11:36:54 [restartedMain] WARN  o.s.s.c.a.a.c.InitializeUserDetailsBeanManagerConfigurer$InitializeUserDetailsManagerConfigurer - Global AuthenticationManager configured with an AuthenticationProvider bean. UserDetailsService beans will not be used by Spring Security for automatically configuring username/password login. Consider removing the AuthenticationProvider bean. Alternatively, consider using the UserDetailsService in a manually instantiated DaoAuthenticationProvider. If the current configuration is intentional, to turn off this warning, increase the logging level of 'org.springframework.security.config.annotation.authentication.configuration.InitializeUserDetailsBeanManagerConfigurer' to ERROR
2025-11-26 11:36:54 [restartedMain] INFO  o.s.d.j.r.query.QueryEnhancerFactory - Hibernate is in classpath; If applicable, HQL parser will be used.
2025-11-26 11:37:03 [restartedMain] WARN  o.s.b.a.o.j.JpaBaseConfiguration$JpaWebConfiguration - spring.jpa.open-in-view is enabled by default. Therefore, database queries may be performed during view rendering. Explicitly configure spring.jpa.open-in-view to disable this warning
2025-11-26 11:37:07 [restartedMain] INFO  o.s.b.d.a.OptionalLiveReloadServer - LiveReload server is running on port 35729
2025-11-26 11:37:07 [restartedMain] INFO  o.a.coyote.http11.Http11NioProtocol - Starting ProtocolHandler ["http-nio-8007"]
2025-11-26 11:37:07 [restartedMain] INFO  o.s.b.w.e.tomcat.TomcatWebServer - Tomcat started on port 8007 (http) with context path '/'
2025-11-26 11:37:07 [restartedMain] INFO  c.e.t.t.TechgicusEbillingApplication - Started TechgicusEbillingApplication in 31.146 seconds (process running for 32.266)
2025-11-26 11:37:07 [restartedMain] DEBUG org.hibernate.SQL - select r1_0.role_id,r1_0.description,r1_0.role_name,r1_0.is_system_role from roles r1_0 where r1_0.role_name=?
2025-11-26 11:37:07 [restartedMain] DEBUG org.hibernate.SQL - select r1_0.role_id,r1_0.description,r1_0.role_name,r1_0.is_system_role from roles r1_0 where r1_0.role_name=?
2025-11-26 11:37:08 [restartedMain] DEBUG org.hibernate.SQL - select r1_0.role_id,r1_0.description,r1_0.role_name,r1_0.is_system_role from roles r1_0 where r1_0.role_name=?
2025-11-26 11:37:08 [restartedMain] DEBUG org.hibernate.SQL - select f1_0.feature_id,f1_0.code,f1_0.description,f1_0.name,f1_0.premium from features f1_0 where f1_0.code=?
2025-11-26 11:37:08 [restartedMain] DEBUG org.hibernate.SQL - select f1_0.feature_id,f1_0.code,f1_0.description,f1_0.name,f1_0.premium from features f1_0 where f1_0.code=?
2025-11-26 11:37:08 [restartedMain] DEBUG org.hibernate.SQL - select f1_0.feature_id,f1_0.code,f1_0.description,f1_0.name,f1_0.premium from features f1_0 where f1_0.code=?
2025-11-26 11:37:08 [restartedMain] DEBUG org.hibernate.SQL - select f1_0.feature_id,f1_0.code,f1_0.description,f1_0.name,f1_0.premium from features f1_0 where f1_0.code=?
2025-11-26 11:37:08 [restartedMain] DEBUG org.hibernate.SQL - select sp1_0.subscription_plan_id,sp1_0.description,sp1_0.duration_days,sp1_0.is_active,sp1_0.name,sp1_0.price from subscription_plans sp1_0 where sp1_0.name=?
2025-11-26 11:37:08 [restartedMain] DEBUG org.hibernate.SQL - select sp1_0.subscription_plan_id,sp1_0.description,sp1_0.duration_days,sp1_0.is_active,sp1_0.name,sp1_0.price from subscription_plans sp1_0 where sp1_0.name=?
2025-11-26 11:37:08 [restartedMain] DEBUG org.hibernate.SQL - select sp1_0.subscription_plan_id,sp1_0.description,sp1_0.duration_days,sp1_0.is_active,sp1_0.name,sp1_0.price from subscription_plans sp1_0 where sp1_0.name=?
2025-11-26 11:37:08 [restartedMain] DEBUG org.hibernate.SQL - select f1_0.feature_id,f1_0.code,f1_0.description,f1_0.name,f1_0.premium from features f1_0 where f1_0.code=?
2025-11-26 11:37:08 [restartedMain] DEBUG org.hibernate.SQL - select f1_0.feature_id,f1_0.code,f1_0.description,f1_0.name,f1_0.premium from features f1_0 where f1_0.code=?
2025-11-26 11:37:08 [restartedMain] DEBUG org.hibernate.SQL - select f1_0.feature_id,f1_0.code,f1_0.description,f1_0.name,f1_0.premium from features f1_0 where f1_0.code=?
2025-11-26 11:37:08 [restartedMain] DEBUG org.hibernate.SQL - select f1_0.feature_id,f1_0.code,f1_0.description,f1_0.name,f1_0.premium from features f1_0 where f1_0.code=?
2025-11-26 11:37:08 [restartedMain] DEBUG org.hibernate.SQL - select sp1_0.subscription_plan_id,sp1_0.description,sp1_0.duration_days,sp1_0.is_active,sp1_0.name,sp1_0.price from subscription_plans sp1_0 where sp1_0.name=?
2025-11-26 11:37:08 [restartedMain] DEBUG org.hibernate.SQL - select sp1_0.subscription_plan_id,sp1_0.description,sp1_0.duration_days,sp1_0.is_active,sp1_0.name,sp1_0.price from subscription_plans sp1_0 where sp1_0.name=?
2025-11-26 11:37:08 [restartedMain] DEBUG org.hibernate.SQL - select sp1_0.subscription_plan_id,sp1_0.description,sp1_0.duration_days,sp1_0.is_active,sp1_0.name,sp1_0.price from subscription_plans sp1_0 where sp1_0.name=?
2025-11-26 11:37:08 [restartedMain] DEBUG org.hibernate.SQL - select pfl1_0.plan_feature_limit_id,pfl1_0.boolean_limit,pfl1_0.feature_id,pfl1_0.limit_type,pfl1_0.plan_id,pfl1_0.usage_limit from plan_feature_limits pfl1_0 where pfl1_0.plan_id=? and pfl1_0.feature_id=?
2025-11-26 11:37:08 [restartedMain] DEBUG org.hibernate.SQL - select pfl1_0.plan_feature_limit_id,pfl1_0.boolean_limit,pfl1_0.feature_id,pfl1_0.limit_type,pfl1_0.plan_id,pfl1_0.usage_limit from plan_feature_limits pfl1_0 where pfl1_0.plan_id=? and pfl1_0.feature_id=?
2025-11-26 11:37:08 [restartedMain] DEBUG org.hibernate.SQL - select pfl1_0.plan_feature_limit_id,pfl1_0.boolean_limit,pfl1_0.feature_id,pfl1_0.limit_type,pfl1_0.plan_id,pfl1_0.usage_limit from plan_feature_limits pfl1_0 where pfl1_0.plan_id=? and pfl1_0.feature_id=?
2025-11-26 11:37:08 [restartedMain] DEBUG org.hibernate.SQL - select pfl1_0.plan_feature_limit_id,pfl1_0.boolean_limit,pfl1_0.feature_id,pfl1_0.limit_type,pfl1_0.plan_id,pfl1_0.usage_limit from plan_feature_limits pfl1_0 where pfl1_0.plan_id=? and pfl1_0.feature_id=?
2025-11-26 11:37:08 [restartedMain] DEBUG org.hibernate.SQL - select pfl1_0.plan_feature_limit_id,pfl1_0.boolean_limit,pfl1_0.feature_id,pfl1_0.limit_type,pfl1_0.plan_id,pfl1_0.usage_limit from plan_feature_limits pfl1_0 where pfl1_0.plan_id=? and pfl1_0.feature_id=?
2025-11-26 11:37:08 [restartedMain] DEBUG org.hibernate.SQL - select pfl1_0.plan_feature_limit_id,pfl1_0.boolean_limit,pfl1_0.feature_id,pfl1_0.limit_type,pfl1_0.plan_id,pfl1_0.usage_limit from plan_feature_limits pfl1_0 where pfl1_0.plan_id=? and pfl1_0.feature_id=?
2025-11-26 11:37:08 [restartedMain] DEBUG org.hibernate.SQL - select pfl1_0.plan_feature_limit_id,pfl1_0.boolean_limit,pfl1_0.feature_id,pfl1_0.limit_type,pfl1_0.plan_id,pfl1_0.usage_limit from plan_feature_limits pfl1_0 where pfl1_0.plan_id=? and pfl1_0.feature_id=?
2025-11-26 11:37:09 [restartedMain] DEBUG org.hibernate.SQL - select pfl1_0.plan_feature_limit_id,pfl1_0.boolean_limit,pfl1_0.feature_id,pfl1_0.limit_type,pfl1_0.plan_id,pfl1_0.usage_limit from plan_feature_limits pfl1_0 where pfl1_0.plan_id=? and pfl1_0.feature_id=?
2025-11-26 11:37:09 [restartedMain] DEBUG org.hibernate.SQL - select pfl1_0.plan_feature_limit_id,pfl1_0.boolean_limit,pfl1_0.feature_id,pfl1_0.limit_type,pfl1_0.plan_id,pfl1_0.usage_limit from plan_feature_limits pfl1_0 where pfl1_0.plan_id=? and pfl1_0.feature_id=?
2025-11-26 11:37:09 [restartedMain] DEBUG org.hibernate.SQL - select pfl1_0.plan_feature_limit_id,pfl1_0.boolean_limit,pfl1_0.feature_id,pfl1_0.limit_type,pfl1_0.plan_id,pfl1_0.usage_limit from plan_feature_limits pfl1_0 where pfl1_0.plan_id=? and pfl1_0.feature_id=?
2025-11-26 11:37:09 [restartedMain] DEBUG org.hibernate.SQL - select pfl1_0.plan_feature_limit_id,pfl1_0.boolean_limit,pfl1_0.feature_id,pfl1_0.limit_type,pfl1_0.plan_id,pfl1_0.usage_limit from plan_feature_limits pfl1_0 where pfl1_0.plan_id=? and pfl1_0.feature_id=?
2025-11-26 11:37:09 [restartedMain] DEBUG org.hibernate.SQL - select pfl1_0.plan_feature_limit_id,pfl1_0.boolean_limit,pfl1_0.feature_id,pfl1_0.limit_type,pfl1_0.plan_id,pfl1_0.usage_limit from plan_feature_limits pfl1_0 where pfl1_0.plan_id=? and pfl1_0.feature_id=?
2025-11-26 11:37:09 [restartedMain] DEBUG org.hibernate.SQL - select r1_0.role_id,r1_0.description,r1_0.role_name,r1_0.is_system_role from roles r1_0 where r1_0.role_name=?
2025-11-26 11:37:09 [restartedMain] DEBUG org.hibernate.SQL - select u1_0.user_id,u1_0.created_at,u1_0.email,u1_0.password,u1_0.update_at,u1_0.user_name from users u1_0 where u1_0.email=?
2025-11-26 11:37:09 [restartedMain] DEBUG org.hibernate.SQL - select r1_0.user_id,r1_1.role_id,r1_1.description,r1_1.role_name,r1_1.is_system_role from user_roles r1_0 join roles r1_1 on r1_1.role_id=r1_0.role_id where r1_0.user_id=?
2025-11-26 11:37:51 [http-nio-8007-exec-1] INFO  o.a.c.c.C.[Tomcat].[localhost].[/] - Initializing Spring DispatcherServlet 'dispatcherServlet'
2025-11-26 11:37:51 [http-nio-8007-exec-1] INFO  o.s.web.servlet.DispatcherServlet - Initializing Servlet 'dispatcherServlet'
2025-11-26 11:37:51 [http-nio-8007-exec-1] INFO  o.s.web.servlet.DispatcherServlet - Completed initialization in 5 ms
2025-11-26 11:37:56 [http-nio-8007-exec-9] INFO  o.s.api.AbstractOpenApiResource - Init duration for springdoc-openapi is: 3464 ms
2025-11-26 12:13:30 [SpringApplicationShutdownHook] INFO  o.s.b.w.e.tomcat.GracefulShutdown - Commencing graceful shutdown. Waiting for active requests to complete
2025-11-26 12:13:30 [tomcat-shutdown] INFO  o.s.b.w.e.tomcat.GracefulShutdown - Graceful shutdown complete
2025-11-26 12:13:30 [SpringApplicationShutdownHook] INFO  o.s.o.j.LocalContainerEntityManagerFactoryBean - Closing JPA EntityManagerFactory for persistence unit 'default'
2025-11-26 12:13:30 [SpringApplicationShutdownHook] INFO  com.zaxxer.hikari.HikariDataSource - HikariPool-1 - Shutdown initiated...
2025-11-26 12:13:30 [SpringApplicationShutdownHook] INFO  com.zaxxer.hikari.HikariDataSource - HikariPool-1 - Shutdown completed.
2025-11-26 12:13:53 [background-preinit] INFO  o.h.validator.internal.util.Version - HV000001: Hibernate Validator 8.0.2.Final
2025-11-26 12:13:53 [restartedMain] INFO  c.e.t.t.TechgicusEbillingApplication - Starting TechgicusEbillingApplication using Java 24.0.1 with PID 13864 (D:\Techgicus_software\techgicus_ebilling\target\classes started by payal in D:\Techgicus_software\techgicus_ebilling)
2025-11-26 12:13:53 [restartedMain] INFO  c.e.t.t.TechgicusEbillingApplication - No active profile set, falling back to 1 default profile: "default"
2025-11-26 12:13:53 [restartedMain] INFO  o.s.b.d.e.DevToolsPropertyDefaultsPostProcessor - Devtools property defaults active! Set 'spring.devtools.add-properties' to 'false' to disable
2025-11-26 12:13:53 [restartedMain] INFO  o.s.b.d.e.DevToolsPropertyDefaultsPostProcessor - For additional web related logging consider setting the 'logging.level.web' property to 'DEBUG'
2025-11-26 12:14:03 [restartedMain] INFO  o.s.d.r.c.RepositoryConfigurationDelegate - Bootstrapping Spring Data JPA repositories in DEFAULT mode.
2025-11-26 12:14:03 [restartedMain] INFO  o.s.d.r.c.RepositoryConfigurationDelegate - Finished Spring Data repository scanning in 436 ms. Found 36 JPA repository interfaces.
2025-11-26 12:14:05 [restartedMain] INFO  o.s.b.w.e.tomcat.TomcatWebServer - Tomcat initialized with port 8007 (http)
2025-11-26 12:14:05 [restartedMain] INFO  o.a.coyote.http11.Http11NioProtocol - Initializing ProtocolHandler ["http-nio-8007"]
2025-11-26 12:14:05 [restartedMain] INFO  o.a.catalina.core.StandardService - Starting service [Tomcat]
2025-11-26 12:14:05 [restartedMain] INFO  o.a.catalina.core.StandardEngine - Starting Servlet engine: [Apache Tomcat/10.1.36]
2025-11-26 12:14:06 [restartedMain] INFO  o.a.c.c.C.[Tomcat].[localhost].[/] - Initializing Spring embedded WebApplicationContext
2025-11-26 12:14:06 [restartedMain] INFO  o.s.b.w.s.c.ServletWebServerApplicationContext - Root WebApplicationContext: initialization completed in 12247 ms
2025-11-26 12:14:06 [restartedMain] INFO  com.zaxxer.hikari.HikariDataSource - HikariPool-1 - Starting...
2025-11-26 12:14:07 [restartedMain] INFO  com.zaxxer.hikari.pool.HikariPool - HikariPool-1 - Added connection com.mysql.cj.jdbc.ConnectionImpl@61525104
2025-11-26 12:14:07 [restartedMain] INFO  com.zaxxer.hikari.HikariDataSource - HikariPool-1 - Start completed.
2025-11-26 12:14:08 [restartedMain] INFO  o.h.jpa.internal.util.LogHelper - HHH000204: Processing PersistenceUnitInfo [name: default]
2025-11-26 12:14:08 [restartedMain] INFO  org.hibernate.Version - HHH000412: Hibernate ORM core version 6.6.8.Final
2025-11-26 12:14:09 [restartedMain] INFO  o.h.c.i.RegionFactoryInitiator - HHH000026: Second-level cache disabled
2025-11-26 12:14:09 [restartedMain] INFO  o.s.o.j.p.SpringPersistenceUnitInfo - No LoadTimeWeaver setup: ignoring JPA class transformer
2025-11-26 12:14:10 [restartedMain] INFO  o.hibernate.orm.connections.pooling - HHH10001005: Database info:
	Database JDBC URL [Connecting through datasource 'HikariDataSource (HikariPool-1)']
	Database driver: undefined/unknown
	Database version: 8.0.42
	Autocommit mode: undefined/unknown
	Isolation level: undefined/unknown
	Minimum pool size: undefined/unknown
	Maximum pool size: undefined/unknown
2025-11-26 12:14:14 [restartedMain] INFO  o.h.e.t.j.p.i.JtaPlatformInitiator - HHH000489: No JTA platform available (set 'hibernate.transaction.jta.platform' to enable JTA platform integration)
2025-11-26 12:14:15 [restartedMain] INFO  o.s.o.j.LocalContainerEntityManagerFactoryBean - Initialized JPA EntityManagerFactory for persistence unit 'default'
2025-11-26 12:14:16 [restartedMain] INFO  o.s.s.c.a.a.c.InitializeAuthenticationProviderBeanManagerConfigurer$InitializeAuthenticationProviderManagerConfigurer - Global AuthenticationManager configured with AuthenticationProvider bean with name daoAuthenticationProvider
2025-11-26 12:14:16 [restartedMain] WARN  o.s.s.c.a.a.c.InitializeUserDetailsBeanManagerConfigurer$InitializeUserDetailsManagerConfigurer - Global AuthenticationManager configured with an AuthenticationProvider bean. UserDetailsService beans will not be used by Spring Security for automatically configuring username/password login. Consider removing the AuthenticationProvider bean. Alternatively, consider using the UserDetailsService in a manually instantiated DaoAuthenticationProvider. If the current configuration is intentional, to turn off this warning, increase the logging level of 'org.springframework.security.config.annotation.authentication.configuration.InitializeUserDetailsBeanManagerConfigurer' to ERROR
2025-11-26 12:14:16 [restartedMain] INFO  o.s.d.j.r.query.QueryEnhancerFactory - Hibernate is in classpath; If applicable, HQL parser will be used.
2025-11-26 12:14:20 [restartedMain] WARN  o.s.b.a.o.j.JpaBaseConfiguration$JpaWebConfiguration - spring.jpa.open-in-view is enabled by default. Therefore, database queries may be performed during view rendering. Explicitly configure spring.jpa.open-in-view to disable this warning
2025-11-26 12:14:22 [restartedMain] INFO  o.s.b.d.a.OptionalLiveReloadServer - LiveReload server is running on port 35729
2025-11-26 12:14:22 [restartedMain] INFO  o.a.coyote.http11.Http11NioProtocol - Starting ProtocolHandler ["http-nio-8007"]
2025-11-26 12:14:22 [restartedMain] INFO  o.s.b.w.e.tomcat.TomcatWebServer - Tomcat started on port 8007 (http) with context path '/'
2025-11-26 12:14:22 [restartedMain] INFO  c.e.t.t.TechgicusEbillingApplication - Started TechgicusEbillingApplication in 31.67 seconds (process running for 36.185)
2025-11-26 12:14:22 [restartedMain] DEBUG org.hibernate.SQL - select r1_0.role_id,r1_0.description,r1_0.role_name,r1_0.is_system_role from roles r1_0 where r1_0.role_name=?
2025-11-26 12:14:22 [restartedMain] DEBUG org.hibernate.SQL - select r1_0.role_id,r1_0.description,r1_0.role_name,r1_0.is_system_role from roles r1_0 where r1_0.role_name=?
2025-11-26 12:14:22 [restartedMain] DEBUG org.hibernate.SQL - select r1_0.role_id,r1_0.description,r1_0.role_name,r1_0.is_system_role from roles r1_0 where r1_0.role_name=?
2025-11-26 12:14:22 [restartedMain] DEBUG org.hibernate.SQL - select f1_0.feature_id,f1_0.code,f1_0.description,f1_0.name,f1_0.premium from features f1_0 where f1_0.code=?
2025-11-26 12:14:22 [restartedMain] DEBUG org.hibernate.SQL - select f1_0.feature_id,f1_0.code,f1_0.description,f1_0.name,f1_0.premium from features f1_0 where f1_0.code=?
2025-11-26 12:14:22 [restartedMain] DEBUG org.hibernate.SQL - select f1_0.feature_id,f1_0.code,f1_0.description,f1_0.name,f1_0.premium from features f1_0 where f1_0.code=?
2025-11-26 12:14:22 [restartedMain] DEBUG org.hibernate.SQL - select f1_0.feature_id,f1_0.code,f1_0.description,f1_0.name,f1_0.premium from features f1_0 where f1_0.code=?
2025-11-26 12:14:22 [restartedMain] DEBUG org.hibernate.SQL - select sp1_0.subscription_plan_id,sp1_0.description,sp1_0.duration_days,sp1_0.is_active,sp1_0.name,sp1_0.price from subscription_plans sp1_0 where sp1_0.name=?
2025-11-26 12:14:22 [restartedMain] DEBUG org.hibernate.SQL - select sp1_0.subscription_plan_id,sp1_0.description,sp1_0.duration_days,sp1_0.is_active,sp1_0.name,sp1_0.price from subscription_plans sp1_0 where sp1_0.name=?
2025-11-26 12:14:22 [restartedMain] DEBUG org.hibernate.SQL - select sp1_0.subscription_plan_id,sp1_0.description,sp1_0.duration_days,sp1_0.is_active,sp1_0.name,sp1_0.price from subscription_plans sp1_0 where sp1_0.name=?
2025-11-26 12:14:22 [restartedMain] DEBUG org.hibernate.SQL - select f1_0.feature_id,f1_0.code,f1_0.description,f1_0.name,f1_0.premium from features f1_0 where f1_0.code=?
2025-11-26 12:14:22 [restartedMain] DEBUG org.hibernate.SQL - select f1_0.feature_id,f1_0.code,f1_0.description,f1_0.name,f1_0.premium from features f1_0 where f1_0.code=?
2025-11-26 12:14:22 [restartedMain] DEBUG org.hibernate.SQL - select f1_0.feature_id,f1_0.code,f1_0.description,f1_0.name,f1_0.premium from features f1_0 where f1_0.code=?
2025-11-26 12:14:22 [restartedMain] DEBUG org.hibernate.SQL - select f1_0.feature_id,f1_0.code,f1_0.description,f1_0.name,f1_0.premium from features f1_0 where f1_0.code=?
2025-11-26 12:14:22 [restartedMain] DEBUG org.hibernate.SQL - select sp1_0.subscription_plan_id,sp1_0.description,sp1_0.duration_days,sp1_0.is_active,sp1_0.name,sp1_0.price from subscription_plans sp1_0 where sp1_0.name=?
2025-11-26 12:14:22 [restartedMain] DEBUG org.hibernate.SQL - select sp1_0.subscription_plan_id,sp1_0.description,sp1_0.duration_days,sp1_0.is_active,sp1_0.name,sp1_0.price from subscription_plans sp1_0 where sp1_0.name=?
2025-11-26 12:14:22 [restartedMain] DEBUG org.hibernate.SQL - select sp1_0.subscription_plan_id,sp1_0.description,sp1_0.duration_days,sp1_0.is_active,sp1_0.name,sp1_0.price from subscription_plans sp1_0 where sp1_0.name=?
2025-11-26 12:14:22 [restartedMain] DEBUG org.hibernate.SQL - select pfl1_0.plan_feature_limit_id,pfl1_0.boolean_limit,pfl1_0.feature_id,pfl1_0.limit_type,pfl1_0.plan_id,pfl1_0.usage_limit from plan_feature_limits pfl1_0 where pfl1_0.plan_id=? and pfl1_0.feature_id=?
2025-11-26 12:14:22 [restartedMain] DEBUG org.hibernate.SQL - select pfl1_0.plan_feature_limit_id,pfl1_0.boolean_limit,pfl1_0.feature_id,pfl1_0.limit_type,pfl1_0.plan_id,pfl1_0.usage_limit from plan_feature_limits pfl1_0 where pfl1_0.plan_id=? and pfl1_0.feature_id=?
2025-11-26 12:14:22 [restartedMain] DEBUG org.hibernate.SQL - select pfl1_0.plan_feature_limit_id,pfl1_0.boolean_limit,pfl1_0.feature_id,pfl1_0.limit_type,pfl1_0.plan_id,pfl1_0.usage_limit from plan_feature_limits pfl1_0 where pfl1_0.plan_id=? and pfl1_0.feature_id=?
2025-11-26 12:14:22 [restartedMain] DEBUG org.hibernate.SQL - select pfl1_0.plan_feature_limit_id,pfl1_0.boolean_limit,pfl1_0.feature_id,pfl1_0.limit_type,pfl1_0.plan_id,pfl1_0.usage_limit from plan_feature_limits pfl1_0 where pfl1_0.plan_id=? and pfl1_0.feature_id=?
2025-11-26 12:14:22 [restartedMain] DEBUG org.hibernate.SQL - select pfl1_0.plan_feature_limit_id,pfl1_0.boolean_limit,pfl1_0.feature_id,pfl1_0.limit_type,pfl1_0.plan_id,pfl1_0.usage_limit from plan_feature_limits pfl1_0 where pfl1_0.plan_id=? and pfl1_0.feature_id=?
2025-11-26 12:14:22 [restartedMain] DEBUG org.hibernate.SQL - select pfl1_0.plan_feature_limit_id,pfl1_0.boolean_limit,pfl1_0.feature_id,pfl1_0.limit_type,pfl1_0.plan_id,pfl1_0.usage_limit from plan_feature_limits pfl1_0 where pfl1_0.plan_id=? and pfl1_0.feature_id=?
2025-11-26 12:14:22 [restartedMain] DEBUG org.hibernate.SQL - select pfl1_0.plan_feature_limit_id,pfl1_0.boolean_limit,pfl1_0.feature_id,pfl1_0.limit_type,pfl1_0.plan_id,pfl1_0.usage_limit from plan_feature_limits pfl1_0 where pfl1_0.plan_id=? and pfl1_0.feature_id=?
2025-11-26 12:14:22 [restartedMain] DEBUG org.hibernate.SQL - select pfl1_0.plan_feature_limit_id,pfl1_0.boolean_limit,pfl1_0.feature_id,pfl1_0.limit_type,pfl1_0.plan_id,pfl1_0.usage_limit from plan_feature_limits pfl1_0 where pfl1_0.plan_id=? and pfl1_0.feature_id=?
2025-11-26 12:14:22 [restartedMain] DEBUG org.hibernate.SQL - select pfl1_0.plan_feature_limit_id,pfl1_0.boolean_limit,pfl1_0.feature_id,pfl1_0.limit_type,pfl1_0.plan_id,pfl1_0.usage_limit from plan_feature_limits pfl1_0 where pfl1_0.plan_id=? and pfl1_0.feature_id=?
2025-11-26 12:14:22 [restartedMain] DEBUG org.hibernate.SQL - select pfl1_0.plan_feature_limit_id,pfl1_0.boolean_limit,pfl1_0.feature_id,pfl1_0.limit_type,pfl1_0.plan_id,pfl1_0.usage_limit from plan_feature_limits pfl1_0 where pfl1_0.plan_id=? and pfl1_0.feature_id=?
2025-11-26 12:14:22 [restartedMain] DEBUG org.hibernate.SQL - select pfl1_0.plan_feature_limit_id,pfl1_0.boolean_limit,pfl1_0.feature_id,pfl1_0.limit_type,pfl1_0.plan_id,pfl1_0.usage_limit from plan_feature_limits pfl1_0 where pfl1_0.plan_id=? and pfl1_0.feature_id=?
2025-11-26 12:14:22 [restartedMain] DEBUG org.hibernate.SQL - select pfl1_0.plan_feature_limit_id,pfl1_0.boolean_limit,pfl1_0.feature_id,pfl1_0.limit_type,pfl1_0.plan_id,pfl1_0.usage_limit from plan_feature_limits pfl1_0 where pfl1_0.plan_id=? and pfl1_0.feature_id=?
2025-11-26 12:14:23 [restartedMain] DEBUG org.hibernate.SQL - select r1_0.role_id,r1_0.description,r1_0.role_name,r1_0.is_system_role from roles r1_0 where r1_0.role_name=?
2025-11-26 12:14:23 [restartedMain] DEBUG org.hibernate.SQL - select u1_0.user_id,u1_0.created_at,u1_0.email,u1_0.password,u1_0.update_at,u1_0.user_name from users u1_0 where u1_0.email=?
2025-11-26 12:14:23 [restartedMain] DEBUG org.hibernate.SQL - select r1_0.user_id,r1_1.role_id,r1_1.description,r1_1.role_name,r1_1.is_system_role from user_roles r1_0 join roles r1_1 on r1_1.role_id=r1_0.role_id where r1_0.user_id=?
2025-11-26 14:02:50 [SpringApplicationShutdownHook] INFO  o.s.b.w.e.tomcat.GracefulShutdown - Commencing graceful shutdown. Waiting for active requests to complete
2025-11-26 14:02:50 [tomcat-shutdown] INFO  o.s.b.w.e.tomcat.GracefulShutdown - Graceful shutdown complete
2025-11-26 14:02:50 [SpringApplicationShutdownHook] INFO  o.s.o.j.LocalContainerEntityManagerFactoryBean - Closing JPA EntityManagerFactory for persistence unit 'default'
2025-11-26 14:02:50 [SpringApplicationShutdownHook] INFO  com.zaxxer.hikari.HikariDataSource - HikariPool-1 - Shutdown initiated...
2025-11-26 14:02:50 [SpringApplicationShutdownHook] INFO  com.zaxxer.hikari.HikariDataSource - HikariPool-1 - Shutdown completed.
2025-11-26 14:03:00 [background-preinit] INFO  o.h.validator.internal.util.Version - HV000001: Hibernate Validator 8.0.2.Final
2025-11-26 14:03:00 [restartedMain] INFO  c.e.t.t.TechgicusEbillingApplication - Starting TechgicusEbillingApplication using Java 24.0.1 with PID 17948 (D:\Techgicus_software\techgicus_ebilling\target\classes started by payal in D:\Techgicus_software\techgicus_ebilling)
2025-11-26 14:03:00 [restartedMain] INFO  c.e.t.t.TechgicusEbillingApplication - No active profile set, falling back to 1 default profile: "default"
2025-11-26 14:03:00 [restartedMain] INFO  o.s.b.d.e.DevToolsPropertyDefaultsPostProcessor - Devtools property defaults active! Set 'spring.devtools.add-properties' to 'false' to disable
2025-11-26 14:03:00 [restartedMain] INFO  o.s.b.d.e.DevToolsPropertyDefaultsPostProcessor - For additional web related logging consider setting the 'logging.level.web' property to 'DEBUG'
2025-11-26 14:03:02 [restartedMain] INFO  o.s.d.r.c.RepositoryConfigurationDelegate - Bootstrapping Spring Data JPA repositories in DEFAULT mode.
2025-11-26 14:03:03 [restartedMain] INFO  o.s.d.r.c.RepositoryConfigurationDelegate - Finished Spring Data repository scanning in 252 ms. Found 36 JPA repository interfaces.
2025-11-26 14:03:05 [restartedMain] INFO  o.s.b.w.e.tomcat.TomcatWebServer - Tomcat initialized with port 8007 (http)
2025-11-26 14:03:05 [restartedMain] INFO  o.a.coyote.http11.Http11NioProtocol - Initializing ProtocolHandler ["http-nio-8007"]
2025-11-26 14:03:05 [restartedMain] INFO  o.a.catalina.core.StandardService - Starting service [Tomcat]
2025-11-26 14:03:05 [restartedMain] INFO  o.a.catalina.core.StandardEngine - Starting Servlet engine: [Apache Tomcat/10.1.36]
2025-11-26 14:03:05 [restartedMain] INFO  o.a.c.c.C.[Tomcat].[localhost].[/] - Initializing Spring embedded WebApplicationContext
2025-11-26 14:03:05 [restartedMain] INFO  o.s.b.w.s.c.ServletWebServerApplicationContext - Root WebApplicationContext: initialization completed in 4416 ms
2025-11-26 14:03:05 [restartedMain] INFO  com.zaxxer.hikari.HikariDataSource - HikariPool-1 - Starting...
2025-11-26 14:03:06 [restartedMain] INFO  com.zaxxer.hikari.pool.HikariPool - HikariPool-1 - Added connection com.mysql.cj.jdbc.ConnectionImpl@8572aa6
2025-11-26 14:03:06 [restartedMain] INFO  com.zaxxer.hikari.HikariDataSource - HikariPool-1 - Start completed.
2025-11-26 14:03:06 [restartedMain] INFO  o.h.jpa.internal.util.LogHelper - HHH000204: Processing PersistenceUnitInfo [name: default]
2025-11-26 14:03:06 [restartedMain] INFO  org.hibernate.Version - HHH000412: Hibernate ORM core version 6.6.8.Final
2025-11-26 14:03:06 [restartedMain] INFO  o.h.c.i.RegionFactoryInitiator - HHH000026: Second-level cache disabled
2025-11-26 14:03:07 [restartedMain] INFO  o.s.o.j.p.SpringPersistenceUnitInfo - No LoadTimeWeaver setup: ignoring JPA class transformer
2025-11-26 14:03:08 [restartedMain] INFO  o.hibernate.orm.connections.pooling - HHH10001005: Database info:
	Database JDBC URL [Connecting through datasource 'HikariDataSource (HikariPool-1)']
	Database driver: undefined/unknown
	Database version: 8.0.42
	Autocommit mode: undefined/unknown
	Isolation level: undefined/unknown
	Minimum pool size: undefined/unknown
	Maximum pool size: undefined/unknown
2025-11-26 14:03:10 [restartedMain] INFO  o.h.e.t.j.p.i.JtaPlatformInitiator - HHH000489: No JTA platform available (set 'hibernate.transaction.jta.platform' to enable JTA platform integration)
2025-11-26 14:03:11 [restartedMain] INFO  o.s.o.j.LocalContainerEntityManagerFactoryBean - Initialized JPA EntityManagerFactory for persistence unit 'default'
2025-11-26 14:03:12 [restartedMain] INFO  o.s.s.c.a.a.c.InitializeAuthenticationProviderBeanManagerConfigurer$InitializeAuthenticationProviderManagerConfigurer - Global AuthenticationManager configured with AuthenticationProvider bean with name daoAuthenticationProvider
2025-11-26 14:03:12 [restartedMain] WARN  o.s.s.c.a.a.c.InitializeUserDetailsBeanManagerConfigurer$InitializeUserDetailsManagerConfigurer - Global AuthenticationManager configured with an AuthenticationProvider bean. UserDetailsService beans will not be used by Spring Security for automatically configuring username/password login. Consider removing the AuthenticationProvider bean. Alternatively, consider using the UserDetailsService in a manually instantiated DaoAuthenticationProvider. If the current configuration is intentional, to turn off this warning, increase the logging level of 'org.springframework.security.config.annotation.authentication.configuration.InitializeUserDetailsBeanManagerConfigurer' to ERROR
2025-11-26 14:03:12 [restartedMain] INFO  o.s.d.j.r.query.QueryEnhancerFactory - Hibernate is in classpath; If applicable, HQL parser will be used.
2025-11-26 14:03:15 [restartedMain] WARN  o.s.b.a.o.j.JpaBaseConfiguration$JpaWebConfiguration - spring.jpa.open-in-view is enabled by default. Therefore, database queries may be performed during view rendering. Explicitly configure spring.jpa.open-in-view to disable this warning
2025-11-26 14:03:16 [restartedMain] INFO  o.s.b.d.a.OptionalLiveReloadServer - LiveReload server is running on port 35729
2025-11-26 14:03:16 [restartedMain] INFO  o.a.coyote.http11.Http11NioProtocol - Starting ProtocolHandler ["http-nio-8007"]
2025-11-26 14:03:16 [restartedMain] INFO  o.s.b.w.e.tomcat.TomcatWebServer - Tomcat started on port 8007 (http) with context path '/'
2025-11-26 14:03:16 [restartedMain] INFO  c.e.t.t.TechgicusEbillingApplication - Started TechgicusEbillingApplication in 17.107 seconds (process running for 19.073)
2025-11-26 14:03:16 [restartedMain] DEBUG org.hibernate.SQL - select r1_0.role_id,r1_0.description,r1_0.role_name,r1_0.is_system_role from roles r1_0 where r1_0.role_name=?
2025-11-26 14:03:16 [restartedMain] DEBUG org.hibernate.SQL - select r1_0.role_id,r1_0.description,r1_0.role_name,r1_0.is_system_role from roles r1_0 where r1_0.role_name=?
2025-11-26 14:03:16 [restartedMain] DEBUG org.hibernate.SQL - select r1_0.role_id,r1_0.description,r1_0.role_name,r1_0.is_system_role from roles r1_0 where r1_0.role_name=?
2025-11-26 14:03:16 [restartedMain] DEBUG org.hibernate.SQL - select f1_0.feature_id,f1_0.code,f1_0.description,f1_0.name,f1_0.premium from features f1_0 where f1_0.code=?
2025-11-26 14:03:16 [restartedMain] DEBUG org.hibernate.SQL - select f1_0.feature_id,f1_0.code,f1_0.description,f1_0.name,f1_0.premium from features f1_0 where f1_0.code=?
2025-11-26 14:03:16 [restartedMain] DEBUG org.hibernate.SQL - select f1_0.feature_id,f1_0.code,f1_0.description,f1_0.name,f1_0.premium from features f1_0 where f1_0.code=?
2025-11-26 14:03:16 [restartedMain] DEBUG org.hibernate.SQL - select f1_0.feature_id,f1_0.code,f1_0.description,f1_0.name,f1_0.premium from features f1_0 where f1_0.code=?
2025-11-26 14:03:16 [restartedMain] DEBUG org.hibernate.SQL - select sp1_0.subscription_plan_id,sp1_0.description,sp1_0.duration_days,sp1_0.is_active,sp1_0.name,sp1_0.price from subscription_plans sp1_0 where sp1_0.name=?
2025-11-26 14:03:16 [restartedMain] DEBUG org.hibernate.SQL - select sp1_0.subscription_plan_id,sp1_0.description,sp1_0.duration_days,sp1_0.is_active,sp1_0.name,sp1_0.price from subscription_plans sp1_0 where sp1_0.name=?
2025-11-26 14:03:16 [restartedMain] DEBUG org.hibernate.SQL - select sp1_0.subscription_plan_id,sp1_0.description,sp1_0.duration_days,sp1_0.is_active,sp1_0.name,sp1_0.price from subscription_plans sp1_0 where sp1_0.name=?
2025-11-26 14:03:16 [restartedMain] DEBUG org.hibernate.SQL - select f1_0.feature_id,f1_0.code,f1_0.description,f1_0.name,f1_0.premium from features f1_0 where f1_0.code=?
2025-11-26 14:03:16 [restartedMain] DEBUG org.hibernate.SQL - select f1_0.feature_id,f1_0.code,f1_0.description,f1_0.name,f1_0.premium from features f1_0 where f1_0.code=?
2025-11-26 14:03:16 [restartedMain] DEBUG org.hibernate.SQL - select f1_0.feature_id,f1_0.code,f1_0.description,f1_0.name,f1_0.premium from features f1_0 where f1_0.code=?
2025-11-26 14:03:16 [restartedMain] DEBUG org.hibernate.SQL - select f1_0.feature_id,f1_0.code,f1_0.description,f1_0.name,f1_0.premium from features f1_0 where f1_0.code=?
2025-11-26 14:03:16 [restartedMain] DEBUG org.hibernate.SQL - select sp1_0.subscription_plan_id,sp1_0.description,sp1_0.duration_days,sp1_0.is_active,sp1_0.name,sp1_0.price from subscription_plans sp1_0 where sp1_0.name=?
2025-11-26 14:03:16 [restartedMain] DEBUG org.hibernate.SQL - select sp1_0.subscription_plan_id,sp1_0.description,sp1_0.duration_days,sp1_0.is_active,sp1_0.name,sp1_0.price from subscription_plans sp1_0 where sp1_0.name=?
2025-11-26 14:03:16 [restartedMain] DEBUG org.hibernate.SQL - select sp1_0.subscription_plan_id,sp1_0.description,sp1_0.duration_days,sp1_0.is_active,sp1_0.name,sp1_0.price from subscription_plans sp1_0 where sp1_0.name=?
2025-11-26 14:03:16 [restartedMain] DEBUG org.hibernate.SQL - select pfl1_0.plan_feature_limit_id,pfl1_0.boolean_limit,pfl1_0.feature_id,pfl1_0.limit_type,pfl1_0.plan_id,pfl1_0.usage_limit from plan_feature_limits pfl1_0 where pfl1_0.plan_id=? and pfl1_0.feature_id=?
2025-11-26 14:03:16 [restartedMain] DEBUG org.hibernate.SQL - select pfl1_0.plan_feature_limit_id,pfl1_0.boolean_limit,pfl1_0.feature_id,pfl1_0.limit_type,pfl1_0.plan_id,pfl1_0.usage_limit from plan_feature_limits pfl1_0 where pfl1_0.plan_id=? and pfl1_0.feature_id=?
2025-11-26 14:03:16 [restartedMain] DEBUG org.hibernate.SQL - select pfl1_0.plan_feature_limit_id,pfl1_0.boolean_limit,pfl1_0.feature_id,pfl1_0.limit_type,pfl1_0.plan_id,pfl1_0.usage_limit from plan_feature_limits pfl1_0 where pfl1_0.plan_id=? and pfl1_0.feature_id=?
2025-11-26 14:03:16 [restartedMain] DEBUG org.hibernate.SQL - select pfl1_0.plan_feature_limit_id,pfl1_0.boolean_limit,pfl1_0.feature_id,pfl1_0.limit_type,pfl1_0.plan_id,pfl1_0.usage_limit from plan_feature_limits pfl1_0 where pfl1_0.plan_id=? and pfl1_0.feature_id=?
2025-11-26 14:03:16 [restartedMain] DEBUG org.hibernate.SQL - select pfl1_0.plan_feature_limit_id,pfl1_0.boolean_limit,pfl1_0.feature_id,pfl1_0.limit_type,pfl1_0.plan_id,pfl1_0.usage_limit from plan_feature_limits pfl1_0 where pfl1_0.plan_id=? and pfl1_0.feature_id=?
2025-11-26 14:03:16 [restartedMain] DEBUG org.hibernate.SQL - select pfl1_0.plan_feature_limit_id,pfl1_0.boolean_limit,pfl1_0.feature_id,pfl1_0.limit_type,pfl1_0.plan_id,pfl1_0.usage_limit from plan_feature_limits pfl1_0 where pfl1_0.plan_id=? and pfl1_0.feature_id=?
2025-11-26 14:03:16 [restartedMain] DEBUG org.hibernate.SQL - select pfl1_0.plan_feature_limit_id,pfl1_0.boolean_limit,pfl1_0.feature_id,pfl1_0.limit_type,pfl1_0.plan_id,pfl1_0.usage_limit from plan_feature_limits pfl1_0 where pfl1_0.plan_id=? and pfl1_0.feature_id=?
2025-11-26 14:03:16 [restartedMain] DEBUG org.hibernate.SQL - select pfl1_0.plan_feature_limit_id,pfl1_0.boolean_limit,pfl1_0.feature_id,pfl1_0.limit_type,pfl1_0.plan_id,pfl1_0.usage_limit from plan_feature_limits pfl1_0 where pfl1_0.plan_id=? and pfl1_0.feature_id=?
2025-11-26 14:03:16 [restartedMain] DEBUG org.hibernate.SQL - select pfl1_0.plan_feature_limit_id,pfl1_0.boolean_limit,pfl1_0.feature_id,pfl1_0.limit_type,pfl1_0.plan_id,pfl1_0.usage_limit from plan_feature_limits pfl1_0 where pfl1_0.plan_id=? and pfl1_0.feature_id=?
2025-11-26 14:03:16 [restartedMain] DEBUG org.hibernate.SQL - select pfl1_0.plan_feature_limit_id,pfl1_0.boolean_limit,pfl1_0.feature_id,pfl1_0.limit_type,pfl1_0.plan_id,pfl1_0.usage_limit from plan_feature_limits pfl1_0 where pfl1_0.plan_id=? and pfl1_0.feature_id=?
2025-11-26 14:03:16 [restartedMain] DEBUG org.hibernate.SQL - select pfl1_0.plan_feature_limit_id,pfl1_0.boolean_limit,pfl1_0.feature_id,pfl1_0.limit_type,pfl1_0.plan_id,pfl1_0.usage_limit from plan_feature_limits pfl1_0 where pfl1_0.plan_id=? and pfl1_0.feature_id=?
2025-11-26 14:03:16 [restartedMain] DEBUG org.hibernate.SQL - select pfl1_0.plan_feature_limit_id,pfl1_0.boolean_limit,pfl1_0.feature_id,pfl1_0.limit_type,pfl1_0.plan_id,pfl1_0.usage_limit from plan_feature_limits pfl1_0 where pfl1_0.plan_id=? and pfl1_0.feature_id=?
2025-11-26 14:03:16 [restartedMain] DEBUG org.hibernate.SQL - select r1_0.role_id,r1_0.description,r1_0.role_name,r1_0.is_system_role from roles r1_0 where r1_0.role_name=?
2025-11-26 14:03:16 [restartedMain] DEBUG org.hibernate.SQL - select u1_0.user_id,u1_0.created_at,u1_0.email,u1_0.password,u1_0.update_at,u1_0.user_name from users u1_0 where u1_0.email=?
2025-11-26 14:03:16 [restartedMain] DEBUG org.hibernate.SQL - select r1_0.user_id,r1_1.role_id,r1_1.description,r1_1.role_name,r1_1.is_system_role from user_roles r1_0 join roles r1_1 on r1_1.role_id=r1_0.role_id where r1_0.user_id=?
2025-11-26 14:23:05 [HikariPool-1 housekeeper] WARN  com.zaxxer.hikari.pool.HikariPool - HikariPool-1 - Thread starvation or clock leap detected (housekeeper delta=9m27s924ms353µs).
2025-11-26 14:28:20 [http-nio-8007-exec-2] INFO  o.a.c.c.C.[Tomcat].[localhost].[/] - Initializing Spring DispatcherServlet 'dispatcherServlet'
2025-11-26 14:28:20 [http-nio-8007-exec-2] INFO  o.s.web.servlet.DispatcherServlet - Initializing Servlet 'dispatcherServlet'
2025-11-26 14:28:20 [http-nio-8007-exec-2] INFO  o.s.web.servlet.DispatcherServlet - Completed initialization in 51 ms
2025-11-26 14:28:21 [http-nio-8007-exec-2] DEBUG org.hibernate.SQL - select u1_0.user_id,u1_0.created_at,u1_0.email,u1_0.password,u1_0.update_at,u1_0.user_name from users u1_0 where u1_0.email=?
2025-11-26 14:28:21 [http-nio-8007-exec-2] DEBUG org.hibernate.SQL - select r1_0.user_id,r1_1.role_id,r1_1.description,r1_1.role_name,r1_1.is_system_role from user_roles r1_0 join roles r1_1 on r1_1.role_id=r1_0.role_id where r1_0.user_id=?
2025-11-26 14:39:59 [http-nio-8007-exec-2] INFO  o.s.api.AbstractOpenApiResource - Init duration for springdoc-openapi is: 8290 ms
2025-11-26 15:33:42 [HikariPool-1 housekeeper] WARN  com.zaxxer.hikari.pool.HikariPool - HikariPool-1 - Thread starvation or clock leap detected (housekeeper delta=4m915ms788µs300ns).
2025-11-26 15:37:30 [HikariPool-1 housekeeper] WARN  com.zaxxer.hikari.pool.HikariPool - HikariPool-1 - Thread starvation or clock leap detected (housekeeper delta=47s444ms905µs300ns).
2025-11-26 16:08:22 [http-nio-8007-exec-9] DEBUG org.hibernate.SQL - select u1_0.user_id,u1_0.created_at,u1_0.email,u1_0.password,u1_0.update_at,u1_0.user_name from users u1_0 where u1_0.email=?
2025-11-26 16:08:22 [http-nio-8007-exec-9] DEBUG org.hibernate.SQL - select r1_0.user_id,r1_1.role_id,r1_1.description,r1_1.role_name,r1_1.is_system_role from user_roles r1_0 join roles r1_1 on r1_1.role_id=r1_0.role_id where r1_0.user_id=?
2025-11-26 16:52:47 [http-nio-8007-exec-5] DEBUG org.hibernate.SQL - select u1_0.user_id,u1_0.created_at,u1_0.email,u1_0.password,u1_0.update_at,u1_0.user_name from users u1_0 where u1_0.email=?
2025-11-26 16:52:47 [http-nio-8007-exec-5] DEBUG org.hibernate.SQL - select r1_0.user_id,r1_1.role_id,r1_1.description,r1_1.role_name,r1_1.is_system_role from user_roles r1_0 join roles r1_1 on r1_1.role_id=r1_0.role_id where r1_0.user_id=?
2025-11-26 16:52:47 [http-nio-8007-exec-5] DEBUG org.hibernate.SQL - select c1_0.company_id,c1_0.address,c1_0.business_description,c1_0.bussiness_category,c1_0.bussiness_name,c1_0.bussiness_type,c1_0.company_owner_id,co1_0.user_id,co1_0.created_at,co1_0.email,co1_0.password,r1_0.user_id,r1_1.role_id,r1_1.description,r1_1.role_name,r1_1.is_system_role,co1_0.update_at,co1_0.user_name,c1_0.created_at,c1_0.email_id,c1_0.gstin,c1_0.logo_url,c1_0.phone_no,c1_0.signature_url,c1_0.state,c1_0.update_at from company c1_0 join users co1_0 on co1_0.user_id=c1_0.company_owner_id left join user_roles r1_0 on co1_0.user_id=r1_0.user_id left join roles r1_1 on r1_1.role_id=r1_0.role_id where c1_0.company_id=?
2025-11-26 16:52:47 [http-nio-8007-exec-5] DEBUG org.hibernate.SQL - SELECT * From category where category_id IN(?)
2025-11-26 16:52:47 [http-nio-8007-exec-5] DEBUG org.hibernate.SQL - select i1_0.item_id,i1_0.available_stock,i1_0.base_unit,i1_0.base_unit_to_secondary_unit,i1_0.company_id,i1_0.created_at,i1_0.description,i1_0.item_code,i1_0.item_hsn,i1_0.item_name,i1_0.item_type,i1_0.minimum_stock_to_maintain,i1_0.opening_stock_location,i1_0.purchase_price,i1_0.purchase_tax_type,i1_0.reserved_stock,i1_0.sale_discount_price,i1_0.sale_discount_type,i1_0.sale_price,i1_0.sale_tax_type,i1_0.secondary_unit,i1_0.stock_opening_date,i1_0.stock_opening_qty,i1_0.stock_price_per_qty,i1_0.stock_value,i1_0.tax_rate,i1_0.total_stock_in,i1_0.updated_at from item i1_0 where i1_0.item_name=? and i1_0.company_id=?
2025-11-26 16:52:48 [http-nio-8007-exec-5] DEBUG org.hibernate.SQL - insert into item (available_stock,base_unit,base_unit_to_secondary_unit,company_id,created_at,description,item_code,item_hsn,item_name,item_type,minimum_stock_to_maintain,opening_stock_location,purchase_price,purchase_tax_type,reserved_stock,sale_discount_price,sale_discount_type,sale_price,sale_tax_type,secondary_unit,stock_opening_date,stock_opening_qty,stock_price_per_qty,stock_value,tax_rate,total_stock_in,updated_at) values (?,?,?,?,?,?,?,?,?,?,?,?,?,?,?,?,?,?,?,?,?,?,?,?,?,?,?)
2025-11-26 16:52:48 [http-nio-8007-exec-5] DEBUG org.hibernate.SQL - insert into stock_transaction (item_id,quantity,reference_number,total_amount,transaction_date,transaction_type) values (?,?,?,?,?,?)
2025-11-26 16:52:48 [http-nio-8007-exec-5] DEBUG org.hibernate.SQL - insert into item_category (item_id,category_id) values (?,?)
2025-11-26 16:55:24 [http-nio-8007-exec-2] DEBUG org.hibernate.SQL - select u1_0.user_id,u1_0.created_at,u1_0.email,u1_0.password,u1_0.update_at,u1_0.user_name from users u1_0 where u1_0.email=?
2025-11-26 16:55:24 [http-nio-8007-exec-2] DEBUG org.hibernate.SQL - select r1_0.user_id,r1_1.role_id,r1_1.description,r1_1.role_name,r1_1.is_system_role from user_roles r1_0 join roles r1_1 on r1_1.role_id=r1_0.role_id where r1_0.user_id=?
2025-11-26 16:55:24 [http-nio-8007-exec-2] DEBUG org.hibernate.SQL - select i1_0.item_id,i1_0.available_stock,i1_0.base_unit,i1_0.base_unit_to_secondary_unit,c1_0.company_id,c1_0.address,c1_0.business_description,c1_0.bussiness_category,c1_0.bussiness_name,c1_0.bussiness_type,c1_0.company_owner_id,co1_0.user_id,co1_0.created_at,co1_0.email,co1_0.password,co1_0.update_at,co1_0.user_name,c1_0.created_at,c1_0.email_id,c1_0.gstin,c1_0.logo_url,c1_0.phone_no,c1_0.signature_url,c1_0.state,c1_0.update_at,i1_0.created_at,i1_0.description,i1_0.item_code,i1_0.item_hsn,i1_0.item_name,i1_0.item_type,i1_0.minimum_stock_to_maintain,i1_0.opening_stock_location,i1_0.purchase_price,i1_0.purchase_tax_type,i1_0.reserved_stock,i1_0.sale_discount_price,i1_0.sale_discount_type,i1_0.sale_price,i1_0.sale_tax_type,i1_0.secondary_unit,i1_0.stock_opening_date,i1_0.stock_opening_qty,i1_0.stock_price_per_qty,i1_0.stock_value,i1_0.tax_rate,i1_0.total_stock_in,i1_0.updated_at from item i1_0 left join company c1_0 on c1_0.company_id=i1_0.company_id left join users co1_0 on co1_0.user_id=c1_0.company_owner_id where i1_0.item_id=?
2025-11-26 16:55:24 [http-nio-8007-exec-2] DEBUG org.hibernate.SQL - select r1_0.user_id,r1_1.role_id,r1_1.description,r1_1.role_name,r1_1.is_system_role from user_roles r1_0 join roles r1_1 on r1_1.role_id=r1_0.role_id where r1_0.user_id=?
2025-11-26 16:55:24 [http-nio-8007-exec-2] DEBUG org.hibernate.SQL - insert into stock_transaction (item_id,quantity,reference_number,total_amount,transaction_date,transaction_type) values (?,?,?,?,?,?)
2025-11-26 16:55:24 [http-nio-8007-exec-2] DEBUG org.hibernate.SQL - update item set available_stock=?,base_unit=?,base_unit_to_secondary_unit=?,company_id=?,created_at=?,description=?,item_code=?,item_hsn=?,item_name=?,item_type=?,minimum_stock_to_maintain=?,opening_stock_location=?,purchase_price=?,purchase_tax_type=?,reserved_stock=?,sale_discount_price=?,sale_discount_type=?,sale_price=?,sale_tax_type=?,secondary_unit=?,stock_opening_date=?,stock_opening_qty=?,stock_price_per_qty=?,stock_value=?,tax_rate=?,total_stock_in=?,updated_at=? where item_id=?
2025-11-26 16:56:05 [http-nio-8007-exec-8] DEBUG org.hibernate.SQL - select u1_0.user_id,u1_0.created_at,u1_0.email,u1_0.password,u1_0.update_at,u1_0.user_name from users u1_0 where u1_0.email=?
2025-11-26 16:56:05 [http-nio-8007-exec-8] DEBUG org.hibernate.SQL - select r1_0.user_id,r1_1.role_id,r1_1.description,r1_1.role_name,r1_1.is_system_role from user_roles r1_0 join roles r1_1 on r1_1.role_id=r1_0.role_id where r1_0.user_id=?
2025-11-26 16:56:05 [http-nio-8007-exec-8] DEBUG org.hibernate.SQL - select i1_0.item_id,i1_0.available_stock,i1_0.base_unit,i1_0.base_unit_to_secondary_unit,c1_0.company_id,c1_0.address,c1_0.business_description,c1_0.bussiness_category,c1_0.bussiness_name,c1_0.bussiness_type,c1_0.company_owner_id,co1_0.user_id,co1_0.created_at,co1_0.email,co1_0.password,co1_0.update_at,co1_0.user_name,c1_0.created_at,c1_0.email_id,c1_0.gstin,c1_0.logo_url,c1_0.phone_no,c1_0.signature_url,c1_0.state,c1_0.update_at,i1_0.created_at,i1_0.description,i1_0.item_code,i1_0.item_hsn,i1_0.item_name,i1_0.item_type,i1_0.minimum_stock_to_maintain,i1_0.opening_stock_location,i1_0.purchase_price,i1_0.purchase_tax_type,i1_0.reserved_stock,i1_0.sale_discount_price,i1_0.sale_discount_type,i1_0.sale_price,i1_0.sale_tax_type,i1_0.secondary_unit,i1_0.stock_opening_date,i1_0.stock_opening_qty,i1_0.stock_price_per_qty,i1_0.stock_value,i1_0.tax_rate,i1_0.total_stock_in,i1_0.updated_at from item i1_0 left join company c1_0 on c1_0.company_id=i1_0.company_id left join users co1_0 on co1_0.user_id=c1_0.company_owner_id where i1_0.item_id=?
2025-11-26 16:56:05 [http-nio-8007-exec-8] DEBUG org.hibernate.SQL - select r1_0.user_id,r1_1.role_id,r1_1.description,r1_1.role_name,r1_1.is_system_role from user_roles r1_0 join roles r1_1 on r1_1.role_id=r1_0.role_id where r1_0.user_id=?
2025-11-26 16:56:05 [http-nio-8007-exec-8] DEBUG org.hibernate.SQL - insert into stock_transaction (item_id,quantity,reference_number,total_amount,transaction_date,transaction_type) values (?,?,?,?,?,?)
2025-11-26 16:56:05 [http-nio-8007-exec-8] DEBUG org.hibernate.SQL - update item set available_stock=?,base_unit=?,base_unit_to_secondary_unit=?,company_id=?,created_at=?,description=?,item_code=?,item_hsn=?,item_name=?,item_type=?,minimum_stock_to_maintain=?,opening_stock_location=?,purchase_price=?,purchase_tax_type=?,reserved_stock=?,sale_discount_price=?,sale_discount_type=?,sale_price=?,sale_tax_type=?,secondary_unit=?,stock_opening_date=?,stock_opening_qty=?,stock_price_per_qty=?,stock_value=?,tax_rate=?,total_stock_in=?,updated_at=? where item_id=?
2025-11-26 16:57:26 [http-nio-8007-exec-10] DEBUG org.hibernate.SQL - select u1_0.user_id,u1_0.created_at,u1_0.email,u1_0.password,u1_0.update_at,u1_0.user_name from users u1_0 where u1_0.email=?
2025-11-26 16:57:26 [http-nio-8007-exec-10] DEBUG org.hibernate.SQL - select r1_0.user_id,r1_1.role_id,r1_1.description,r1_1.role_name,r1_1.is_system_role from user_roles r1_0 join roles r1_1 on r1_1.role_id=r1_0.role_id where r1_0.user_id=?
2025-11-26 16:57:26 [http-nio-8007-exec-10] DEBUG org.hibernate.SQL - select i1_0.item_id,i1_0.available_stock,i1_0.base_unit,i1_0.base_unit_to_secondary_unit,c1_0.company_id,c1_0.address,c1_0.business_description,c1_0.bussiness_category,c1_0.bussiness_name,c1_0.bussiness_type,c1_0.company_owner_id,co1_0.user_id,co1_0.created_at,co1_0.email,co1_0.password,co1_0.update_at,co1_0.user_name,c1_0.created_at,c1_0.email_id,c1_0.gstin,c1_0.logo_url,c1_0.phone_no,c1_0.signature_url,c1_0.state,c1_0.update_at,i1_0.created_at,i1_0.description,i1_0.item_code,i1_0.item_hsn,i1_0.item_name,i1_0.item_type,i1_0.minimum_stock_to_maintain,i1_0.opening_stock_location,i1_0.purchase_price,i1_0.purchase_tax_type,i1_0.reserved_stock,i1_0.sale_discount_price,i1_0.sale_discount_type,i1_0.sale_price,i1_0.sale_tax_type,i1_0.secondary_unit,i1_0.stock_opening_date,i1_0.stock_opening_qty,i1_0.stock_price_per_qty,i1_0.stock_value,i1_0.tax_rate,i1_0.total_stock_in,i1_0.updated_at from item i1_0 left join company c1_0 on c1_0.company_id=i1_0.company_id left join users co1_0 on co1_0.user_id=c1_0.company_owner_id where i1_0.item_id=?
2025-11-26 16:57:26 [http-nio-8007-exec-10] DEBUG org.hibernate.SQL - select r1_0.user_id,r1_1.role_id,r1_1.description,r1_1.role_name,r1_1.is_system_role from user_roles r1_0 join roles r1_1 on r1_1.role_id=r1_0.role_id where r1_0.user_id=?
2025-11-26 16:57:26 [http-nio-8007-exec-10] DEBUG org.hibernate.SQL - insert into stock_transaction (item_id,quantity,reference_number,total_amount,transaction_date,transaction_type) values (?,?,?,?,?,?)
2025-11-26 16:57:26 [http-nio-8007-exec-10] DEBUG org.hibernate.SQL - update item set available_stock=?,base_unit=?,base_unit_to_secondary_unit=?,company_id=?,created_at=?,description=?,item_code=?,item_hsn=?,item_name=?,item_type=?,minimum_stock_to_maintain=?,opening_stock_location=?,purchase_price=?,purchase_tax_type=?,reserved_stock=?,sale_discount_price=?,sale_discount_type=?,sale_price=?,sale_tax_type=?,secondary_unit=?,stock_opening_date=?,stock_opening_qty=?,stock_price_per_qty=?,stock_value=?,tax_rate=?,total_stock_in=?,updated_at=? where item_id=?
2025-11-26 16:57:35 [http-nio-8007-exec-1] DEBUG org.hibernate.SQL - select u1_0.user_id,u1_0.created_at,u1_0.email,u1_0.password,u1_0.update_at,u1_0.user_name from users u1_0 where u1_0.email=?
2025-11-26 16:57:35 [http-nio-8007-exec-1] DEBUG org.hibernate.SQL - select r1_0.user_id,r1_1.role_id,r1_1.description,r1_1.role_name,r1_1.is_system_role from user_roles r1_0 join roles r1_1 on r1_1.role_id=r1_0.role_id where r1_0.user_id=?
2025-11-26 16:57:35 [http-nio-8007-exec-1] DEBUG org.hibernate.SQL - select i1_0.item_id,i1_0.available_stock,i1_0.base_unit,i1_0.base_unit_to_secondary_unit,c1_0.company_id,c1_0.address,c1_0.business_description,c1_0.bussiness_category,c1_0.bussiness_name,c1_0.bussiness_type,c1_0.company_owner_id,co1_0.user_id,co1_0.created_at,co1_0.email,co1_0.password,co1_0.update_at,co1_0.user_name,c1_0.created_at,c1_0.email_id,c1_0.gstin,c1_0.logo_url,c1_0.phone_no,c1_0.signature_url,c1_0.state,c1_0.update_at,i1_0.created_at,i1_0.description,i1_0.item_code,i1_0.item_hsn,i1_0.item_name,i1_0.item_type,i1_0.minimum_stock_to_maintain,i1_0.opening_stock_location,i1_0.purchase_price,i1_0.purchase_tax_type,i1_0.reserved_stock,i1_0.sale_discount_price,i1_0.sale_discount_type,i1_0.sale_price,i1_0.sale_tax_type,i1_0.secondary_unit,i1_0.stock_opening_date,i1_0.stock_opening_qty,i1_0.stock_price_per_qty,i1_0.stock_value,i1_0.tax_rate,i1_0.total_stock_in,i1_0.updated_at from item i1_0 left join company c1_0 on c1_0.company_id=i1_0.company_id left join users co1_0 on co1_0.user_id=c1_0.company_owner_id where i1_0.item_id=?
2025-11-26 16:57:35 [http-nio-8007-exec-1] DEBUG org.hibernate.SQL - select r1_0.user_id,r1_1.role_id,r1_1.description,r1_1.role_name,r1_1.is_system_role from user_roles r1_0 join roles r1_1 on r1_1.role_id=r1_0.role_id where r1_0.user_id=?
2025-11-26 16:57:35 [http-nio-8007-exec-1] DEBUG org.hibernate.SQL - insert into stock_transaction (item_id,quantity,reference_number,total_amount,transaction_date,transaction_type) values (?,?,?,?,?,?)
2025-11-26 16:57:35 [http-nio-8007-exec-1] DEBUG org.hibernate.SQL - update item set available_stock=?,base_unit=?,base_unit_to_secondary_unit=?,company_id=?,created_at=?,description=?,item_code=?,item_hsn=?,item_name=?,item_type=?,minimum_stock_to_maintain=?,opening_stock_location=?,purchase_price=?,purchase_tax_type=?,reserved_stock=?,sale_discount_price=?,sale_discount_type=?,sale_price=?,sale_tax_type=?,secondary_unit=?,stock_opening_date=?,stock_opening_qty=?,stock_price_per_qty=?,stock_value=?,tax_rate=?,total_stock_in=?,updated_at=? where item_id=?
2025-11-26 16:57:43 [http-nio-8007-exec-6] DEBUG org.hibernate.SQL - select u1_0.user_id,u1_0.created_at,u1_0.email,u1_0.password,u1_0.update_at,u1_0.user_name from users u1_0 where u1_0.email=?
2025-11-26 16:57:43 [http-nio-8007-exec-6] DEBUG org.hibernate.SQL - select r1_0.user_id,r1_1.role_id,r1_1.description,r1_1.role_name,r1_1.is_system_role from user_roles r1_0 join roles r1_1 on r1_1.role_id=r1_0.role_id where r1_0.user_id=?
2025-11-26 16:57:43 [http-nio-8007-exec-6] DEBUG org.hibernate.SQL - select i1_0.item_id,i1_0.available_stock,i1_0.base_unit,i1_0.base_unit_to_secondary_unit,c1_0.company_id,c1_0.address,c1_0.business_description,c1_0.bussiness_category,c1_0.bussiness_name,c1_0.bussiness_type,c1_0.company_owner_id,co1_0.user_id,co1_0.created_at,co1_0.email,co1_0.password,co1_0.update_at,co1_0.user_name,c1_0.created_at,c1_0.email_id,c1_0.gstin,c1_0.logo_url,c1_0.phone_no,c1_0.signature_url,c1_0.state,c1_0.update_at,i1_0.created_at,i1_0.description,i1_0.item_code,i1_0.item_hsn,i1_0.item_name,i1_0.item_type,i1_0.minimum_stock_to_maintain,i1_0.opening_stock_location,i1_0.purchase_price,i1_0.purchase_tax_type,i1_0.reserved_stock,i1_0.sale_discount_price,i1_0.sale_discount_type,i1_0.sale_price,i1_0.sale_tax_type,i1_0.secondary_unit,i1_0.stock_opening_date,i1_0.stock_opening_qty,i1_0.stock_price_per_qty,i1_0.stock_value,i1_0.tax_rate,i1_0.total_stock_in,i1_0.updated_at from item i1_0 left join company c1_0 on c1_0.company_id=i1_0.company_id left join users co1_0 on co1_0.user_id=c1_0.company_owner_id where i1_0.item_id=?
2025-11-26 16:57:43 [http-nio-8007-exec-6] DEBUG org.hibernate.SQL - select r1_0.user_id,r1_1.role_id,r1_1.description,r1_1.role_name,r1_1.is_system_role from user_roles r1_0 join roles r1_1 on r1_1.role_id=r1_0.role_id where r1_0.user_id=?
2025-11-26 16:57:43 [http-nio-8007-exec-6] DEBUG org.hibernate.SQL - insert into stock_transaction (item_id,quantity,reference_number,total_amount,transaction_date,transaction_type) values (?,?,?,?,?,?)
2025-11-26 16:57:43 [http-nio-8007-exec-6] DEBUG org.hibernate.SQL - update item set available_stock=?,base_unit=?,base_unit_to_secondary_unit=?,company_id=?,created_at=?,description=?,item_code=?,item_hsn=?,item_name=?,item_type=?,minimum_stock_to_maintain=?,opening_stock_location=?,purchase_price=?,purchase_tax_type=?,reserved_stock=?,sale_discount_price=?,sale_discount_type=?,sale_price=?,sale_tax_type=?,secondary_unit=?,stock_opening_date=?,stock_opening_qty=?,stock_price_per_qty=?,stock_value=?,tax_rate=?,total_stock_in=?,updated_at=? where item_id=?
2025-11-26 16:58:53 [http-nio-8007-exec-3] DEBUG org.hibernate.SQL - select u1_0.user_id,u1_0.created_at,u1_0.email,u1_0.password,u1_0.update_at,u1_0.user_name from users u1_0 where u1_0.email=?
2025-11-26 16:58:53 [http-nio-8007-exec-3] DEBUG org.hibernate.SQL - select r1_0.user_id,r1_1.role_id,r1_1.description,r1_1.role_name,r1_1.is_system_role from user_roles r1_0 join roles r1_1 on r1_1.role_id=r1_0.role_id where r1_0.user_id=?
2025-11-26 16:58:53 [http-nio-8007-exec-3] DEBUG org.hibernate.SQL - select c1_0.company_id,c1_0.address,c1_0.business_description,c1_0.bussiness_category,c1_0.bussiness_name,c1_0.bussiness_type,c1_0.company_owner_id,co1_0.user_id,co1_0.created_at,co1_0.email,co1_0.password,r1_0.user_id,r1_1.role_id,r1_1.description,r1_1.role_name,r1_1.is_system_role,co1_0.update_at,co1_0.user_name,c1_0.created_at,c1_0.email_id,c1_0.gstin,c1_0.logo_url,c1_0.phone_no,c1_0.signature_url,c1_0.state,c1_0.update_at from company c1_0 join users co1_0 on co1_0.user_id=c1_0.company_owner_id left join user_roles r1_0 on co1_0.user_id=r1_0.user_id left join roles r1_1 on r1_1.role_id=r1_0.role_id where c1_0.company_id=?
2025-11-26 16:58:53 [http-nio-8007-exec-3] DEBUG org.hibernate.SQL - select p1_0.party_id,p1_0.billing_address,c1_0.company_id,c1_0.address,c1_0.business_description,c1_0.bussiness_category,c1_0.bussiness_name,c1_0.bussiness_type,c1_0.company_owner_id,co1_0.user_id,co1_0.created_at,co1_0.email,co1_0.password,co1_0.update_at,co1_0.user_name,c1_0.created_at,c1_0.email_id,c1_0.gstin,c1_0.logo_url,c1_0.phone_no,c1_0.signature_url,c1_0.state,c1_0.update_at,p1_0.created_at,p1_0.email_id,p1_0.gst_type,p1_0.gstin,p1_0.name,p1_0.phone_no,p1_0.shiping_address,p1_0.state,p1_0.updated_at from party p1_0 left join company c1_0 on c1_0.company_id=p1_0.company_id left join users co1_0 on co1_0.user_id=c1_0.company_owner_id where p1_0.party_id=?
2025-11-26 16:58:53 [http-nio-8007-exec-3] DEBUG org.hibernate.SQL - insert into sale (balance,billing_address,company_id,created_at,delivery_charges,due_date,invoce_date,invoice_number,is_overdue,is_paid,party_id,payment_description,payment_type,received_amount,sale_type,shipping_address,state_of_supply,total_amount,total_amount_without_tax,total_tax_amount,updated_at) values (?,?,?,?,?,?,?,?,?,?,?,?,?,?,?,?,?,?,?,?,?)
2025-11-26 16:58:53 [http-nio-8007-exec-3] DEBUG org.hibernate.SQL - select i1_0.item_id,i1_0.available_stock,i1_0.base_unit,i1_0.base_unit_to_secondary_unit,c1_0.company_id,c1_0.address,c1_0.business_description,c1_0.bussiness_category,c1_0.bussiness_name,c1_0.bussiness_type,c1_0.company_owner_id,co1_0.user_id,co1_0.created_at,co1_0.email,co1_0.password,co1_0.update_at,co1_0.user_name,c1_0.created_at,c1_0.email_id,c1_0.gstin,c1_0.logo_url,c1_0.phone_no,c1_0.signature_url,c1_0.state,c1_0.update_at,i1_0.created_at,i1_0.description,i1_0.item_code,i1_0.item_hsn,i1_0.item_name,i1_0.item_type,i1_0.minimum_stock_to_maintain,i1_0.opening_stock_location,i1_0.purchase_price,i1_0.purchase_tax_type,i1_0.reserved_stock,i1_0.sale_discount_price,i1_0.sale_discount_type,i1_0.sale_price,i1_0.sale_tax_type,i1_0.secondary_unit,i1_0.stock_opening_date,i1_0.stock_opening_qty,i1_0.stock_price_per_qty,i1_0.stock_value,i1_0.tax_rate,i1_0.total_stock_in,i1_0.updated_at from item i1_0 left join company c1_0 on c1_0.company_id=i1_0.company_id left join users co1_0 on co1_0.user_id=c1_0.company_owner_id where i1_0.item_id=?
2025-11-26 16:58:53 [http-nio-8007-exec-3] DEBUG org.hibernate.SQL - insert into stock_transaction (item_id,quantity,reference_number,total_amount,transaction_date,transaction_type) values (?,?,?,?,?,?)
2025-11-26 16:58:53 [http-nio-8007-exec-3] DEBUG org.hibernate.SQL - insert into sale_item (created_at,item_id,item_description,price_per_unit,price_per_unit_tax_type,quantity,sale_id,tax_amount,tax_rate,total_amount,update_at) values (?,?,?,?,?,?,?,?,?,?,?)
2025-11-26 16:58:53 [http-nio-8007-exec-3] DEBUG org.hibernate.SQL - insert into sale_payment (amount_paid,created_at,payment_date,payment_description,payment_type,receipt_no,reference_number,sale_id,update_at) values (?,?,?,?,?,?,?,?,?)
2025-11-26 16:58:53 [http-nio-8007-exec-3] DEBUG org.hibernate.SQL - update item set available_stock=?,base_unit=?,base_unit_to_secondary_unit=?,company_id=?,created_at=?,description=?,item_code=?,item_hsn=?,item_name=?,item_type=?,minimum_stock_to_maintain=?,opening_stock_location=?,purchase_price=?,purchase_tax_type=?,reserved_stock=?,sale_discount_price=?,sale_discount_type=?,sale_price=?,sale_tax_type=?,secondary_unit=?,stock_opening_date=?,stock_opening_qty=?,stock_price_per_qty=?,stock_value=?,tax_rate=?,total_stock_in=?,updated_at=? where item_id=?
2025-11-26 17:02:59 [http-nio-8007-exec-7] DEBUG org.hibernate.SQL - select u1_0.user_id,u1_0.created_at,u1_0.email,u1_0.password,u1_0.update_at,u1_0.user_name from users u1_0 where u1_0.email=?
2025-11-26 17:02:59 [http-nio-8007-exec-7] DEBUG org.hibernate.SQL - select r1_0.user_id,r1_1.role_id,r1_1.description,r1_1.role_name,r1_1.is_system_role from user_roles r1_0 join roles r1_1 on r1_1.role_id=r1_0.role_id where r1_0.user_id=?
2025-11-26 17:02:59 [http-nio-8007-exec-7] DEBUG org.hibernate.SQL - select c1_0.company_id,c1_0.address,c1_0.business_description,c1_0.bussiness_category,c1_0.bussiness_name,c1_0.bussiness_type,c1_0.company_owner_id,co1_0.user_id,co1_0.created_at,co1_0.email,co1_0.password,r1_0.user_id,r1_1.role_id,r1_1.description,r1_1.role_name,r1_1.is_system_role,co1_0.update_at,co1_0.user_name,c1_0.created_at,c1_0.email_id,c1_0.gstin,c1_0.logo_url,c1_0.phone_no,c1_0.signature_url,c1_0.state,c1_0.update_at from company c1_0 join users co1_0 on co1_0.user_id=c1_0.company_owner_id left join user_roles r1_0 on co1_0.user_id=r1_0.user_id left join roles r1_1 on r1_1.role_id=r1_0.role_id where c1_0.company_id=?
2025-11-26 17:02:59 [http-nio-8007-exec-7] DEBUG org.hibernate.SQL - SELECT * From category where category_id IN(?)
2025-11-26 17:02:59 [http-nio-8007-exec-7] DEBUG org.hibernate.SQL - select i1_0.item_id,i1_0.available_stock,i1_0.base_unit,i1_0.base_unit_to_secondary_unit,i1_0.company_id,i1_0.created_at,i1_0.description,i1_0.item_code,i1_0.item_hsn,i1_0.item_name,i1_0.item_type,i1_0.minimum_stock_to_maintain,i1_0.opening_stock_location,i1_0.purchase_price,i1_0.purchase_tax_type,i1_0.reserved_stock,i1_0.sale_discount_price,i1_0.sale_discount_type,i1_0.sale_price,i1_0.sale_tax_type,i1_0.secondary_unit,i1_0.stock_opening_date,i1_0.stock_opening_qty,i1_0.stock_price_per_qty,i1_0.stock_value,i1_0.tax_rate,i1_0.total_stock_in,i1_0.updated_at from item i1_0 where i1_0.item_name=? and i1_0.company_id=?
2025-11-26 17:02:59 [http-nio-8007-exec-7] DEBUG org.hibernate.SQL - insert into item (available_stock,base_unit,base_unit_to_secondary_unit,company_id,created_at,description,item_code,item_hsn,item_name,item_type,minimum_stock_to_maintain,opening_stock_location,purchase_price,purchase_tax_type,reserved_stock,sale_discount_price,sale_discount_type,sale_price,sale_tax_type,secondary_unit,stock_opening_date,stock_opening_qty,stock_price_per_qty,stock_value,tax_rate,total_stock_in,updated_at) values (?,?,?,?,?,?,?,?,?,?,?,?,?,?,?,?,?,?,?,?,?,?,?,?,?,?,?)
2025-11-26 17:02:59 [http-nio-8007-exec-7] DEBUG org.hibernate.SQL - insert into stock_transaction (item_id,quantity,reference_number,total_amount,transaction_date,transaction_type) values (?,?,?,?,?,?)
2025-11-26 17:02:59 [http-nio-8007-exec-7] DEBUG org.hibernate.SQL - insert into item_category (item_id,category_id) values (?,?)
2025-11-26 17:05:46 [http-nio-8007-exec-1] DEBUG org.hibernate.SQL - select u1_0.user_id,u1_0.created_at,u1_0.email,u1_0.password,u1_0.update_at,u1_0.user_name from users u1_0 where u1_0.email=?
2025-11-26 17:05:46 [http-nio-8007-exec-1] DEBUG org.hibernate.SQL - select r1_0.user_id,r1_1.role_id,r1_1.description,r1_1.role_name,r1_1.is_system_role from user_roles r1_0 join roles r1_1 on r1_1.role_id=r1_0.role_id where r1_0.user_id=?
2025-11-26 17:05:46 [http-nio-8007-exec-1] DEBUG org.hibernate.SQL - select i1_0.item_id,i1_0.available_stock,i1_0.base_unit,i1_0.base_unit_to_secondary_unit,c1_0.company_id,c1_0.address,c1_0.business_description,c1_0.bussiness_category,c1_0.bussiness_name,c1_0.bussiness_type,c1_0.company_owner_id,co1_0.user_id,co1_0.created_at,co1_0.email,co1_0.password,co1_0.update_at,co1_0.user_name,c1_0.created_at,c1_0.email_id,c1_0.gstin,c1_0.logo_url,c1_0.phone_no,c1_0.signature_url,c1_0.state,c1_0.update_at,i1_0.created_at,i1_0.description,i1_0.item_code,i1_0.item_hsn,i1_0.item_name,i1_0.item_type,i1_0.minimum_stock_to_maintain,i1_0.opening_stock_location,i1_0.purchase_price,i1_0.purchase_tax_type,i1_0.reserved_stock,i1_0.sale_discount_price,i1_0.sale_discount_type,i1_0.sale_price,i1_0.sale_tax_type,i1_0.secondary_unit,i1_0.stock_opening_date,i1_0.stock_opening_qty,i1_0.stock_price_per_qty,i1_0.stock_value,i1_0.tax_rate,i1_0.total_stock_in,i1_0.updated_at from item i1_0 left join company c1_0 on c1_0.company_id=i1_0.company_id left join users co1_0 on co1_0.user_id=c1_0.company_owner_id where i1_0.item_id=?
2025-11-26 17:05:46 [http-nio-8007-exec-1] DEBUG org.hibernate.SQL - select r1_0.user_id,r1_1.role_id,r1_1.description,r1_1.role_name,r1_1.is_system_role from user_roles r1_0 join roles r1_1 on r1_1.role_id=r1_0.role_id where r1_0.user_id=?
2025-11-26 17:05:46 [http-nio-8007-exec-1] DEBUG org.hibernate.SQL - insert into stock_transaction (item_id,quantity,reference_number,total_amount,transaction_date,transaction_type) values (?,?,?,?,?,?)
2025-11-26 17:05:46 [http-nio-8007-exec-1] DEBUG org.hibernate.SQL - update item set available_stock=?,base_unit=?,base_unit_to_secondary_unit=?,company_id=?,created_at=?,description=?,item_code=?,item_hsn=?,item_name=?,item_type=?,minimum_stock_to_maintain=?,opening_stock_location=?,purchase_price=?,purchase_tax_type=?,reserved_stock=?,sale_discount_price=?,sale_discount_type=?,sale_price=?,sale_tax_type=?,secondary_unit=?,stock_opening_date=?,stock_opening_qty=?,stock_price_per_qty=?,stock_value=?,tax_rate=?,total_stock_in=?,updated_at=? where item_id=?
2025-11-26 17:16:09 [http-nio-8007-exec-5] DEBUG org.hibernate.SQL - select u1_0.user_id,u1_0.created_at,u1_0.email,u1_0.password,u1_0.update_at,u1_0.user_name from users u1_0 where u1_0.email=?
2025-11-26 17:16:10 [http-nio-8007-exec-5] DEBUG org.hibernate.SQL - select r1_0.user_id,r1_1.role_id,r1_1.description,r1_1.role_name,r1_1.is_system_role from user_roles r1_0 join roles r1_1 on r1_1.role_id=r1_0.role_id where r1_0.user_id=?
2025-11-26 17:16:10 [http-nio-8007-exec-5] DEBUG org.hibernate.SQL - select c1_0.company_id,c1_0.address,c1_0.business_description,c1_0.bussiness_category,c1_0.bussiness_name,c1_0.bussiness_type,c1_0.company_owner_id,co1_0.user_id,co1_0.created_at,co1_0.email,co1_0.password,r1_0.user_id,r1_1.role_id,r1_1.description,r1_1.role_name,r1_1.is_system_role,co1_0.update_at,co1_0.user_name,c1_0.created_at,c1_0.email_id,c1_0.gstin,c1_0.logo_url,c1_0.phone_no,c1_0.signature_url,c1_0.state,c1_0.update_at from company c1_0 join users co1_0 on co1_0.user_id=c1_0.company_owner_id left join user_roles r1_0 on co1_0.user_id=r1_0.user_id left join roles r1_1 on r1_1.role_id=r1_0.role_id where c1_0.company_id=?
2025-11-26 17:16:10 [http-nio-8007-exec-5] DEBUG org.hibernate.SQL - select p1_0.party_id,p1_0.billing_address,c1_0.company_id,c1_0.address,c1_0.business_description,c1_0.bussiness_category,c1_0.bussiness_name,c1_0.bussiness_type,c1_0.company_owner_id,co1_0.user_id,co1_0.created_at,co1_0.email,co1_0.password,co1_0.update_at,co1_0.user_name,c1_0.created_at,c1_0.email_id,c1_0.gstin,c1_0.logo_url,c1_0.phone_no,c1_0.signature_url,c1_0.state,c1_0.update_at,p1_0.created_at,p1_0.email_id,p1_0.gst_type,p1_0.gstin,p1_0.name,p1_0.phone_no,p1_0.shiping_address,p1_0.state,p1_0.updated_at from party p1_0 left join company c1_0 on c1_0.company_id=p1_0.company_id left join users co1_0 on co1_0.user_id=c1_0.company_owner_id where p1_0.party_id=?
2025-11-26 17:16:10 [http-nio-8007-exec-5] DEBUG org.hibernate.SQL - insert into sale (balance,billing_address,company_id,created_at,delivery_charges,due_date,invoce_date,invoice_number,is_overdue,is_paid,party_id,payment_description,payment_type,received_amount,sale_type,shipping_address,state_of_supply,total_amount,total_amount_without_tax,total_tax_amount,updated_at) values (?,?,?,?,?,?,?,?,?,?,?,?,?,?,?,?,?,?,?,?,?)
2025-11-26 17:16:10 [http-nio-8007-exec-5] DEBUG org.hibernate.SQL - select i1_0.item_id,i1_0.available_stock,i1_0.base_unit,i1_0.base_unit_to_secondary_unit,c1_0.company_id,c1_0.address,c1_0.business_description,c1_0.bussiness_category,c1_0.bussiness_name,c1_0.bussiness_type,c1_0.company_owner_id,co1_0.user_id,co1_0.created_at,co1_0.email,co1_0.password,co1_0.update_at,co1_0.user_name,c1_0.created_at,c1_0.email_id,c1_0.gstin,c1_0.logo_url,c1_0.phone_no,c1_0.signature_url,c1_0.state,c1_0.update_at,i1_0.created_at,i1_0.description,i1_0.item_code,i1_0.item_hsn,i1_0.item_name,i1_0.item_type,i1_0.minimum_stock_to_maintain,i1_0.opening_stock_location,i1_0.purchase_price,i1_0.purchase_tax_type,i1_0.reserved_stock,i1_0.sale_discount_price,i1_0.sale_discount_type,i1_0.sale_price,i1_0.sale_tax_type,i1_0.secondary_unit,i1_0.stock_opening_date,i1_0.stock_opening_qty,i1_0.stock_price_per_qty,i1_0.stock_value,i1_0.tax_rate,i1_0.total_stock_in,i1_0.updated_at from item i1_0 left join company c1_0 on c1_0.company_id=i1_0.company_id left join users co1_0 on co1_0.user_id=c1_0.company_owner_id where i1_0.item_id=?
2025-11-26 17:16:10 [http-nio-8007-exec-5] DEBUG org.hibernate.SQL - insert into stock_transaction (item_id,quantity,reference_number,total_amount,transaction_date,transaction_type) values (?,?,?,?,?,?)
2025-11-26 17:16:10 [http-nio-8007-exec-5] DEBUG org.hibernate.SQL - insert into sale_item (created_at,item_id,item_description,price_per_unit,price_per_unit_tax_type,quantity,sale_id,tax_amount,tax_rate,total_amount,update_at) values (?,?,?,?,?,?,?,?,?,?,?)
2025-11-26 17:16:10 [http-nio-8007-exec-5] DEBUG org.hibernate.SQL - insert into sale_payment (amount_paid,created_at,payment_date,payment_description,payment_type,receipt_no,reference_number,sale_id,update_at) values (?,?,?,?,?,?,?,?,?)
2025-11-26 17:16:10 [http-nio-8007-exec-5] DEBUG org.hibernate.SQL - update item set available_stock=?,base_unit=?,base_unit_to_secondary_unit=?,company_id=?,created_at=?,description=?,item_code=?,item_hsn=?,item_name=?,item_type=?,minimum_stock_to_maintain=?,opening_stock_location=?,purchase_price=?,purchase_tax_type=?,reserved_stock=?,sale_discount_price=?,sale_discount_type=?,sale_price=?,sale_tax_type=?,secondary_unit=?,stock_opening_date=?,stock_opening_qty=?,stock_price_per_qty=?,stock_value=?,tax_rate=?,total_stock_in=?,updated_at=? where item_id=?
2025-11-26 18:58:30 [SpringApplicationShutdownHook] INFO  o.s.b.w.e.tomcat.GracefulShutdown - Commencing graceful shutdown. Waiting for active requests to complete
2025-11-26 18:58:30 [tomcat-shutdown] INFO  o.s.b.w.e.tomcat.GracefulShutdown - Graceful shutdown complete
2025-11-26 18:58:30 [SpringApplicationShutdownHook] INFO  o.s.o.j.LocalContainerEntityManagerFactoryBean - Closing JPA EntityManagerFactory for persistence unit 'default'
2025-11-26 18:58:30 [SpringApplicationShutdownHook] INFO  com.zaxxer.hikari.HikariDataSource - HikariPool-1 - Shutdown initiated...
2025-11-26 18:58:31 [SpringApplicationShutdownHook] INFO  com.zaxxer.hikari.HikariDataSource - HikariPool-1 - Shutdown completed.
