2025-12-06 11:36:39 [background-preinit] INFO  o.h.validator.internal.util.Version - HV000001: Hibernate Validator 8.0.2.Final
2025-12-06 11:36:39 [restartedMain] INFO  c.e.t.t.TechgicusEbillingApplication - Starting TechgicusEbillingApplication using Java 24.0.1 with PID 7580 (D:\Techgicus_software\techgicus_ebilling\target\classes started by payal in D:\Techgicus_software\techgicus_ebilling)
2025-12-06 11:36:39 [restartedMain] INFO  c.e.t.t.TechgicusEbillingApplication - No active profile set, falling back to 1 default profile: "default"
2025-12-06 11:36:40 [restartedMain] INFO  o.s.b.d.e.DevToolsPropertyDefaultsPostProcessor - Devtools property defaults active! Set 'spring.devtools.add-properties' to 'false' to disable
2025-12-06 11:36:40 [restartedMain] INFO  o.s.b.d.e.DevToolsPropertyDefaultsPostProcessor - For additional web related logging consider setting the 'logging.level.web' property to 'DEBUG'
2025-12-06 11:36:42 [restartedMain] INFO  o.s.d.r.c.RepositoryConfigurationDelegate - Bootstrapping Spring Data JPA repositories in DEFAULT mode.
2025-12-06 11:36:43 [restartedMain] INFO  o.s.d.r.c.RepositoryConfigurationDelegate - Finished Spring Data repository scanning in 383 ms. Found 39 JPA repository interfaces.
2025-12-06 11:36:44 [restartedMain] INFO  o.s.b.w.e.tomcat.TomcatWebServer - Tomcat initialized with port 8007 (http)
2025-12-06 11:36:44 [restartedMain] INFO  o.a.coyote.http11.Http11NioProtocol - Initializing ProtocolHandler ["http-nio-8007"]
2025-12-06 11:36:44 [restartedMain] INFO  o.a.catalina.core.StandardService - Starting service [Tomcat]
2025-12-06 11:36:44 [restartedMain] INFO  o.a.catalina.core.StandardEngine - Starting Servlet engine: [Apache Tomcat/10.1.36]
2025-12-06 11:36:44 [restartedMain] INFO  o.a.c.c.C.[Tomcat].[localhost].[/] - Initializing Spring embedded WebApplicationContext
2025-12-06 11:36:44 [restartedMain] INFO  o.s.b.w.s.c.ServletWebServerApplicationContext - Root WebApplicationContext: initialization completed in 4698 ms
2025-12-06 11:36:45 [restartedMain] INFO  com.zaxxer.hikari.HikariDataSource - HikariPool-1 - Starting...
2025-12-06 11:36:46 [restartedMain] INFO  com.zaxxer.hikari.pool.HikariPool - HikariPool-1 - Added connection com.mysql.cj.jdbc.ConnectionImpl@b20311a
2025-12-06 11:36:46 [restartedMain] INFO  com.zaxxer.hikari.HikariDataSource - HikariPool-1 - Start completed.
2025-12-06 11:36:46 [restartedMain] INFO  o.h.jpa.internal.util.LogHelper - HHH000204: Processing PersistenceUnitInfo [name: default]
2025-12-06 11:36:46 [restartedMain] INFO  org.hibernate.Version - HHH000412: Hibernate ORM core version 6.6.8.Final
2025-12-06 11:36:46 [restartedMain] INFO  o.h.c.i.RegionFactoryInitiator - HHH000026: Second-level cache disabled
2025-12-06 11:36:46 [restartedMain] INFO  o.s.o.j.p.SpringPersistenceUnitInfo - No LoadTimeWeaver setup: ignoring JPA class transformer
2025-12-06 11:36:47 [restartedMain] INFO  o.hibernate.orm.connections.pooling - HHH10001005: Database info:
	Database JDBC URL [Connecting through datasource 'HikariDataSource (HikariPool-1)']
	Database driver: undefined/unknown
	Database version: 8.0.42
	Autocommit mode: undefined/unknown
	Isolation level: undefined/unknown
	Minimum pool size: undefined/unknown
	Maximum pool size: undefined/unknown
2025-12-06 11:36:49 [restartedMain] INFO  o.h.e.t.j.p.i.JtaPlatformInitiator - HHH000489: No JTA platform available (set 'hibernate.transaction.jta.platform' to enable JTA platform integration)
2025-12-06 11:36:50 [restartedMain] INFO  o.s.o.j.LocalContainerEntityManagerFactoryBean - Initialized JPA EntityManagerFactory for persistence unit 'default'
2025-12-06 11:36:51 [restartedMain] INFO  o.s.s.c.a.a.c.InitializeAuthenticationProviderBeanManagerConfigurer$InitializeAuthenticationProviderManagerConfigurer - Global AuthenticationManager configured with AuthenticationProvider bean with name daoAuthenticationProvider
2025-12-06 11:36:51 [restartedMain] WARN  o.s.s.c.a.a.c.InitializeUserDetailsBeanManagerConfigurer$InitializeUserDetailsManagerConfigurer - Global AuthenticationManager configured with an AuthenticationProvider bean. UserDetailsService beans will not be used by Spring Security for automatically configuring username/password login. Consider removing the AuthenticationProvider bean. Alternatively, consider using the UserDetailsService in a manually instantiated DaoAuthenticationProvider. If the current configuration is intentional, to turn off this warning, increase the logging level of 'org.springframework.security.config.annotation.authentication.configuration.InitializeUserDetailsBeanManagerConfigurer' to ERROR
2025-12-06 11:36:51 [restartedMain] INFO  o.s.d.j.r.query.QueryEnhancerFactory - Hibernate is in classpath; If applicable, HQL parser will be used.
2025-12-06 11:36:55 [restartedMain] WARN  o.s.b.a.o.j.JpaBaseConfiguration$JpaWebConfiguration - spring.jpa.open-in-view is enabled by default. Therefore, database queries may be performed during view rendering. Explicitly configure spring.jpa.open-in-view to disable this warning
2025-12-06 11:36:56 [restartedMain] INFO  o.s.b.d.a.OptionalLiveReloadServer - LiveReload server is running on port 35729
2025-12-06 11:36:56 [restartedMain] INFO  o.a.coyote.http11.Http11NioProtocol - Starting ProtocolHandler ["http-nio-8007"]
2025-12-06 11:36:57 [restartedMain] INFO  o.s.b.w.e.tomcat.TomcatWebServer - Tomcat started on port 8007 (http) with context path '/'
2025-12-06 11:36:57 [restartedMain] INFO  c.e.t.t.TechgicusEbillingApplication - Started TechgicusEbillingApplication in 18.337 seconds (process running for 21.676)
2025-12-06 11:36:57 [restartedMain] DEBUG org.hibernate.SQL - select r1_0.role_id,r1_0.description,r1_0.role_name,r1_0.is_system_role from roles r1_0 where r1_0.role_name=?
2025-12-06 11:36:57 [restartedMain] DEBUG org.hibernate.SQL - select r1_0.role_id,r1_0.description,r1_0.role_name,r1_0.is_system_role from roles r1_0 where r1_0.role_name=?
2025-12-06 11:36:57 [restartedMain] DEBUG org.hibernate.SQL - select r1_0.role_id,r1_0.description,r1_0.role_name,r1_0.is_system_role from roles r1_0 where r1_0.role_name=?
2025-12-06 11:36:57 [restartedMain] DEBUG org.hibernate.SQL - select f1_0.feature_id,f1_0.code,f1_0.description,f1_0.name,f1_0.premium from features f1_0 where f1_0.code=?
2025-12-06 11:36:57 [restartedMain] DEBUG org.hibernate.SQL - select f1_0.feature_id,f1_0.code,f1_0.description,f1_0.name,f1_0.premium from features f1_0 where f1_0.code=?
2025-12-06 11:36:57 [restartedMain] DEBUG org.hibernate.SQL - select f1_0.feature_id,f1_0.code,f1_0.description,f1_0.name,f1_0.premium from features f1_0 where f1_0.code=?
2025-12-06 11:36:57 [restartedMain] DEBUG org.hibernate.SQL - select f1_0.feature_id,f1_0.code,f1_0.description,f1_0.name,f1_0.premium from features f1_0 where f1_0.code=?
2025-12-06 11:36:57 [restartedMain] DEBUG org.hibernate.SQL - select sp1_0.subscription_plan_id,sp1_0.description,sp1_0.duration_days,sp1_0.is_active,sp1_0.name,sp1_0.price from subscription_plans sp1_0 where sp1_0.name=?
2025-12-06 11:36:57 [restartedMain] DEBUG org.hibernate.SQL - select sp1_0.subscription_plan_id,sp1_0.description,sp1_0.duration_days,sp1_0.is_active,sp1_0.name,sp1_0.price from subscription_plans sp1_0 where sp1_0.name=?
2025-12-06 11:36:57 [restartedMain] DEBUG org.hibernate.SQL - select sp1_0.subscription_plan_id,sp1_0.description,sp1_0.duration_days,sp1_0.is_active,sp1_0.name,sp1_0.price from subscription_plans sp1_0 where sp1_0.name=?
2025-12-06 11:36:57 [restartedMain] DEBUG org.hibernate.SQL - select f1_0.feature_id,f1_0.code,f1_0.description,f1_0.name,f1_0.premium from features f1_0 where f1_0.code=?
2025-12-06 11:36:57 [restartedMain] DEBUG org.hibernate.SQL - select f1_0.feature_id,f1_0.code,f1_0.description,f1_0.name,f1_0.premium from features f1_0 where f1_0.code=?
2025-12-06 11:36:57 [restartedMain] DEBUG org.hibernate.SQL - select f1_0.feature_id,f1_0.code,f1_0.description,f1_0.name,f1_0.premium from features f1_0 where f1_0.code=?
2025-12-06 11:36:57 [restartedMain] DEBUG org.hibernate.SQL - select f1_0.feature_id,f1_0.code,f1_0.description,f1_0.name,f1_0.premium from features f1_0 where f1_0.code=?
2025-12-06 11:36:57 [restartedMain] DEBUG org.hibernate.SQL - select sp1_0.subscription_plan_id,sp1_0.description,sp1_0.duration_days,sp1_0.is_active,sp1_0.name,sp1_0.price from subscription_plans sp1_0 where sp1_0.name=?
2025-12-06 11:36:57 [restartedMain] DEBUG org.hibernate.SQL - select sp1_0.subscription_plan_id,sp1_0.description,sp1_0.duration_days,sp1_0.is_active,sp1_0.name,sp1_0.price from subscription_plans sp1_0 where sp1_0.name=?
2025-12-06 11:36:57 [restartedMain] DEBUG org.hibernate.SQL - select sp1_0.subscription_plan_id,sp1_0.description,sp1_0.duration_days,sp1_0.is_active,sp1_0.name,sp1_0.price from subscription_plans sp1_0 where sp1_0.name=?
2025-12-06 11:36:57 [restartedMain] DEBUG org.hibernate.SQL - select pfl1_0.plan_feature_limit_id,pfl1_0.boolean_limit,pfl1_0.feature_id,pfl1_0.limit_type,pfl1_0.plan_id,pfl1_0.usage_limit from plan_feature_limits pfl1_0 where pfl1_0.plan_id=? and pfl1_0.feature_id=?
2025-12-06 11:36:57 [restartedMain] DEBUG org.hibernate.SQL - select pfl1_0.plan_feature_limit_id,pfl1_0.boolean_limit,pfl1_0.feature_id,pfl1_0.limit_type,pfl1_0.plan_id,pfl1_0.usage_limit from plan_feature_limits pfl1_0 where pfl1_0.plan_id=? and pfl1_0.feature_id=?
2025-12-06 11:36:57 [restartedMain] DEBUG org.hibernate.SQL - select pfl1_0.plan_feature_limit_id,pfl1_0.boolean_limit,pfl1_0.feature_id,pfl1_0.limit_type,pfl1_0.plan_id,pfl1_0.usage_limit from plan_feature_limits pfl1_0 where pfl1_0.plan_id=? and pfl1_0.feature_id=?
2025-12-06 11:36:57 [restartedMain] DEBUG org.hibernate.SQL - select pfl1_0.plan_feature_limit_id,pfl1_0.boolean_limit,pfl1_0.feature_id,pfl1_0.limit_type,pfl1_0.plan_id,pfl1_0.usage_limit from plan_feature_limits pfl1_0 where pfl1_0.plan_id=? and pfl1_0.feature_id=?
2025-12-06 11:36:57 [restartedMain] DEBUG org.hibernate.SQL - select pfl1_0.plan_feature_limit_id,pfl1_0.boolean_limit,pfl1_0.feature_id,pfl1_0.limit_type,pfl1_0.plan_id,pfl1_0.usage_limit from plan_feature_limits pfl1_0 where pfl1_0.plan_id=? and pfl1_0.feature_id=?
2025-12-06 11:36:57 [restartedMain] DEBUG org.hibernate.SQL - select pfl1_0.plan_feature_limit_id,pfl1_0.boolean_limit,pfl1_0.feature_id,pfl1_0.limit_type,pfl1_0.plan_id,pfl1_0.usage_limit from plan_feature_limits pfl1_0 where pfl1_0.plan_id=? and pfl1_0.feature_id=?
2025-12-06 11:36:57 [restartedMain] DEBUG org.hibernate.SQL - select pfl1_0.plan_feature_limit_id,pfl1_0.boolean_limit,pfl1_0.feature_id,pfl1_0.limit_type,pfl1_0.plan_id,pfl1_0.usage_limit from plan_feature_limits pfl1_0 where pfl1_0.plan_id=? and pfl1_0.feature_id=?
2025-12-06 11:36:57 [restartedMain] DEBUG org.hibernate.SQL - select pfl1_0.plan_feature_limit_id,pfl1_0.boolean_limit,pfl1_0.feature_id,pfl1_0.limit_type,pfl1_0.plan_id,pfl1_0.usage_limit from plan_feature_limits pfl1_0 where pfl1_0.plan_id=? and pfl1_0.feature_id=?
2025-12-06 11:36:57 [restartedMain] DEBUG org.hibernate.SQL - select pfl1_0.plan_feature_limit_id,pfl1_0.boolean_limit,pfl1_0.feature_id,pfl1_0.limit_type,pfl1_0.plan_id,pfl1_0.usage_limit from plan_feature_limits pfl1_0 where pfl1_0.plan_id=? and pfl1_0.feature_id=?
2025-12-06 11:36:57 [restartedMain] DEBUG org.hibernate.SQL - select pfl1_0.plan_feature_limit_id,pfl1_0.boolean_limit,pfl1_0.feature_id,pfl1_0.limit_type,pfl1_0.plan_id,pfl1_0.usage_limit from plan_feature_limits pfl1_0 where pfl1_0.plan_id=? and pfl1_0.feature_id=?
2025-12-06 11:36:57 [restartedMain] DEBUG org.hibernate.SQL - select pfl1_0.plan_feature_limit_id,pfl1_0.boolean_limit,pfl1_0.feature_id,pfl1_0.limit_type,pfl1_0.plan_id,pfl1_0.usage_limit from plan_feature_limits pfl1_0 where pfl1_0.plan_id=? and pfl1_0.feature_id=?
2025-12-06 11:36:57 [restartedMain] DEBUG org.hibernate.SQL - select pfl1_0.plan_feature_limit_id,pfl1_0.boolean_limit,pfl1_0.feature_id,pfl1_0.limit_type,pfl1_0.plan_id,pfl1_0.usage_limit from plan_feature_limits pfl1_0 where pfl1_0.plan_id=? and pfl1_0.feature_id=?
2025-12-06 11:36:57 [restartedMain] DEBUG org.hibernate.SQL - select r1_0.role_id,r1_0.description,r1_0.role_name,r1_0.is_system_role from roles r1_0 where r1_0.role_name=?
2025-12-06 11:36:57 [restartedMain] DEBUG org.hibernate.SQL - select u1_0.user_id,u1_0.created_at,u1_0.email,u1_0.password,u1_0.update_at,u1_0.user_name from users u1_0 where u1_0.email=?
2025-12-06 11:36:57 [restartedMain] DEBUG org.hibernate.SQL - select r1_0.user_id,r1_1.role_id,r1_1.description,r1_1.role_name,r1_1.is_system_role from user_roles r1_0 join roles r1_1 on r1_1.role_id=r1_0.role_id where r1_0.user_id=?
2025-12-06 11:55:33 [SpringApplicationShutdownHook] INFO  o.s.b.w.e.tomcat.GracefulShutdown - Commencing graceful shutdown. Waiting for active requests to complete
2025-12-06 11:55:33 [tomcat-shutdown] INFO  o.s.b.w.e.tomcat.GracefulShutdown - Graceful shutdown complete
2025-12-06 11:55:34 [SpringApplicationShutdownHook] INFO  o.s.o.j.LocalContainerEntityManagerFactoryBean - Closing JPA EntityManagerFactory for persistence unit 'default'
2025-12-06 11:55:34 [SpringApplicationShutdownHook] INFO  com.zaxxer.hikari.HikariDataSource - HikariPool-1 - Shutdown initiated...
2025-12-06 11:55:34 [SpringApplicationShutdownHook] INFO  com.zaxxer.hikari.HikariDataSource - HikariPool-1 - Shutdown completed.
2025-12-06 11:55:54 [background-preinit] INFO  o.h.validator.internal.util.Version - HV000001: Hibernate Validator 8.0.2.Final
2025-12-06 11:55:54 [restartedMain] INFO  c.e.t.t.TechgicusEbillingApplication - Starting TechgicusEbillingApplication using Java 24.0.1 with PID 10924 (D:\Techgicus_software\techgicus_ebilling\target\classes started by payal in D:\Techgicus_software\techgicus_ebilling)
2025-12-06 11:55:54 [restartedMain] INFO  c.e.t.t.TechgicusEbillingApplication - No active profile set, falling back to 1 default profile: "default"
2025-12-06 11:55:54 [restartedMain] INFO  o.s.b.d.e.DevToolsPropertyDefaultsPostProcessor - Devtools property defaults active! Set 'spring.devtools.add-properties' to 'false' to disable
2025-12-06 11:55:54 [restartedMain] INFO  o.s.b.d.e.DevToolsPropertyDefaultsPostProcessor - For additional web related logging consider setting the 'logging.level.web' property to 'DEBUG'
2025-12-06 11:55:56 [restartedMain] INFO  o.s.d.r.c.RepositoryConfigurationDelegate - Bootstrapping Spring Data JPA repositories in DEFAULT mode.
2025-12-06 11:55:57 [restartedMain] INFO  o.s.d.r.c.RepositoryConfigurationDelegate - Finished Spring Data repository scanning in 298 ms. Found 39 JPA repository interfaces.
2025-12-06 11:55:58 [restartedMain] INFO  o.s.b.w.e.tomcat.TomcatWebServer - Tomcat initialized with port 8007 (http)
2025-12-06 11:55:58 [restartedMain] INFO  o.a.coyote.http11.Http11NioProtocol - Initializing ProtocolHandler ["http-nio-8007"]
2025-12-06 11:55:58 [restartedMain] INFO  o.a.catalina.core.StandardService - Starting service [Tomcat]
2025-12-06 11:55:58 [restartedMain] INFO  o.a.catalina.core.StandardEngine - Starting Servlet engine: [Apache Tomcat/10.1.36]
2025-12-06 11:55:58 [restartedMain] INFO  o.a.c.c.C.[Tomcat].[localhost].[/] - Initializing Spring embedded WebApplicationContext
2025-12-06 11:55:58 [restartedMain] INFO  o.s.b.w.s.c.ServletWebServerApplicationContext - Root WebApplicationContext: initialization completed in 3794 ms
2025-12-06 11:55:58 [restartedMain] INFO  com.zaxxer.hikari.HikariDataSource - HikariPool-1 - Starting...
2025-12-06 11:55:59 [restartedMain] INFO  com.zaxxer.hikari.pool.HikariPool - HikariPool-1 - Added connection com.mysql.cj.jdbc.ConnectionImpl@6fd37d13
2025-12-06 11:55:59 [restartedMain] INFO  com.zaxxer.hikari.HikariDataSource - HikariPool-1 - Start completed.
2025-12-06 11:56:00 [restartedMain] INFO  o.h.jpa.internal.util.LogHelper - HHH000204: Processing PersistenceUnitInfo [name: default]
2025-12-06 11:56:00 [restartedMain] INFO  org.hibernate.Version - HHH000412: Hibernate ORM core version 6.6.8.Final
2025-12-06 11:56:00 [restartedMain] INFO  o.h.c.i.RegionFactoryInitiator - HHH000026: Second-level cache disabled
2025-12-06 11:56:00 [restartedMain] INFO  o.s.o.j.p.SpringPersistenceUnitInfo - No LoadTimeWeaver setup: ignoring JPA class transformer
2025-12-06 11:56:00 [restartedMain] INFO  o.hibernate.orm.connections.pooling - HHH10001005: Database info:
	Database JDBC URL [Connecting through datasource 'HikariDataSource (HikariPool-1)']
	Database driver: undefined/unknown
	Database version: 8.0.42
	Autocommit mode: undefined/unknown
	Isolation level: undefined/unknown
	Minimum pool size: undefined/unknown
	Maximum pool size: undefined/unknown
2025-12-06 11:56:02 [restartedMain] INFO  o.h.e.t.j.p.i.JtaPlatformInitiator - HHH000489: No JTA platform available (set 'hibernate.transaction.jta.platform' to enable JTA platform integration)
2025-12-06 11:56:03 [restartedMain] INFO  o.s.o.j.LocalContainerEntityManagerFactoryBean - Initialized JPA EntityManagerFactory for persistence unit 'default'
2025-12-06 11:56:04 [restartedMain] INFO  o.s.s.c.a.a.c.InitializeAuthenticationProviderBeanManagerConfigurer$InitializeAuthenticationProviderManagerConfigurer - Global AuthenticationManager configured with AuthenticationProvider bean with name daoAuthenticationProvider
2025-12-06 11:56:04 [restartedMain] WARN  o.s.s.c.a.a.c.InitializeUserDetailsBeanManagerConfigurer$InitializeUserDetailsManagerConfigurer - Global AuthenticationManager configured with an AuthenticationProvider bean. UserDetailsService beans will not be used by Spring Security for automatically configuring username/password login. Consider removing the AuthenticationProvider bean. Alternatively, consider using the UserDetailsService in a manually instantiated DaoAuthenticationProvider. If the current configuration is intentional, to turn off this warning, increase the logging level of 'org.springframework.security.config.annotation.authentication.configuration.InitializeUserDetailsBeanManagerConfigurer' to ERROR
2025-12-06 11:56:04 [restartedMain] INFO  o.s.d.j.r.query.QueryEnhancerFactory - Hibernate is in classpath; If applicable, HQL parser will be used.
2025-12-06 11:56:07 [restartedMain] WARN  o.s.b.a.o.j.JpaBaseConfiguration$JpaWebConfiguration - spring.jpa.open-in-view is enabled by default. Therefore, database queries may be performed during view rendering. Explicitly configure spring.jpa.open-in-view to disable this warning
2025-12-06 11:56:08 [restartedMain] INFO  o.s.b.d.a.OptionalLiveReloadServer - LiveReload server is running on port 35729
2025-12-06 11:56:08 [restartedMain] INFO  o.a.coyote.http11.Http11NioProtocol - Starting ProtocolHandler ["http-nio-8007"]
2025-12-06 11:56:08 [restartedMain] INFO  o.s.b.w.e.tomcat.TomcatWebServer - Tomcat started on port 8007 (http) with context path '/'
2025-12-06 11:56:08 [restartedMain] INFO  c.e.t.t.TechgicusEbillingApplication - Started TechgicusEbillingApplication in 14.74 seconds (process running for 17.617)
2025-12-06 11:56:08 [restartedMain] DEBUG org.hibernate.SQL - select r1_0.role_id,r1_0.description,r1_0.role_name,r1_0.is_system_role from roles r1_0 where r1_0.role_name=?
2025-12-06 11:56:08 [restartedMain] DEBUG org.hibernate.SQL - select r1_0.role_id,r1_0.description,r1_0.role_name,r1_0.is_system_role from roles r1_0 where r1_0.role_name=?
2025-12-06 11:56:08 [restartedMain] DEBUG org.hibernate.SQL - select r1_0.role_id,r1_0.description,r1_0.role_name,r1_0.is_system_role from roles r1_0 where r1_0.role_name=?
2025-12-06 11:56:08 [restartedMain] DEBUG org.hibernate.SQL - select f1_0.feature_id,f1_0.code,f1_0.description,f1_0.name,f1_0.premium from features f1_0 where f1_0.code=?
2025-12-06 11:56:08 [restartedMain] DEBUG org.hibernate.SQL - select f1_0.feature_id,f1_0.code,f1_0.description,f1_0.name,f1_0.premium from features f1_0 where f1_0.code=?
2025-12-06 11:56:08 [restartedMain] DEBUG org.hibernate.SQL - select f1_0.feature_id,f1_0.code,f1_0.description,f1_0.name,f1_0.premium from features f1_0 where f1_0.code=?
2025-12-06 11:56:08 [restartedMain] DEBUG org.hibernate.SQL - select f1_0.feature_id,f1_0.code,f1_0.description,f1_0.name,f1_0.premium from features f1_0 where f1_0.code=?
2025-12-06 11:56:08 [restartedMain] DEBUG org.hibernate.SQL - select sp1_0.subscription_plan_id,sp1_0.description,sp1_0.duration_days,sp1_0.is_active,sp1_0.name,sp1_0.price from subscription_plans sp1_0 where sp1_0.name=?
2025-12-06 11:56:08 [restartedMain] DEBUG org.hibernate.SQL - select sp1_0.subscription_plan_id,sp1_0.description,sp1_0.duration_days,sp1_0.is_active,sp1_0.name,sp1_0.price from subscription_plans sp1_0 where sp1_0.name=?
2025-12-06 11:56:08 [restartedMain] DEBUG org.hibernate.SQL - select sp1_0.subscription_plan_id,sp1_0.description,sp1_0.duration_days,sp1_0.is_active,sp1_0.name,sp1_0.price from subscription_plans sp1_0 where sp1_0.name=?
2025-12-06 11:56:08 [restartedMain] DEBUG org.hibernate.SQL - select f1_0.feature_id,f1_0.code,f1_0.description,f1_0.name,f1_0.premium from features f1_0 where f1_0.code=?
2025-12-06 11:56:08 [restartedMain] DEBUG org.hibernate.SQL - select f1_0.feature_id,f1_0.code,f1_0.description,f1_0.name,f1_0.premium from features f1_0 where f1_0.code=?
2025-12-06 11:56:08 [restartedMain] DEBUG org.hibernate.SQL - select f1_0.feature_id,f1_0.code,f1_0.description,f1_0.name,f1_0.premium from features f1_0 where f1_0.code=?
2025-12-06 11:56:08 [restartedMain] DEBUG org.hibernate.SQL - select f1_0.feature_id,f1_0.code,f1_0.description,f1_0.name,f1_0.premium from features f1_0 where f1_0.code=?
2025-12-06 11:56:08 [restartedMain] DEBUG org.hibernate.SQL - select sp1_0.subscription_plan_id,sp1_0.description,sp1_0.duration_days,sp1_0.is_active,sp1_0.name,sp1_0.price from subscription_plans sp1_0 where sp1_0.name=?
2025-12-06 11:56:08 [restartedMain] DEBUG org.hibernate.SQL - select sp1_0.subscription_plan_id,sp1_0.description,sp1_0.duration_days,sp1_0.is_active,sp1_0.name,sp1_0.price from subscription_plans sp1_0 where sp1_0.name=?
2025-12-06 11:56:08 [restartedMain] DEBUG org.hibernate.SQL - select sp1_0.subscription_plan_id,sp1_0.description,sp1_0.duration_days,sp1_0.is_active,sp1_0.name,sp1_0.price from subscription_plans sp1_0 where sp1_0.name=?
2025-12-06 11:56:08 [restartedMain] DEBUG org.hibernate.SQL - select pfl1_0.plan_feature_limit_id,pfl1_0.boolean_limit,pfl1_0.feature_id,pfl1_0.limit_type,pfl1_0.plan_id,pfl1_0.usage_limit from plan_feature_limits pfl1_0 where pfl1_0.plan_id=? and pfl1_0.feature_id=?
2025-12-06 11:56:08 [restartedMain] DEBUG org.hibernate.SQL - select pfl1_0.plan_feature_limit_id,pfl1_0.boolean_limit,pfl1_0.feature_id,pfl1_0.limit_type,pfl1_0.plan_id,pfl1_0.usage_limit from plan_feature_limits pfl1_0 where pfl1_0.plan_id=? and pfl1_0.feature_id=?
2025-12-06 11:56:08 [restartedMain] DEBUG org.hibernate.SQL - select pfl1_0.plan_feature_limit_id,pfl1_0.boolean_limit,pfl1_0.feature_id,pfl1_0.limit_type,pfl1_0.plan_id,pfl1_0.usage_limit from plan_feature_limits pfl1_0 where pfl1_0.plan_id=? and pfl1_0.feature_id=?
2025-12-06 11:56:08 [restartedMain] DEBUG org.hibernate.SQL - select pfl1_0.plan_feature_limit_id,pfl1_0.boolean_limit,pfl1_0.feature_id,pfl1_0.limit_type,pfl1_0.plan_id,pfl1_0.usage_limit from plan_feature_limits pfl1_0 where pfl1_0.plan_id=? and pfl1_0.feature_id=?
2025-12-06 11:56:08 [restartedMain] DEBUG org.hibernate.SQL - select pfl1_0.plan_feature_limit_id,pfl1_0.boolean_limit,pfl1_0.feature_id,pfl1_0.limit_type,pfl1_0.plan_id,pfl1_0.usage_limit from plan_feature_limits pfl1_0 where pfl1_0.plan_id=? and pfl1_0.feature_id=?
2025-12-06 11:56:08 [restartedMain] DEBUG org.hibernate.SQL - select pfl1_0.plan_feature_limit_id,pfl1_0.boolean_limit,pfl1_0.feature_id,pfl1_0.limit_type,pfl1_0.plan_id,pfl1_0.usage_limit from plan_feature_limits pfl1_0 where pfl1_0.plan_id=? and pfl1_0.feature_id=?
2025-12-06 11:56:08 [restartedMain] DEBUG org.hibernate.SQL - select pfl1_0.plan_feature_limit_id,pfl1_0.boolean_limit,pfl1_0.feature_id,pfl1_0.limit_type,pfl1_0.plan_id,pfl1_0.usage_limit from plan_feature_limits pfl1_0 where pfl1_0.plan_id=? and pfl1_0.feature_id=?
2025-12-06 11:56:08 [restartedMain] DEBUG org.hibernate.SQL - select pfl1_0.plan_feature_limit_id,pfl1_0.boolean_limit,pfl1_0.feature_id,pfl1_0.limit_type,pfl1_0.plan_id,pfl1_0.usage_limit from plan_feature_limits pfl1_0 where pfl1_0.plan_id=? and pfl1_0.feature_id=?
2025-12-06 11:56:08 [restartedMain] DEBUG org.hibernate.SQL - select pfl1_0.plan_feature_limit_id,pfl1_0.boolean_limit,pfl1_0.feature_id,pfl1_0.limit_type,pfl1_0.plan_id,pfl1_0.usage_limit from plan_feature_limits pfl1_0 where pfl1_0.plan_id=? and pfl1_0.feature_id=?
2025-12-06 11:56:08 [restartedMain] DEBUG org.hibernate.SQL - select pfl1_0.plan_feature_limit_id,pfl1_0.boolean_limit,pfl1_0.feature_id,pfl1_0.limit_type,pfl1_0.plan_id,pfl1_0.usage_limit from plan_feature_limits pfl1_0 where pfl1_0.plan_id=? and pfl1_0.feature_id=?
2025-12-06 11:56:08 [restartedMain] DEBUG org.hibernate.SQL - select pfl1_0.plan_feature_limit_id,pfl1_0.boolean_limit,pfl1_0.feature_id,pfl1_0.limit_type,pfl1_0.plan_id,pfl1_0.usage_limit from plan_feature_limits pfl1_0 where pfl1_0.plan_id=? and pfl1_0.feature_id=?
2025-12-06 11:56:08 [restartedMain] DEBUG org.hibernate.SQL - select pfl1_0.plan_feature_limit_id,pfl1_0.boolean_limit,pfl1_0.feature_id,pfl1_0.limit_type,pfl1_0.plan_id,pfl1_0.usage_limit from plan_feature_limits pfl1_0 where pfl1_0.plan_id=? and pfl1_0.feature_id=?
2025-12-06 11:56:08 [restartedMain] DEBUG org.hibernate.SQL - select r1_0.role_id,r1_0.description,r1_0.role_name,r1_0.is_system_role from roles r1_0 where r1_0.role_name=?
2025-12-06 11:56:08 [restartedMain] DEBUG org.hibernate.SQL - select u1_0.user_id,u1_0.created_at,u1_0.email,u1_0.password,u1_0.update_at,u1_0.user_name from users u1_0 where u1_0.email=?
2025-12-06 11:56:08 [restartedMain] DEBUG org.hibernate.SQL - select r1_0.user_id,r1_1.role_id,r1_1.description,r1_1.role_name,r1_1.is_system_role from user_roles r1_0 join roles r1_1 on r1_1.role_id=r1_0.role_id where r1_0.user_id=?
2025-12-06 12:02:10 [SpringApplicationShutdownHook] INFO  o.s.b.w.e.tomcat.GracefulShutdown - Commencing graceful shutdown. Waiting for active requests to complete
2025-12-06 12:02:10 [tomcat-shutdown] INFO  o.s.b.w.e.tomcat.GracefulShutdown - Graceful shutdown complete
2025-12-06 12:02:10 [SpringApplicationShutdownHook] INFO  o.s.o.j.LocalContainerEntityManagerFactoryBean - Closing JPA EntityManagerFactory for persistence unit 'default'
2025-12-06 12:02:10 [SpringApplicationShutdownHook] INFO  com.zaxxer.hikari.HikariDataSource - HikariPool-1 - Shutdown initiated...
2025-12-06 12:02:10 [SpringApplicationShutdownHook] INFO  com.zaxxer.hikari.HikariDataSource - HikariPool-1 - Shutdown completed.
2025-12-06 12:02:14 [background-preinit] INFO  o.h.validator.internal.util.Version - HV000001: Hibernate Validator 8.0.2.Final
2025-12-06 12:02:14 [restartedMain] INFO  c.e.t.t.TechgicusEbillingApplication - Starting TechgicusEbillingApplication using Java 24.0.1 with PID 14236 (D:\Techgicus_software\techgicus_ebilling\target\classes started by payal in D:\Techgicus_software\techgicus_ebilling)
2025-12-06 12:02:14 [restartedMain] INFO  c.e.t.t.TechgicusEbillingApplication - No active profile set, falling back to 1 default profile: "default"
2025-12-06 12:02:14 [restartedMain] INFO  o.s.b.d.e.DevToolsPropertyDefaultsPostProcessor - Devtools property defaults active! Set 'spring.devtools.add-properties' to 'false' to disable
2025-12-06 12:02:14 [restartedMain] INFO  o.s.b.d.e.DevToolsPropertyDefaultsPostProcessor - For additional web related logging consider setting the 'logging.level.web' property to 'DEBUG'
2025-12-06 12:02:16 [restartedMain] INFO  o.s.d.r.c.RepositoryConfigurationDelegate - Bootstrapping Spring Data JPA repositories in DEFAULT mode.
2025-12-06 12:02:16 [restartedMain] INFO  o.s.d.r.c.RepositoryConfigurationDelegate - Finished Spring Data repository scanning in 299 ms. Found 39 JPA repository interfaces.
2025-12-06 12:02:19 [restartedMain] INFO  o.s.b.w.e.tomcat.TomcatWebServer - Tomcat initialized with port 8007 (http)
2025-12-06 12:02:19 [restartedMain] INFO  o.a.coyote.http11.Http11NioProtocol - Initializing ProtocolHandler ["http-nio-8007"]
2025-12-06 12:02:19 [restartedMain] INFO  o.a.catalina.core.StandardService - Starting service [Tomcat]
2025-12-06 12:02:19 [restartedMain] INFO  o.a.catalina.core.StandardEngine - Starting Servlet engine: [Apache Tomcat/10.1.36]
2025-12-06 12:02:19 [restartedMain] INFO  o.a.c.c.C.[Tomcat].[localhost].[/] - Initializing Spring embedded WebApplicationContext
2025-12-06 12:02:19 [restartedMain] INFO  o.s.b.w.s.c.ServletWebServerApplicationContext - Root WebApplicationContext: initialization completed in 5008 ms
2025-12-06 12:02:19 [restartedMain] INFO  com.zaxxer.hikari.HikariDataSource - HikariPool-1 - Starting...
2025-12-06 12:02:20 [restartedMain] INFO  com.zaxxer.hikari.pool.HikariPool - HikariPool-1 - Added connection com.mysql.cj.jdbc.ConnectionImpl@1b67f252
2025-12-06 12:02:20 [restartedMain] INFO  com.zaxxer.hikari.HikariDataSource - HikariPool-1 - Start completed.
2025-12-06 12:02:21 [restartedMain] INFO  o.h.jpa.internal.util.LogHelper - HHH000204: Processing PersistenceUnitInfo [name: default]
2025-12-06 12:02:21 [restartedMain] INFO  org.hibernate.Version - HHH000412: Hibernate ORM core version 6.6.8.Final
2025-12-06 12:02:21 [restartedMain] INFO  o.h.c.i.RegionFactoryInitiator - HHH000026: Second-level cache disabled
2025-12-06 12:02:21 [restartedMain] INFO  o.s.o.j.p.SpringPersistenceUnitInfo - No LoadTimeWeaver setup: ignoring JPA class transformer
2025-12-06 12:02:21 [restartedMain] INFO  o.hibernate.orm.connections.pooling - HHH10001005: Database info:
	Database JDBC URL [Connecting through datasource 'HikariDataSource (HikariPool-1)']
	Database driver: undefined/unknown
	Database version: 8.0.42
	Autocommit mode: undefined/unknown
	Isolation level: undefined/unknown
	Minimum pool size: undefined/unknown
	Maximum pool size: undefined/unknown
2025-12-06 12:02:24 [restartedMain] INFO  o.h.e.t.j.p.i.JtaPlatformInitiator - HHH000489: No JTA platform available (set 'hibernate.transaction.jta.platform' to enable JTA platform integration)
2025-12-06 12:02:25 [restartedMain] INFO  o.s.o.j.LocalContainerEntityManagerFactoryBean - Initialized JPA EntityManagerFactory for persistence unit 'default'
2025-12-06 12:02:26 [restartedMain] INFO  o.s.s.c.a.a.c.InitializeAuthenticationProviderBeanManagerConfigurer$InitializeAuthenticationProviderManagerConfigurer - Global AuthenticationManager configured with AuthenticationProvider bean with name daoAuthenticationProvider
2025-12-06 12:02:26 [restartedMain] WARN  o.s.s.c.a.a.c.InitializeUserDetailsBeanManagerConfigurer$InitializeUserDetailsManagerConfigurer - Global AuthenticationManager configured with an AuthenticationProvider bean. UserDetailsService beans will not be used by Spring Security for automatically configuring username/password login. Consider removing the AuthenticationProvider bean. Alternatively, consider using the UserDetailsService in a manually instantiated DaoAuthenticationProvider. If the current configuration is intentional, to turn off this warning, increase the logging level of 'org.springframework.security.config.annotation.authentication.configuration.InitializeUserDetailsBeanManagerConfigurer' to ERROR
2025-12-06 12:02:26 [restartedMain] INFO  o.s.d.j.r.query.QueryEnhancerFactory - Hibernate is in classpath; If applicable, HQL parser will be used.
2025-12-06 12:02:29 [restartedMain] WARN  o.s.b.a.o.j.JpaBaseConfiguration$JpaWebConfiguration - spring.jpa.open-in-view is enabled by default. Therefore, database queries may be performed during view rendering. Explicitly configure spring.jpa.open-in-view to disable this warning
2025-12-06 12:02:30 [restartedMain] INFO  o.s.b.d.a.OptionalLiveReloadServer - LiveReload server is running on port 35729
2025-12-06 12:02:30 [restartedMain] INFO  o.a.coyote.http11.Http11NioProtocol - Starting ProtocolHandler ["http-nio-8007"]
2025-12-06 12:02:30 [restartedMain] INFO  o.s.b.w.e.tomcat.TomcatWebServer - Tomcat started on port 8007 (http) with context path '/'
2025-12-06 12:02:30 [restartedMain] INFO  c.e.t.t.TechgicusEbillingApplication - Started TechgicusEbillingApplication in 16.313 seconds (process running for 16.951)
2025-12-06 12:02:30 [restartedMain] DEBUG org.hibernate.SQL - select r1_0.role_id,r1_0.description,r1_0.role_name,r1_0.is_system_role from roles r1_0 where r1_0.role_name=?
2025-12-06 12:02:30 [restartedMain] DEBUG org.hibernate.SQL - select r1_0.role_id,r1_0.description,r1_0.role_name,r1_0.is_system_role from roles r1_0 where r1_0.role_name=?
2025-12-06 12:02:30 [restartedMain] DEBUG org.hibernate.SQL - select r1_0.role_id,r1_0.description,r1_0.role_name,r1_0.is_system_role from roles r1_0 where r1_0.role_name=?
2025-12-06 12:02:30 [restartedMain] DEBUG org.hibernate.SQL - select f1_0.feature_id,f1_0.code,f1_0.description,f1_0.name,f1_0.premium from features f1_0 where f1_0.code=?
2025-12-06 12:02:30 [restartedMain] DEBUG org.hibernate.SQL - select f1_0.feature_id,f1_0.code,f1_0.description,f1_0.name,f1_0.premium from features f1_0 where f1_0.code=?
2025-12-06 12:02:30 [restartedMain] DEBUG org.hibernate.SQL - select f1_0.feature_id,f1_0.code,f1_0.description,f1_0.name,f1_0.premium from features f1_0 where f1_0.code=?
2025-12-06 12:02:30 [restartedMain] DEBUG org.hibernate.SQL - select f1_0.feature_id,f1_0.code,f1_0.description,f1_0.name,f1_0.premium from features f1_0 where f1_0.code=?
2025-12-06 12:02:30 [restartedMain] DEBUG org.hibernate.SQL - select sp1_0.subscription_plan_id,sp1_0.description,sp1_0.duration_days,sp1_0.is_active,sp1_0.name,sp1_0.price from subscription_plans sp1_0 where sp1_0.name=?
2025-12-06 12:02:30 [restartedMain] DEBUG org.hibernate.SQL - select sp1_0.subscription_plan_id,sp1_0.description,sp1_0.duration_days,sp1_0.is_active,sp1_0.name,sp1_0.price from subscription_plans sp1_0 where sp1_0.name=?
2025-12-06 12:02:30 [restartedMain] DEBUG org.hibernate.SQL - select sp1_0.subscription_plan_id,sp1_0.description,sp1_0.duration_days,sp1_0.is_active,sp1_0.name,sp1_0.price from subscription_plans sp1_0 where sp1_0.name=?
2025-12-06 12:02:30 [restartedMain] DEBUG org.hibernate.SQL - select f1_0.feature_id,f1_0.code,f1_0.description,f1_0.name,f1_0.premium from features f1_0 where f1_0.code=?
2025-12-06 12:02:30 [restartedMain] DEBUG org.hibernate.SQL - select f1_0.feature_id,f1_0.code,f1_0.description,f1_0.name,f1_0.premium from features f1_0 where f1_0.code=?
2025-12-06 12:02:30 [restartedMain] DEBUG org.hibernate.SQL - select f1_0.feature_id,f1_0.code,f1_0.description,f1_0.name,f1_0.premium from features f1_0 where f1_0.code=?
2025-12-06 12:02:30 [restartedMain] DEBUG org.hibernate.SQL - select f1_0.feature_id,f1_0.code,f1_0.description,f1_0.name,f1_0.premium from features f1_0 where f1_0.code=?
2025-12-06 12:02:30 [restartedMain] DEBUG org.hibernate.SQL - select sp1_0.subscription_plan_id,sp1_0.description,sp1_0.duration_days,sp1_0.is_active,sp1_0.name,sp1_0.price from subscription_plans sp1_0 where sp1_0.name=?
2025-12-06 12:02:30 [restartedMain] DEBUG org.hibernate.SQL - select sp1_0.subscription_plan_id,sp1_0.description,sp1_0.duration_days,sp1_0.is_active,sp1_0.name,sp1_0.price from subscription_plans sp1_0 where sp1_0.name=?
2025-12-06 12:02:30 [restartedMain] DEBUG org.hibernate.SQL - select sp1_0.subscription_plan_id,sp1_0.description,sp1_0.duration_days,sp1_0.is_active,sp1_0.name,sp1_0.price from subscription_plans sp1_0 where sp1_0.name=?
2025-12-06 12:02:30 [restartedMain] DEBUG org.hibernate.SQL - select pfl1_0.plan_feature_limit_id,pfl1_0.boolean_limit,pfl1_0.feature_id,pfl1_0.limit_type,pfl1_0.plan_id,pfl1_0.usage_limit from plan_feature_limits pfl1_0 where pfl1_0.plan_id=? and pfl1_0.feature_id=?
2025-12-06 12:02:30 [restartedMain] DEBUG org.hibernate.SQL - select pfl1_0.plan_feature_limit_id,pfl1_0.boolean_limit,pfl1_0.feature_id,pfl1_0.limit_type,pfl1_0.plan_id,pfl1_0.usage_limit from plan_feature_limits pfl1_0 where pfl1_0.plan_id=? and pfl1_0.feature_id=?
2025-12-06 12:02:30 [restartedMain] DEBUG org.hibernate.SQL - select pfl1_0.plan_feature_limit_id,pfl1_0.boolean_limit,pfl1_0.feature_id,pfl1_0.limit_type,pfl1_0.plan_id,pfl1_0.usage_limit from plan_feature_limits pfl1_0 where pfl1_0.plan_id=? and pfl1_0.feature_id=?
2025-12-06 12:02:30 [restartedMain] DEBUG org.hibernate.SQL - select pfl1_0.plan_feature_limit_id,pfl1_0.boolean_limit,pfl1_0.feature_id,pfl1_0.limit_type,pfl1_0.plan_id,pfl1_0.usage_limit from plan_feature_limits pfl1_0 where pfl1_0.plan_id=? and pfl1_0.feature_id=?
2025-12-06 12:02:30 [restartedMain] DEBUG org.hibernate.SQL - select pfl1_0.plan_feature_limit_id,pfl1_0.boolean_limit,pfl1_0.feature_id,pfl1_0.limit_type,pfl1_0.plan_id,pfl1_0.usage_limit from plan_feature_limits pfl1_0 where pfl1_0.plan_id=? and pfl1_0.feature_id=?
2025-12-06 12:02:30 [restartedMain] DEBUG org.hibernate.SQL - select pfl1_0.plan_feature_limit_id,pfl1_0.boolean_limit,pfl1_0.feature_id,pfl1_0.limit_type,pfl1_0.plan_id,pfl1_0.usage_limit from plan_feature_limits pfl1_0 where pfl1_0.plan_id=? and pfl1_0.feature_id=?
2025-12-06 12:02:30 [restartedMain] DEBUG org.hibernate.SQL - select pfl1_0.plan_feature_limit_id,pfl1_0.boolean_limit,pfl1_0.feature_id,pfl1_0.limit_type,pfl1_0.plan_id,pfl1_0.usage_limit from plan_feature_limits pfl1_0 where pfl1_0.plan_id=? and pfl1_0.feature_id=?
2025-12-06 12:02:30 [restartedMain] DEBUG org.hibernate.SQL - select pfl1_0.plan_feature_limit_id,pfl1_0.boolean_limit,pfl1_0.feature_id,pfl1_0.limit_type,pfl1_0.plan_id,pfl1_0.usage_limit from plan_feature_limits pfl1_0 where pfl1_0.plan_id=? and pfl1_0.feature_id=?
2025-12-06 12:02:30 [restartedMain] DEBUG org.hibernate.SQL - select pfl1_0.plan_feature_limit_id,pfl1_0.boolean_limit,pfl1_0.feature_id,pfl1_0.limit_type,pfl1_0.plan_id,pfl1_0.usage_limit from plan_feature_limits pfl1_0 where pfl1_0.plan_id=? and pfl1_0.feature_id=?
2025-12-06 12:02:30 [restartedMain] DEBUG org.hibernate.SQL - select pfl1_0.plan_feature_limit_id,pfl1_0.boolean_limit,pfl1_0.feature_id,pfl1_0.limit_type,pfl1_0.plan_id,pfl1_0.usage_limit from plan_feature_limits pfl1_0 where pfl1_0.plan_id=? and pfl1_0.feature_id=?
2025-12-06 12:02:30 [restartedMain] DEBUG org.hibernate.SQL - select pfl1_0.plan_feature_limit_id,pfl1_0.boolean_limit,pfl1_0.feature_id,pfl1_0.limit_type,pfl1_0.plan_id,pfl1_0.usage_limit from plan_feature_limits pfl1_0 where pfl1_0.plan_id=? and pfl1_0.feature_id=?
2025-12-06 12:02:30 [restartedMain] DEBUG org.hibernate.SQL - select pfl1_0.plan_feature_limit_id,pfl1_0.boolean_limit,pfl1_0.feature_id,pfl1_0.limit_type,pfl1_0.plan_id,pfl1_0.usage_limit from plan_feature_limits pfl1_0 where pfl1_0.plan_id=? and pfl1_0.feature_id=?
2025-12-06 12:02:30 [restartedMain] DEBUG org.hibernate.SQL - select r1_0.role_id,r1_0.description,r1_0.role_name,r1_0.is_system_role from roles r1_0 where r1_0.role_name=?
2025-12-06 12:02:30 [restartedMain] DEBUG org.hibernate.SQL - select u1_0.user_id,u1_0.created_at,u1_0.email,u1_0.password,u1_0.update_at,u1_0.user_name from users u1_0 where u1_0.email=?
2025-12-06 12:02:30 [restartedMain] DEBUG org.hibernate.SQL - select r1_0.user_id,r1_1.role_id,r1_1.description,r1_1.role_name,r1_1.is_system_role from user_roles r1_0 join roles r1_1 on r1_1.role_id=r1_0.role_id where r1_0.user_id=?
2025-12-06 12:04:23 [http-nio-8007-exec-2] INFO  o.a.c.c.C.[Tomcat].[localhost].[/] - Initializing Spring DispatcherServlet 'dispatcherServlet'
2025-12-06 12:04:23 [http-nio-8007-exec-2] INFO  o.s.web.servlet.DispatcherServlet - Initializing Servlet 'dispatcherServlet'
2025-12-06 12:04:23 [http-nio-8007-exec-2] INFO  o.s.web.servlet.DispatcherServlet - Completed initialization in 2 ms
2025-12-06 12:04:24 [http-nio-8007-exec-2] DEBUG org.hibernate.SQL - select u1_0.user_id,u1_0.created_at,u1_0.email,u1_0.password,u1_0.update_at,u1_0.user_name from users u1_0 where u1_0.email=?
2025-12-06 12:04:24 [http-nio-8007-exec-2] DEBUG org.hibernate.SQL - select r1_0.user_id,r1_1.role_id,r1_1.description,r1_1.role_name,r1_1.is_system_role from user_roles r1_0 join roles r1_1 on r1_1.role_id=r1_0.role_id where r1_0.user_id=?
2025-12-06 12:05:03 [http-nio-8007-exec-3] DEBUG org.hibernate.SQL - select u1_0.user_id,u1_0.created_at,u1_0.email,u1_0.password,u1_0.update_at,u1_0.user_name from users u1_0 where u1_0.email=?
2025-12-06 12:05:03 [http-nio-8007-exec-3] DEBUG org.hibernate.SQL - select r1_0.user_id,r1_1.role_id,r1_1.description,r1_1.role_name,r1_1.is_system_role from user_roles r1_0 join roles r1_1 on r1_1.role_id=r1_0.role_id where r1_0.user_id=?
2025-12-06 12:05:03 [http-nio-8007-exec-3] WARN  o.s.w.s.m.s.DefaultHandlerExceptionResolver - Resolved [org.springframework.web.bind.MissingServletRequestParameterException: Required request parameter 'period' for method parameter type String is not present]
2025-12-06 12:07:04 [http-nio-8007-exec-6] DEBUG org.hibernate.SQL - select u1_0.user_id,u1_0.created_at,u1_0.email,u1_0.password,u1_0.update_at,u1_0.user_name from users u1_0 where u1_0.email=?
2025-12-06 12:07:04 [http-nio-8007-exec-6] DEBUG org.hibernate.SQL - select r1_0.user_id,r1_1.role_id,r1_1.description,r1_1.role_name,r1_1.is_system_role from user_roles r1_0 join roles r1_1 on r1_1.role_id=r1_0.role_id where r1_0.user_id=?
2025-12-06 12:07:04 [http-nio-8007-exec-6] DEBUG org.hibernate.SQL - select pl1_0.ledger_id,pl1_0.company_id,pl1_0.created_at,pl1_0.credit_amount,pl1_0.date,pl1_0.debit_amount,pl1_0.description,pl1_0.party_id,pl1_0.reference_id,pl1_0.reference_no,pl1_0.running_balance,pl1_0.type from party_ledger pl1_0 left join party p1_0 on p1_0.party_id=pl1_0.party_id where p1_0.party_id=? and pl1_0.date between ? and ? order by pl1_0.date
2025-12-06 12:07:04 [http-nio-8007-exec-6] DEBUG org.hibernate.SQL - select c1_0.company_id,c1_0.address,c1_0.business_description,c1_0.bussiness_category,c1_0.bussiness_name,c1_0.bussiness_type,c1_0.company_owner_id,co1_0.user_id,co1_0.created_at,co1_0.email,co1_0.password,r1_0.user_id,r1_1.role_id,r1_1.description,r1_1.role_name,r1_1.is_system_role,co1_0.update_at,co1_0.user_name,c1_0.created_at,c1_0.email_id,c1_0.gstin,c1_0.logo_url,c1_0.phone_no,c1_0.signature_url,c1_0.state,c1_0.update_at from company c1_0 join users co1_0 on co1_0.user_id=c1_0.company_owner_id left join user_roles r1_0 on co1_0.user_id=r1_0.user_id left join roles r1_1 on r1_1.role_id=r1_0.role_id where c1_0.company_id=?
2025-12-06 12:07:04 [http-nio-8007-exec-6] DEBUG org.hibernate.SQL - select p1_0.party_id,p1_0.billing_address,c1_0.company_id,c1_0.address,c1_0.business_description,c1_0.bussiness_category,c1_0.bussiness_name,c1_0.bussiness_type,c1_0.company_owner_id,co1_0.user_id,co1_0.created_at,co1_0.email,co1_0.password,co1_0.update_at,co1_0.user_name,c1_0.created_at,c1_0.email_id,c1_0.gstin,c1_0.logo_url,c1_0.phone_no,c1_0.signature_url,c1_0.state,c1_0.update_at,p1_0.created_at,p1_0.email_id,p1_0.gst_type,p1_0.gstin,p1_0.name,p1_0.phone_no,p1_0.shiping_address,p1_0.state,p1_0.updated_at from party p1_0 left join company c1_0 on c1_0.company_id=p1_0.company_id left join users co1_0 on co1_0.user_id=c1_0.company_owner_id where p1_0.party_id=?
2025-12-06 14:54:08 [HikariPool-1 housekeeper] WARN  com.zaxxer.hikari.pool.HikariPool - HikariPool-1 - Thread starvation or clock leap detected (housekeeper delta=1m45s779ms556µs100ns).
2025-12-06 14:59:59 [SpringApplicationShutdownHook] INFO  o.s.b.w.e.tomcat.GracefulShutdown - Commencing graceful shutdown. Waiting for active requests to complete
2025-12-06 14:59:59 [tomcat-shutdown] INFO  o.s.b.w.e.tomcat.GracefulShutdown - Graceful shutdown complete
2025-12-06 15:00:00 [SpringApplicationShutdownHook] INFO  o.s.o.j.LocalContainerEntityManagerFactoryBean - Closing JPA EntityManagerFactory for persistence unit 'default'
2025-12-06 15:00:00 [SpringApplicationShutdownHook] INFO  com.zaxxer.hikari.HikariDataSource - HikariPool-1 - Shutdown initiated...
2025-12-06 15:00:00 [SpringApplicationShutdownHook] INFO  com.zaxxer.hikari.HikariDataSource - HikariPool-1 - Shutdown completed.
