2025-11-27 11:28:47 [background-preinit] INFO  o.h.validator.internal.util.Version - HV000001: Hibernate Validator 8.0.2.Final
2025-11-27 11:28:47 [restartedMain] INFO  c.e.t.t.TechgicusEbillingApplication - Starting TechgicusEbillingApplication using Java 24.0.1 with PID 12632 (D:\Techgicus_software\techgicus_ebilling\target\classes started by payal in D:\Techgicus_software\techgicus_ebilling)
2025-11-27 11:28:47 [restartedMain] INFO  c.e.t.t.TechgicusEbillingApplication - No active profile set, falling back to 1 default profile: "default"
2025-11-27 11:28:47 [restartedMain] INFO  o.s.b.d.e.DevToolsPropertyDefaultsPostProcessor - Devtools property defaults active! Set 'spring.devtools.add-properties' to 'false' to disable
2025-11-27 11:28:47 [restartedMain] INFO  o.s.b.d.e.DevToolsPropertyDefaultsPostProcessor - For additional web related logging consider setting the 'logging.level.web' property to 'DEBUG'
2025-11-27 11:28:50 [restartedMain] INFO  o.s.d.r.c.RepositoryConfigurationDelegate - Bootstrapping Spring Data JPA repositories in DEFAULT mode.
2025-11-27 11:28:50 [restartedMain] INFO  o.s.d.r.c.RepositoryConfigurationDelegate - Finished Spring Data repository scanning in 302 ms. Found 37 JPA repository interfaces.
2025-11-27 11:28:51 [restartedMain] INFO  o.s.b.w.e.tomcat.TomcatWebServer - Tomcat initialized with port 8007 (http)
2025-11-27 11:28:51 [restartedMain] INFO  o.a.coyote.http11.Http11NioProtocol - Initializing ProtocolHandler ["http-nio-8007"]
2025-11-27 11:28:51 [restartedMain] INFO  o.a.catalina.core.StandardService - Starting service [Tomcat]
2025-11-27 11:28:51 [restartedMain] INFO  o.a.catalina.core.StandardEngine - Starting Servlet engine: [Apache Tomcat/10.1.36]
2025-11-27 11:28:51 [restartedMain] INFO  o.a.c.c.C.[Tomcat].[localhost].[/] - Initializing Spring embedded WebApplicationContext
2025-11-27 11:28:51 [restartedMain] INFO  o.s.b.w.s.c.ServletWebServerApplicationContext - Root WebApplicationContext: initialization completed in 4344 ms
2025-11-27 11:28:52 [restartedMain] INFO  com.zaxxer.hikari.HikariDataSource - HikariPool-1 - Starting...
2025-11-27 11:28:53 [restartedMain] INFO  com.zaxxer.hikari.pool.HikariPool - HikariPool-1 - Added connection com.mysql.cj.jdbc.ConnectionImpl@4dab7f82
2025-11-27 11:28:53 [restartedMain] INFO  com.zaxxer.hikari.HikariDataSource - HikariPool-1 - Start completed.
2025-11-27 11:28:53 [restartedMain] INFO  o.h.jpa.internal.util.LogHelper - HHH000204: Processing PersistenceUnitInfo [name: default]
2025-11-27 11:28:53 [restartedMain] INFO  org.hibernate.Version - HHH000412: Hibernate ORM core version 6.6.8.Final
2025-11-27 11:28:53 [restartedMain] INFO  o.h.c.i.RegionFactoryInitiator - HHH000026: Second-level cache disabled
2025-11-27 11:28:53 [restartedMain] INFO  o.s.o.j.p.SpringPersistenceUnitInfo - No LoadTimeWeaver setup: ignoring JPA class transformer
2025-11-27 11:28:53 [restartedMain] INFO  o.hibernate.orm.connections.pooling - HHH10001005: Database info:
	Database JDBC URL [Connecting through datasource 'HikariDataSource (HikariPool-1)']
	Database driver: undefined/unknown
	Database version: 8.0.42
	Autocommit mode: undefined/unknown
	Isolation level: undefined/unknown
	Minimum pool size: undefined/unknown
	Maximum pool size: undefined/unknown
2025-11-27 11:28:55 [restartedMain] INFO  o.h.e.t.j.p.i.JtaPlatformInitiator - HHH000489: No JTA platform available (set 'hibernate.transaction.jta.platform' to enable JTA platform integration)
2025-11-27 11:28:56 [restartedMain] DEBUG org.hibernate.SQL - create table stock_batch (id bigint not null auto_increment, date date, quantity float(53) not null, rate float(53) not null, item_id bigint not null, primary key (id)) engine=InnoDB
2025-11-27 11:28:56 [restartedMain] DEBUG org.hibernate.SQL - alter table stock_transaction add column price_per_unit float(53)
2025-11-27 11:28:56 [restartedMain] DEBUG org.hibernate.SQL - alter table stock_batch add constraint FKhvea6av0ch80hqwxu5ohpicf2 foreign key (item_id) references item (item_id)
2025-11-27 11:28:56 [restartedMain] INFO  o.s.o.j.LocalContainerEntityManagerFactoryBean - Initialized JPA EntityManagerFactory for persistence unit 'default'
2025-11-27 11:28:57 [restartedMain] INFO  o.s.s.c.a.a.c.InitializeAuthenticationProviderBeanManagerConfigurer$InitializeAuthenticationProviderManagerConfigurer - Global AuthenticationManager configured with AuthenticationProvider bean with name daoAuthenticationProvider
2025-11-27 11:28:57 [restartedMain] WARN  o.s.s.c.a.a.c.InitializeUserDetailsBeanManagerConfigurer$InitializeUserDetailsManagerConfigurer - Global AuthenticationManager configured with an AuthenticationProvider bean. UserDetailsService beans will not be used by Spring Security for automatically configuring username/password login. Consider removing the AuthenticationProvider bean. Alternatively, consider using the UserDetailsService in a manually instantiated DaoAuthenticationProvider. If the current configuration is intentional, to turn off this warning, increase the logging level of 'org.springframework.security.config.annotation.authentication.configuration.InitializeUserDetailsBeanManagerConfigurer' to ERROR
2025-11-27 11:28:57 [restartedMain] INFO  o.s.d.j.r.query.QueryEnhancerFactory - Hibernate is in classpath; If applicable, HQL parser will be used.
2025-11-27 11:29:00 [restartedMain] WARN  o.s.b.a.o.j.JpaBaseConfiguration$JpaWebConfiguration - spring.jpa.open-in-view is enabled by default. Therefore, database queries may be performed during view rendering. Explicitly configure spring.jpa.open-in-view to disable this warning
2025-11-27 11:29:01 [restartedMain] INFO  o.s.b.d.a.OptionalLiveReloadServer - LiveReload server is running on port 35729
2025-11-27 11:29:01 [restartedMain] INFO  o.a.coyote.http11.Http11NioProtocol - Starting ProtocolHandler ["http-nio-8007"]
2025-11-27 11:29:01 [restartedMain] INFO  o.s.b.w.e.tomcat.TomcatWebServer - Tomcat started on port 8007 (http) with context path '/'
2025-11-27 11:29:01 [restartedMain] INFO  c.e.t.t.TechgicusEbillingApplication - Started TechgicusEbillingApplication in 15.399 seconds (process running for 18.075)
2025-11-27 11:29:02 [restartedMain] DEBUG org.hibernate.SQL - select r1_0.role_id,r1_0.description,r1_0.role_name,r1_0.is_system_role from roles r1_0 where r1_0.role_name=?
2025-11-27 11:29:02 [restartedMain] DEBUG org.hibernate.SQL - select r1_0.role_id,r1_0.description,r1_0.role_name,r1_0.is_system_role from roles r1_0 where r1_0.role_name=?
2025-11-27 11:29:02 [restartedMain] DEBUG org.hibernate.SQL - select r1_0.role_id,r1_0.description,r1_0.role_name,r1_0.is_system_role from roles r1_0 where r1_0.role_name=?
2025-11-27 11:29:02 [restartedMain] DEBUG org.hibernate.SQL - select f1_0.feature_id,f1_0.code,f1_0.description,f1_0.name,f1_0.premium from features f1_0 where f1_0.code=?
2025-11-27 11:29:02 [restartedMain] DEBUG org.hibernate.SQL - select f1_0.feature_id,f1_0.code,f1_0.description,f1_0.name,f1_0.premium from features f1_0 where f1_0.code=?
2025-11-27 11:29:02 [restartedMain] DEBUG org.hibernate.SQL - select f1_0.feature_id,f1_0.code,f1_0.description,f1_0.name,f1_0.premium from features f1_0 where f1_0.code=?
2025-11-27 11:29:02 [restartedMain] DEBUG org.hibernate.SQL - select f1_0.feature_id,f1_0.code,f1_0.description,f1_0.name,f1_0.premium from features f1_0 where f1_0.code=?
2025-11-27 11:29:02 [restartedMain] DEBUG org.hibernate.SQL - select sp1_0.subscription_plan_id,sp1_0.description,sp1_0.duration_days,sp1_0.is_active,sp1_0.name,sp1_0.price from subscription_plans sp1_0 where sp1_0.name=?
2025-11-27 11:29:02 [restartedMain] DEBUG org.hibernate.SQL - select sp1_0.subscription_plan_id,sp1_0.description,sp1_0.duration_days,sp1_0.is_active,sp1_0.name,sp1_0.price from subscription_plans sp1_0 where sp1_0.name=?
2025-11-27 11:29:02 [restartedMain] DEBUG org.hibernate.SQL - select sp1_0.subscription_plan_id,sp1_0.description,sp1_0.duration_days,sp1_0.is_active,sp1_0.name,sp1_0.price from subscription_plans sp1_0 where sp1_0.name=?
2025-11-27 11:29:02 [restartedMain] DEBUG org.hibernate.SQL - select f1_0.feature_id,f1_0.code,f1_0.description,f1_0.name,f1_0.premium from features f1_0 where f1_0.code=?
2025-11-27 11:29:02 [restartedMain] DEBUG org.hibernate.SQL - select f1_0.feature_id,f1_0.code,f1_0.description,f1_0.name,f1_0.premium from features f1_0 where f1_0.code=?
2025-11-27 11:29:02 [restartedMain] DEBUG org.hibernate.SQL - select f1_0.feature_id,f1_0.code,f1_0.description,f1_0.name,f1_0.premium from features f1_0 where f1_0.code=?
2025-11-27 11:29:02 [restartedMain] DEBUG org.hibernate.SQL - select f1_0.feature_id,f1_0.code,f1_0.description,f1_0.name,f1_0.premium from features f1_0 where f1_0.code=?
2025-11-27 11:29:02 [restartedMain] DEBUG org.hibernate.SQL - select sp1_0.subscription_plan_id,sp1_0.description,sp1_0.duration_days,sp1_0.is_active,sp1_0.name,sp1_0.price from subscription_plans sp1_0 where sp1_0.name=?
2025-11-27 11:29:02 [restartedMain] DEBUG org.hibernate.SQL - select sp1_0.subscription_plan_id,sp1_0.description,sp1_0.duration_days,sp1_0.is_active,sp1_0.name,sp1_0.price from subscription_plans sp1_0 where sp1_0.name=?
2025-11-27 11:29:02 [restartedMain] DEBUG org.hibernate.SQL - select sp1_0.subscription_plan_id,sp1_0.description,sp1_0.duration_days,sp1_0.is_active,sp1_0.name,sp1_0.price from subscription_plans sp1_0 where sp1_0.name=?
2025-11-27 11:29:02 [restartedMain] DEBUG org.hibernate.SQL - select pfl1_0.plan_feature_limit_id,pfl1_0.boolean_limit,pfl1_0.feature_id,pfl1_0.limit_type,pfl1_0.plan_id,pfl1_0.usage_limit from plan_feature_limits pfl1_0 where pfl1_0.plan_id=? and pfl1_0.feature_id=?
2025-11-27 11:29:02 [restartedMain] DEBUG org.hibernate.SQL - select pfl1_0.plan_feature_limit_id,pfl1_0.boolean_limit,pfl1_0.feature_id,pfl1_0.limit_type,pfl1_0.plan_id,pfl1_0.usage_limit from plan_feature_limits pfl1_0 where pfl1_0.plan_id=? and pfl1_0.feature_id=?
2025-11-27 11:29:02 [restartedMain] DEBUG org.hibernate.SQL - select pfl1_0.plan_feature_limit_id,pfl1_0.boolean_limit,pfl1_0.feature_id,pfl1_0.limit_type,pfl1_0.plan_id,pfl1_0.usage_limit from plan_feature_limits pfl1_0 where pfl1_0.plan_id=? and pfl1_0.feature_id=?
2025-11-27 11:29:02 [restartedMain] DEBUG org.hibernate.SQL - select pfl1_0.plan_feature_limit_id,pfl1_0.boolean_limit,pfl1_0.feature_id,pfl1_0.limit_type,pfl1_0.plan_id,pfl1_0.usage_limit from plan_feature_limits pfl1_0 where pfl1_0.plan_id=? and pfl1_0.feature_id=?
2025-11-27 11:29:02 [restartedMain] DEBUG org.hibernate.SQL - select pfl1_0.plan_feature_limit_id,pfl1_0.boolean_limit,pfl1_0.feature_id,pfl1_0.limit_type,pfl1_0.plan_id,pfl1_0.usage_limit from plan_feature_limits pfl1_0 where pfl1_0.plan_id=? and pfl1_0.feature_id=?
2025-11-27 11:29:02 [restartedMain] DEBUG org.hibernate.SQL - select pfl1_0.plan_feature_limit_id,pfl1_0.boolean_limit,pfl1_0.feature_id,pfl1_0.limit_type,pfl1_0.plan_id,pfl1_0.usage_limit from plan_feature_limits pfl1_0 where pfl1_0.plan_id=? and pfl1_0.feature_id=?
2025-11-27 11:29:02 [restartedMain] DEBUG org.hibernate.SQL - select pfl1_0.plan_feature_limit_id,pfl1_0.boolean_limit,pfl1_0.feature_id,pfl1_0.limit_type,pfl1_0.plan_id,pfl1_0.usage_limit from plan_feature_limits pfl1_0 where pfl1_0.plan_id=? and pfl1_0.feature_id=?
2025-11-27 11:29:02 [restartedMain] DEBUG org.hibernate.SQL - select pfl1_0.plan_feature_limit_id,pfl1_0.boolean_limit,pfl1_0.feature_id,pfl1_0.limit_type,pfl1_0.plan_id,pfl1_0.usage_limit from plan_feature_limits pfl1_0 where pfl1_0.plan_id=? and pfl1_0.feature_id=?
2025-11-27 11:29:02 [restartedMain] DEBUG org.hibernate.SQL - select pfl1_0.plan_feature_limit_id,pfl1_0.boolean_limit,pfl1_0.feature_id,pfl1_0.limit_type,pfl1_0.plan_id,pfl1_0.usage_limit from plan_feature_limits pfl1_0 where pfl1_0.plan_id=? and pfl1_0.feature_id=?
2025-11-27 11:29:02 [restartedMain] DEBUG org.hibernate.SQL - select pfl1_0.plan_feature_limit_id,pfl1_0.boolean_limit,pfl1_0.feature_id,pfl1_0.limit_type,pfl1_0.plan_id,pfl1_0.usage_limit from plan_feature_limits pfl1_0 where pfl1_0.plan_id=? and pfl1_0.feature_id=?
2025-11-27 11:29:02 [restartedMain] DEBUG org.hibernate.SQL - select pfl1_0.plan_feature_limit_id,pfl1_0.boolean_limit,pfl1_0.feature_id,pfl1_0.limit_type,pfl1_0.plan_id,pfl1_0.usage_limit from plan_feature_limits pfl1_0 where pfl1_0.plan_id=? and pfl1_0.feature_id=?
2025-11-27 11:29:02 [restartedMain] DEBUG org.hibernate.SQL - select pfl1_0.plan_feature_limit_id,pfl1_0.boolean_limit,pfl1_0.feature_id,pfl1_0.limit_type,pfl1_0.plan_id,pfl1_0.usage_limit from plan_feature_limits pfl1_0 where pfl1_0.plan_id=? and pfl1_0.feature_id=?
2025-11-27 11:29:02 [restartedMain] DEBUG org.hibernate.SQL - select r1_0.role_id,r1_0.description,r1_0.role_name,r1_0.is_system_role from roles r1_0 where r1_0.role_name=?
2025-11-27 11:29:02 [restartedMain] DEBUG org.hibernate.SQL - select u1_0.user_id,u1_0.created_at,u1_0.email,u1_0.password,u1_0.update_at,u1_0.user_name from users u1_0 where u1_0.email=?
2025-11-27 11:29:02 [restartedMain] DEBUG org.hibernate.SQL - select r1_0.user_id,r1_1.role_id,r1_1.description,r1_1.role_name,r1_1.is_system_role from user_roles r1_0 join roles r1_1 on r1_1.role_id=r1_0.role_id where r1_0.user_id=?
2025-11-27 11:46:14 [HikariPool-1 housekeeper] WARN  com.zaxxer.hikari.pool.HikariPool - HikariPool-1 - Thread starvation or clock leap detected (housekeeper delta=10m21s461ms889µs500ns).
2025-11-27 12:58:02 [HikariPool-1 housekeeper] WARN  com.zaxxer.hikari.pool.HikariPool - HikariPool-1 - Thread starvation or clock leap detected (housekeeper delta=1m16s911ms366µs200ns).
2025-11-27 13:27:33 [http-nio-8007-exec-1] INFO  o.a.c.c.C.[Tomcat].[localhost].[/] - Initializing Spring DispatcherServlet 'dispatcherServlet'
2025-11-27 13:27:33 [http-nio-8007-exec-1] INFO  o.s.web.servlet.DispatcherServlet - Initializing Servlet 'dispatcherServlet'
2025-11-27 13:27:33 [http-nio-8007-exec-1] INFO  o.s.web.servlet.DispatcherServlet - Completed initialization in 87 ms
2025-11-27 15:56:26 [http-nio-8007-exec-5] INFO  o.s.api.AbstractOpenApiResource - Init duration for springdoc-openapi is: 7817 ms
2025-11-27 16:52:45 [SpringApplicationShutdownHook] INFO  o.s.b.w.e.tomcat.GracefulShutdown - Commencing graceful shutdown. Waiting for active requests to complete
2025-11-27 16:52:45 [tomcat-shutdown] INFO  o.s.b.w.e.tomcat.GracefulShutdown - Graceful shutdown complete
2025-11-27 16:52:45 [SpringApplicationShutdownHook] INFO  o.s.o.j.LocalContainerEntityManagerFactoryBean - Closing JPA EntityManagerFactory for persistence unit 'default'
2025-11-27 16:52:45 [SpringApplicationShutdownHook] INFO  com.zaxxer.hikari.HikariDataSource - HikariPool-1 - Shutdown initiated...
2025-11-27 16:52:45 [SpringApplicationShutdownHook] INFO  com.zaxxer.hikari.HikariDataSource - HikariPool-1 - Shutdown completed.
2025-11-27 16:53:14 [background-preinit] INFO  o.h.validator.internal.util.Version - HV000001: Hibernate Validator 8.0.2.Final
2025-11-27 16:53:14 [restartedMain] INFO  c.e.t.t.TechgicusEbillingApplication - Starting TechgicusEbillingApplication using Java 24.0.1 with PID 2600 (D:\Techgicus_software\techgicus_ebilling\target\classes started by payal in D:\Techgicus_software\techgicus_ebilling)
2025-11-27 16:53:14 [restartedMain] INFO  c.e.t.t.TechgicusEbillingApplication - No active profile set, falling back to 1 default profile: "default"
2025-11-27 16:53:14 [restartedMain] INFO  o.s.b.d.e.DevToolsPropertyDefaultsPostProcessor - Devtools property defaults active! Set 'spring.devtools.add-properties' to 'false' to disable
2025-11-27 16:53:14 [restartedMain] INFO  o.s.b.d.e.DevToolsPropertyDefaultsPostProcessor - For additional web related logging consider setting the 'logging.level.web' property to 'DEBUG'
2025-11-27 16:53:16 [restartedMain] INFO  o.s.d.r.c.RepositoryConfigurationDelegate - Bootstrapping Spring Data JPA repositories in DEFAULT mode.
2025-11-27 16:53:16 [restartedMain] INFO  o.s.d.r.c.RepositoryConfigurationDelegate - Finished Spring Data repository scanning in 229 ms. Found 38 JPA repository interfaces.
2025-11-27 16:53:17 [restartedMain] INFO  o.s.b.w.e.tomcat.TomcatWebServer - Tomcat initialized with port 8007 (http)
2025-11-27 16:53:17 [restartedMain] INFO  o.a.coyote.http11.Http11NioProtocol - Initializing ProtocolHandler ["http-nio-8007"]
2025-11-27 16:53:17 [restartedMain] INFO  o.a.catalina.core.StandardService - Starting service [Tomcat]
2025-11-27 16:53:17 [restartedMain] INFO  o.a.catalina.core.StandardEngine - Starting Servlet engine: [Apache Tomcat/10.1.36]
2025-11-27 16:53:17 [restartedMain] INFO  o.a.c.c.C.[Tomcat].[localhost].[/] - Initializing Spring embedded WebApplicationContext
2025-11-27 16:53:17 [restartedMain] INFO  o.s.b.w.s.c.ServletWebServerApplicationContext - Root WebApplicationContext: initialization completed in 3555 ms
2025-11-27 16:53:18 [restartedMain] INFO  com.zaxxer.hikari.HikariDataSource - HikariPool-1 - Starting...
2025-11-27 16:53:18 [restartedMain] INFO  com.zaxxer.hikari.pool.HikariPool - HikariPool-1 - Added connection com.mysql.cj.jdbc.ConnectionImpl@6031885d
2025-11-27 16:53:18 [restartedMain] INFO  com.zaxxer.hikari.HikariDataSource - HikariPool-1 - Start completed.
2025-11-27 16:53:19 [restartedMain] INFO  o.h.jpa.internal.util.LogHelper - HHH000204: Processing PersistenceUnitInfo [name: default]
2025-11-27 16:53:19 [restartedMain] INFO  org.hibernate.Version - HHH000412: Hibernate ORM core version 6.6.8.Final
2025-11-27 16:53:19 [restartedMain] INFO  o.h.c.i.RegionFactoryInitiator - HHH000026: Second-level cache disabled
2025-11-27 16:53:19 [restartedMain] INFO  o.s.o.j.p.SpringPersistenceUnitInfo - No LoadTimeWeaver setup: ignoring JPA class transformer
2025-11-27 16:53:19 [restartedMain] INFO  o.hibernate.orm.connections.pooling - HHH10001005: Database info:
	Database JDBC URL [Connecting through datasource 'HikariDataSource (HikariPool-1)']
	Database driver: undefined/unknown
	Database version: 8.0.42
	Autocommit mode: undefined/unknown
	Isolation level: undefined/unknown
	Minimum pool size: undefined/unknown
	Maximum pool size: undefined/unknown
2025-11-27 16:53:21 [restartedMain] INFO  o.h.e.t.j.p.i.JtaPlatformInitiator - HHH000489: No JTA platform available (set 'hibernate.transaction.jta.platform' to enable JTA platform integration)
2025-11-27 16:53:22 [restartedMain] DEBUG org.hibernate.SQL - create table party_ledger (ledger_id bigint not null auto_increment, balance_after_txn float(53), created_at datetime(6), credit_amount float(53), date date, debit_amount float(53), description varchar(255), reference_id bigint, type enum ('PAYMENT_IN','PAYMENT_OUT','PURCHASE','PURCHASE_ORDER','QUOTATION','SALE'), company_id bigint not null, party_id bigint not null, primary key (ledger_id)) engine=InnoDB
2025-11-27 16:53:22 [restartedMain] DEBUG org.hibernate.SQL - create index idx_party_date on party_ledger (party_id, date)
2025-11-27 16:53:22 [restartedMain] DEBUG org.hibernate.SQL - alter table party_ledger add constraint FKp57h9akpegu1jgjxxw3bncs3r foreign key (company_id) references company (company_id)
2025-11-27 16:53:22 [restartedMain] DEBUG org.hibernate.SQL - alter table party_ledger add constraint FKsiybxuqvq4vvkk0akcpaaxhcx foreign key (party_id) references party (party_id)
2025-11-27 16:53:23 [restartedMain] INFO  o.s.o.j.LocalContainerEntityManagerFactoryBean - Initialized JPA EntityManagerFactory for persistence unit 'default'
2025-11-27 16:53:23 [restartedMain] INFO  o.s.s.c.a.a.c.InitializeAuthenticationProviderBeanManagerConfigurer$InitializeAuthenticationProviderManagerConfigurer - Global AuthenticationManager configured with AuthenticationProvider bean with name daoAuthenticationProvider
2025-11-27 16:53:23 [restartedMain] WARN  o.s.s.c.a.a.c.InitializeUserDetailsBeanManagerConfigurer$InitializeUserDetailsManagerConfigurer - Global AuthenticationManager configured with an AuthenticationProvider bean. UserDetailsService beans will not be used by Spring Security for automatically configuring username/password login. Consider removing the AuthenticationProvider bean. Alternatively, consider using the UserDetailsService in a manually instantiated DaoAuthenticationProvider. If the current configuration is intentional, to turn off this warning, increase the logging level of 'org.springframework.security.config.annotation.authentication.configuration.InitializeUserDetailsBeanManagerConfigurer' to ERROR
2025-11-27 16:53:23 [restartedMain] INFO  o.s.d.j.r.query.QueryEnhancerFactory - Hibernate is in classpath; If applicable, HQL parser will be used.
2025-11-27 16:53:27 [restartedMain] WARN  o.s.b.a.o.j.JpaBaseConfiguration$JpaWebConfiguration - spring.jpa.open-in-view is enabled by default. Therefore, database queries may be performed during view rendering. Explicitly configure spring.jpa.open-in-view to disable this warning
2025-11-27 16:53:28 [restartedMain] INFO  o.s.b.d.a.OptionalLiveReloadServer - LiveReload server is running on port 35729
2025-11-27 16:53:28 [restartedMain] INFO  o.a.coyote.http11.Http11NioProtocol - Starting ProtocolHandler ["http-nio-8007"]
2025-11-27 16:53:28 [restartedMain] INFO  o.s.b.w.e.tomcat.TomcatWebServer - Tomcat started on port 8007 (http) with context path '/'
2025-11-27 16:53:28 [restartedMain] INFO  c.e.t.t.TechgicusEbillingApplication - Started TechgicusEbillingApplication in 15.133 seconds (process running for 19.518)
2025-11-27 16:53:28 [restartedMain] DEBUG org.hibernate.SQL - select r1_0.role_id,r1_0.description,r1_0.role_name,r1_0.is_system_role from roles r1_0 where r1_0.role_name=?
2025-11-27 16:53:28 [restartedMain] DEBUG org.hibernate.SQL - select r1_0.role_id,r1_0.description,r1_0.role_name,r1_0.is_system_role from roles r1_0 where r1_0.role_name=?
2025-11-27 16:53:28 [restartedMain] DEBUG org.hibernate.SQL - select r1_0.role_id,r1_0.description,r1_0.role_name,r1_0.is_system_role from roles r1_0 where r1_0.role_name=?
2025-11-27 16:53:28 [restartedMain] DEBUG org.hibernate.SQL - select f1_0.feature_id,f1_0.code,f1_0.description,f1_0.name,f1_0.premium from features f1_0 where f1_0.code=?
2025-11-27 16:53:28 [restartedMain] DEBUG org.hibernate.SQL - select f1_0.feature_id,f1_0.code,f1_0.description,f1_0.name,f1_0.premium from features f1_0 where f1_0.code=?
2025-11-27 16:53:28 [restartedMain] DEBUG org.hibernate.SQL - select f1_0.feature_id,f1_0.code,f1_0.description,f1_0.name,f1_0.premium from features f1_0 where f1_0.code=?
2025-11-27 16:53:28 [restartedMain] DEBUG org.hibernate.SQL - select f1_0.feature_id,f1_0.code,f1_0.description,f1_0.name,f1_0.premium from features f1_0 where f1_0.code=?
2025-11-27 16:53:28 [restartedMain] DEBUG org.hibernate.SQL - select sp1_0.subscription_plan_id,sp1_0.description,sp1_0.duration_days,sp1_0.is_active,sp1_0.name,sp1_0.price from subscription_plans sp1_0 where sp1_0.name=?
2025-11-27 16:53:28 [restartedMain] DEBUG org.hibernate.SQL - select sp1_0.subscription_plan_id,sp1_0.description,sp1_0.duration_days,sp1_0.is_active,sp1_0.name,sp1_0.price from subscription_plans sp1_0 where sp1_0.name=?
2025-11-27 16:53:28 [restartedMain] DEBUG org.hibernate.SQL - select sp1_0.subscription_plan_id,sp1_0.description,sp1_0.duration_days,sp1_0.is_active,sp1_0.name,sp1_0.price from subscription_plans sp1_0 where sp1_0.name=?
2025-11-27 16:53:28 [restartedMain] DEBUG org.hibernate.SQL - select f1_0.feature_id,f1_0.code,f1_0.description,f1_0.name,f1_0.premium from features f1_0 where f1_0.code=?
2025-11-27 16:53:28 [restartedMain] DEBUG org.hibernate.SQL - select f1_0.feature_id,f1_0.code,f1_0.description,f1_0.name,f1_0.premium from features f1_0 where f1_0.code=?
2025-11-27 16:53:28 [restartedMain] DEBUG org.hibernate.SQL - select f1_0.feature_id,f1_0.code,f1_0.description,f1_0.name,f1_0.premium from features f1_0 where f1_0.code=?
2025-11-27 16:53:28 [restartedMain] DEBUG org.hibernate.SQL - select f1_0.feature_id,f1_0.code,f1_0.description,f1_0.name,f1_0.premium from features f1_0 where f1_0.code=?
2025-11-27 16:53:28 [restartedMain] DEBUG org.hibernate.SQL - select sp1_0.subscription_plan_id,sp1_0.description,sp1_0.duration_days,sp1_0.is_active,sp1_0.name,sp1_0.price from subscription_plans sp1_0 where sp1_0.name=?
2025-11-27 16:53:28 [restartedMain] DEBUG org.hibernate.SQL - select sp1_0.subscription_plan_id,sp1_0.description,sp1_0.duration_days,sp1_0.is_active,sp1_0.name,sp1_0.price from subscription_plans sp1_0 where sp1_0.name=?
2025-11-27 16:53:28 [restartedMain] DEBUG org.hibernate.SQL - select sp1_0.subscription_plan_id,sp1_0.description,sp1_0.duration_days,sp1_0.is_active,sp1_0.name,sp1_0.price from subscription_plans sp1_0 where sp1_0.name=?
2025-11-27 16:53:28 [restartedMain] DEBUG org.hibernate.SQL - select pfl1_0.plan_feature_limit_id,pfl1_0.boolean_limit,pfl1_0.feature_id,pfl1_0.limit_type,pfl1_0.plan_id,pfl1_0.usage_limit from plan_feature_limits pfl1_0 where pfl1_0.plan_id=? and pfl1_0.feature_id=?
2025-11-27 16:53:28 [restartedMain] DEBUG org.hibernate.SQL - select pfl1_0.plan_feature_limit_id,pfl1_0.boolean_limit,pfl1_0.feature_id,pfl1_0.limit_type,pfl1_0.plan_id,pfl1_0.usage_limit from plan_feature_limits pfl1_0 where pfl1_0.plan_id=? and pfl1_0.feature_id=?
2025-11-27 16:53:28 [restartedMain] DEBUG org.hibernate.SQL - select pfl1_0.plan_feature_limit_id,pfl1_0.boolean_limit,pfl1_0.feature_id,pfl1_0.limit_type,pfl1_0.plan_id,pfl1_0.usage_limit from plan_feature_limits pfl1_0 where pfl1_0.plan_id=? and pfl1_0.feature_id=?
2025-11-27 16:53:28 [restartedMain] DEBUG org.hibernate.SQL - select pfl1_0.plan_feature_limit_id,pfl1_0.boolean_limit,pfl1_0.feature_id,pfl1_0.limit_type,pfl1_0.plan_id,pfl1_0.usage_limit from plan_feature_limits pfl1_0 where pfl1_0.plan_id=? and pfl1_0.feature_id=?
2025-11-27 16:53:28 [restartedMain] DEBUG org.hibernate.SQL - select pfl1_0.plan_feature_limit_id,pfl1_0.boolean_limit,pfl1_0.feature_id,pfl1_0.limit_type,pfl1_0.plan_id,pfl1_0.usage_limit from plan_feature_limits pfl1_0 where pfl1_0.plan_id=? and pfl1_0.feature_id=?
2025-11-27 16:53:28 [restartedMain] DEBUG org.hibernate.SQL - select pfl1_0.plan_feature_limit_id,pfl1_0.boolean_limit,pfl1_0.feature_id,pfl1_0.limit_type,pfl1_0.plan_id,pfl1_0.usage_limit from plan_feature_limits pfl1_0 where pfl1_0.plan_id=? and pfl1_0.feature_id=?
2025-11-27 16:53:28 [restartedMain] DEBUG org.hibernate.SQL - select pfl1_0.plan_feature_limit_id,pfl1_0.boolean_limit,pfl1_0.feature_id,pfl1_0.limit_type,pfl1_0.plan_id,pfl1_0.usage_limit from plan_feature_limits pfl1_0 where pfl1_0.plan_id=? and pfl1_0.feature_id=?
2025-11-27 16:53:28 [restartedMain] DEBUG org.hibernate.SQL - select pfl1_0.plan_feature_limit_id,pfl1_0.boolean_limit,pfl1_0.feature_id,pfl1_0.limit_type,pfl1_0.plan_id,pfl1_0.usage_limit from plan_feature_limits pfl1_0 where pfl1_0.plan_id=? and pfl1_0.feature_id=?
2025-11-27 16:53:28 [restartedMain] DEBUG org.hibernate.SQL - select pfl1_0.plan_feature_limit_id,pfl1_0.boolean_limit,pfl1_0.feature_id,pfl1_0.limit_type,pfl1_0.plan_id,pfl1_0.usage_limit from plan_feature_limits pfl1_0 where pfl1_0.plan_id=? and pfl1_0.feature_id=?
2025-11-27 16:53:28 [restartedMain] DEBUG org.hibernate.SQL - select pfl1_0.plan_feature_limit_id,pfl1_0.boolean_limit,pfl1_0.feature_id,pfl1_0.limit_type,pfl1_0.plan_id,pfl1_0.usage_limit from plan_feature_limits pfl1_0 where pfl1_0.plan_id=? and pfl1_0.feature_id=?
2025-11-27 16:53:28 [restartedMain] DEBUG org.hibernate.SQL - select pfl1_0.plan_feature_limit_id,pfl1_0.boolean_limit,pfl1_0.feature_id,pfl1_0.limit_type,pfl1_0.plan_id,pfl1_0.usage_limit from plan_feature_limits pfl1_0 where pfl1_0.plan_id=? and pfl1_0.feature_id=?
2025-11-27 16:53:28 [restartedMain] DEBUG org.hibernate.SQL - select pfl1_0.plan_feature_limit_id,pfl1_0.boolean_limit,pfl1_0.feature_id,pfl1_0.limit_type,pfl1_0.plan_id,pfl1_0.usage_limit from plan_feature_limits pfl1_0 where pfl1_0.plan_id=? and pfl1_0.feature_id=?
2025-11-27 16:53:28 [restartedMain] DEBUG org.hibernate.SQL - select r1_0.role_id,r1_0.description,r1_0.role_name,r1_0.is_system_role from roles r1_0 where r1_0.role_name=?
2025-11-27 16:53:28 [restartedMain] DEBUG org.hibernate.SQL - select u1_0.user_id,u1_0.created_at,u1_0.email,u1_0.password,u1_0.update_at,u1_0.user_name from users u1_0 where u1_0.email=?
2025-11-27 16:53:28 [restartedMain] DEBUG org.hibernate.SQL - select r1_0.user_id,r1_1.role_id,r1_1.description,r1_1.role_name,r1_1.is_system_role from user_roles r1_0 join roles r1_1 on r1_1.role_id=r1_0.role_id where r1_0.user_id=?
2025-11-27 17:23:30 [http-nio-8007-exec-3] INFO  o.a.c.c.C.[Tomcat].[localhost].[/] - Initializing Spring DispatcherServlet 'dispatcherServlet'
2025-11-27 17:23:30 [http-nio-8007-exec-3] INFO  o.s.web.servlet.DispatcherServlet - Initializing Servlet 'dispatcherServlet'
2025-11-27 17:23:30 [http-nio-8007-exec-3] INFO  o.s.web.servlet.DispatcherServlet - Completed initialization in 8 ms
2025-11-27 17:23:37 [http-nio-8007-exec-9] INFO  o.s.api.AbstractOpenApiResource - Init duration for springdoc-openapi is: 6392 ms
2025-11-27 17:34:34 [http-nio-8007-exec-7] DEBUG org.hibernate.SQL - select u1_0.user_id,u1_0.created_at,u1_0.email,u1_0.password,u1_0.update_at,u1_0.user_name from users u1_0 where u1_0.email=?
2025-11-27 17:34:34 [http-nio-8007-exec-7] DEBUG org.hibernate.SQL - select r1_0.user_id,r1_1.role_id,r1_1.description,r1_1.role_name,r1_1.is_system_role from user_roles r1_0 join roles r1_1 on r1_1.role_id=r1_0.role_id where r1_0.user_id=?
2025-11-27 17:34:53 [http-nio-8007-exec-8] DEBUG org.hibernate.SQL - select u1_0.user_id,u1_0.created_at,u1_0.email,u1_0.password,u1_0.update_at,u1_0.user_name from users u1_0 where u1_0.email=?
2025-11-27 17:34:53 [http-nio-8007-exec-8] DEBUG org.hibernate.SQL - select r1_0.user_id,r1_1.role_id,r1_1.description,r1_1.role_name,r1_1.is_system_role from user_roles r1_0 join roles r1_1 on r1_1.role_id=r1_0.role_id where r1_0.user_id=?
2025-11-27 17:34:54 [http-nio-8007-exec-8] DEBUG org.hibernate.SQL - select c1_0.company_id,c1_0.address,c1_0.business_description,c1_0.bussiness_category,c1_0.bussiness_name,c1_0.bussiness_type,c1_0.company_owner_id,co1_0.user_id,co1_0.created_at,co1_0.email,co1_0.password,r1_0.user_id,r1_1.role_id,r1_1.description,r1_1.role_name,r1_1.is_system_role,co1_0.update_at,co1_0.user_name,c1_0.created_at,c1_0.email_id,c1_0.gstin,c1_0.logo_url,c1_0.phone_no,c1_0.signature_url,c1_0.state,c1_0.update_at from company c1_0 join users co1_0 on co1_0.user_id=c1_0.company_owner_id left join user_roles r1_0 on co1_0.user_id=r1_0.user_id left join roles r1_1 on r1_1.role_id=r1_0.role_id where c1_0.company_id=?
2025-11-27 17:34:54 [http-nio-8007-exec-8] DEBUG org.hibernate.SQL - insert into party (billing_address,company_id,created_at,email_id,gst_type,gstin,name,phone_no,shiping_address,state,updated_at) values (?,?,?,?,?,?,?,?,?,?,?)
2025-11-27 17:36:50 [http-nio-8007-exec-2] DEBUG org.hibernate.SQL - select u1_0.user_id,u1_0.created_at,u1_0.email,u1_0.password,u1_0.update_at,u1_0.user_name from users u1_0 where u1_0.email=?
2025-11-27 17:36:50 [http-nio-8007-exec-2] DEBUG org.hibernate.SQL - select r1_0.user_id,r1_1.role_id,r1_1.description,r1_1.role_name,r1_1.is_system_role from user_roles r1_0 join roles r1_1 on r1_1.role_id=r1_0.role_id where r1_0.user_id=?
2025-11-27 17:36:50 [http-nio-8007-exec-2] DEBUG org.hibernate.SQL - select c1_0.company_id,c1_0.address,c1_0.business_description,c1_0.bussiness_category,c1_0.bussiness_name,c1_0.bussiness_type,c1_0.company_owner_id,co1_0.user_id,co1_0.created_at,co1_0.email,co1_0.password,r1_0.user_id,r1_1.role_id,r1_1.description,r1_1.role_name,r1_1.is_system_role,co1_0.update_at,co1_0.user_name,c1_0.created_at,c1_0.email_id,c1_0.gstin,c1_0.logo_url,c1_0.phone_no,c1_0.signature_url,c1_0.state,c1_0.update_at from company c1_0 join users co1_0 on co1_0.user_id=c1_0.company_owner_id left join user_roles r1_0 on co1_0.user_id=r1_0.user_id left join roles r1_1 on r1_1.role_id=r1_0.role_id where c1_0.company_id=?
2025-11-27 17:36:50 [http-nio-8007-exec-2] DEBUG org.hibernate.SQL - select p1_0.party_id,p1_0.billing_address,c1_0.company_id,c1_0.address,c1_0.business_description,c1_0.bussiness_category,c1_0.bussiness_name,c1_0.bussiness_type,c1_0.company_owner_id,co1_0.user_id,co1_0.created_at,co1_0.email,co1_0.password,co1_0.update_at,co1_0.user_name,c1_0.created_at,c1_0.email_id,c1_0.gstin,c1_0.logo_url,c1_0.phone_no,c1_0.signature_url,c1_0.state,c1_0.update_at,p1_0.created_at,p1_0.email_id,p1_0.gst_type,p1_0.gstin,p1_0.name,p1_0.phone_no,p1_0.shiping_address,p1_0.state,p1_0.updated_at from party p1_0 left join company c1_0 on c1_0.company_id=p1_0.company_id left join users co1_0 on co1_0.user_id=c1_0.company_owner_id where p1_0.party_id=?
2025-11-27 17:36:50 [http-nio-8007-exec-2] DEBUG org.hibernate.SQL - insert into sale (balance,billing_address,company_id,created_at,delivery_charges,due_date,invoce_date,invoice_number,is_overdue,is_paid,party_id,payment_description,payment_type,received_amount,sale_type,shipping_address,state_of_supply,total_amount,total_amount_without_tax,total_tax_amount,updated_at) values (?,?,?,?,?,?,?,?,?,?,?,?,?,?,?,?,?,?,?,?,?)
2025-11-27 17:36:50 [http-nio-8007-exec-2] DEBUG org.hibernate.SQL - select i1_0.item_id,i1_0.available_stock,i1_0.base_unit,i1_0.base_unit_to_secondary_unit,c1_0.company_id,c1_0.address,c1_0.business_description,c1_0.bussiness_category,c1_0.bussiness_name,c1_0.bussiness_type,c1_0.company_owner_id,co1_0.user_id,co1_0.created_at,co1_0.email,co1_0.password,co1_0.update_at,co1_0.user_name,c1_0.created_at,c1_0.email_id,c1_0.gstin,c1_0.logo_url,c1_0.phone_no,c1_0.signature_url,c1_0.state,c1_0.update_at,i1_0.created_at,i1_0.description,i1_0.item_code,i1_0.item_hsn,i1_0.item_name,i1_0.item_type,i1_0.minimum_stock_to_maintain,i1_0.opening_stock_location,i1_0.purchase_price,i1_0.purchase_tax_type,i1_0.reserved_stock,i1_0.sale_discount_price,i1_0.sale_discount_type,i1_0.sale_price,i1_0.sale_tax_type,i1_0.secondary_unit,i1_0.stock_opening_date,i1_0.stock_opening_qty,i1_0.stock_price_per_qty,i1_0.stock_value,i1_0.tax_rate,i1_0.total_stock_in,i1_0.updated_at from item i1_0 left join company c1_0 on c1_0.company_id=i1_0.company_id left join users co1_0 on co1_0.user_id=c1_0.company_owner_id where i1_0.item_id=?
2025-11-27 17:36:50 [http-nio-8007-exec-2] DEBUG org.hibernate.SQL - insert into stock_transaction (item_id,price_per_unit,quantity,reference_number,total_amount,transaction_date,transaction_type) values (?,?,?,?,?,?,?)
2025-11-27 17:36:50 [http-nio-8007-exec-2] DEBUG org.hibernate.SQL - insert into sale_item (created_at,item_id,item_description,price_per_unit,price_per_unit_tax_type,quantity,sale_id,tax_amount,tax_rate,total_amount,update_at) values (?,?,?,?,?,?,?,?,?,?,?)
2025-11-27 17:36:50 [http-nio-8007-exec-2] DEBUG org.hibernate.SQL - insert into sale_payment (amount_paid,created_at,payment_date,payment_description,payment_type,receipt_no,reference_number,sale_id,update_at) values (?,?,?,?,?,?,?,?,?)
2025-11-27 17:36:50 [http-nio-8007-exec-2] DEBUG org.hibernate.SQL - select pl1_0.ledger_id,pl1_0.balance_after_txn,pl1_0.company_id,pl1_0.created_at,pl1_0.credit_amount,pl1_0.date,pl1_0.debit_amount,pl1_0.description,pl1_0.party_id,pl1_0.reference_id,pl1_0.type from party_ledger pl1_0 left join party p1_0 on p1_0.party_id=pl1_0.party_id where p1_0.party_id=? order by pl1_0.date
2025-11-27 17:36:50 [http-nio-8007-exec-2] DEBUG org.hibernate.SQL - insert into party_ledger (balance_after_txn,company_id,created_at,credit_amount,date,debit_amount,description,party_id,reference_id,type) values (?,?,?,?,?,?,?,?,?,?)
2025-11-27 17:36:50 [http-nio-8007-exec-2] DEBUG org.hibernate.SQL - update item set available_stock=?,base_unit=?,base_unit_to_secondary_unit=?,company_id=?,created_at=?,description=?,item_code=?,item_hsn=?,item_name=?,item_type=?,minimum_stock_to_maintain=?,opening_stock_location=?,purchase_price=?,purchase_tax_type=?,reserved_stock=?,sale_discount_price=?,sale_discount_type=?,sale_price=?,sale_tax_type=?,secondary_unit=?,stock_opening_date=?,stock_opening_qty=?,stock_price_per_qty=?,stock_value=?,tax_rate=?,total_stock_in=?,updated_at=? where item_id=?
2025-11-27 17:38:10 [http-nio-8007-exec-5] DEBUG org.hibernate.SQL - select u1_0.user_id,u1_0.created_at,u1_0.email,u1_0.password,u1_0.update_at,u1_0.user_name from users u1_0 where u1_0.email=?
2025-11-27 17:38:10 [http-nio-8007-exec-5] DEBUG org.hibernate.SQL - select r1_0.user_id,r1_1.role_id,r1_1.description,r1_1.role_name,r1_1.is_system_role from user_roles r1_0 join roles r1_1 on r1_1.role_id=r1_0.role_id where r1_0.user_id=?
2025-11-27 17:38:10 [http-nio-8007-exec-5] DEBUG org.hibernate.SQL - select c1_0.company_id,c1_0.address,c1_0.business_description,c1_0.bussiness_category,c1_0.bussiness_name,c1_0.bussiness_type,c1_0.company_owner_id,co1_0.user_id,co1_0.created_at,co1_0.email,co1_0.password,r1_0.user_id,r1_1.role_id,r1_1.description,r1_1.role_name,r1_1.is_system_role,co1_0.update_at,co1_0.user_name,c1_0.created_at,c1_0.email_id,c1_0.gstin,c1_0.logo_url,c1_0.phone_no,c1_0.signature_url,c1_0.state,c1_0.update_at from company c1_0 join users co1_0 on co1_0.user_id=c1_0.company_owner_id left join user_roles r1_0 on co1_0.user_id=r1_0.user_id left join roles r1_1 on r1_1.role_id=r1_0.role_id where c1_0.company_id=?
2025-11-27 17:38:10 [http-nio-8007-exec-5] DEBUG org.hibernate.SQL - select p1_0.party_id,p1_0.billing_address,c1_0.company_id,c1_0.address,c1_0.business_description,c1_0.bussiness_category,c1_0.bussiness_name,c1_0.bussiness_type,c1_0.company_owner_id,co1_0.user_id,co1_0.created_at,co1_0.email,co1_0.password,co1_0.update_at,co1_0.user_name,c1_0.created_at,c1_0.email_id,c1_0.gstin,c1_0.logo_url,c1_0.phone_no,c1_0.signature_url,c1_0.state,c1_0.update_at,p1_0.created_at,p1_0.email_id,p1_0.gst_type,p1_0.gstin,p1_0.name,p1_0.phone_no,p1_0.shiping_address,p1_0.state,p1_0.updated_at from party p1_0 left join company c1_0 on c1_0.company_id=p1_0.company_id left join users co1_0 on co1_0.user_id=c1_0.company_owner_id where p1_0.party_id=?
2025-11-27 17:38:10 [http-nio-8007-exec-5] DEBUG org.hibernate.SQL - insert into purchase (balance,bill_date,bill_number,company_id,created_at,delivery_charges,due_date,is_overdue,is_paid,party_id,payment_description,payment_type,send_amount,state_of_supply,total_amount,total_amount_without_tax,total_tax_amount,update_at) values (?,?,?,?,?,?,?,?,?,?,?,?,?,?,?,?,?,?)
2025-11-27 17:38:10 [http-nio-8007-exec-5] DEBUG org.hibernate.SQL - select i1_0.item_id,i1_0.available_stock,i1_0.base_unit,i1_0.base_unit_to_secondary_unit,c1_0.company_id,c1_0.address,c1_0.business_description,c1_0.bussiness_category,c1_0.bussiness_name,c1_0.bussiness_type,c1_0.company_owner_id,co1_0.user_id,co1_0.created_at,co1_0.email,co1_0.password,co1_0.update_at,co1_0.user_name,c1_0.created_at,c1_0.email_id,c1_0.gstin,c1_0.logo_url,c1_0.phone_no,c1_0.signature_url,c1_0.state,c1_0.update_at,i1_0.created_at,i1_0.description,i1_0.item_code,i1_0.item_hsn,i1_0.item_name,i1_0.item_type,i1_0.minimum_stock_to_maintain,i1_0.opening_stock_location,i1_0.purchase_price,i1_0.purchase_tax_type,i1_0.reserved_stock,i1_0.sale_discount_price,i1_0.sale_discount_type,i1_0.sale_price,i1_0.sale_tax_type,i1_0.secondary_unit,i1_0.stock_opening_date,i1_0.stock_opening_qty,i1_0.stock_price_per_qty,i1_0.stock_value,i1_0.tax_rate,i1_0.total_stock_in,i1_0.updated_at from item i1_0 left join company c1_0 on c1_0.company_id=i1_0.company_id left join users co1_0 on co1_0.user_id=c1_0.company_owner_id where i1_0.item_id=?
2025-11-27 17:38:10 [http-nio-8007-exec-5] DEBUG org.hibernate.SQL - insert into stock_transaction (item_id,price_per_unit,quantity,reference_number,total_amount,transaction_date,transaction_type) values (?,?,?,?,?,?,?)
2025-11-27 17:38:10 [http-nio-8007-exec-5] DEBUG org.hibernate.SQL - insert into purchase_payment (amount_paid,created_at,payment_date,payment_description,payment_type,purchase_id,receipt_no,reference_number,update_at) values (?,?,?,?,?,?,?,?,?)
2025-11-27 17:38:10 [http-nio-8007-exec-5] DEBUG org.hibernate.SQL - insert into purchase_item (created_at,item_id,item_description,price_per_unit,price_per_unit_tax_type,purchase_id,quantity,tax_rate,total_amount,total_tax_amount,update_at) values (?,?,?,?,?,?,?,?,?,?,?)
2025-11-27 17:38:10 [http-nio-8007-exec-5] DEBUG org.hibernate.SQL - select pl1_0.ledger_id,pl1_0.balance_after_txn,pl1_0.company_id,pl1_0.created_at,pl1_0.credit_amount,pl1_0.date,pl1_0.debit_amount,pl1_0.description,pl1_0.party_id,pl1_0.reference_id,pl1_0.type from party_ledger pl1_0 left join party p1_0 on p1_0.party_id=pl1_0.party_id where p1_0.party_id=? order by pl1_0.date
2025-11-27 17:38:10 [http-nio-8007-exec-5] DEBUG org.hibernate.SQL - insert into party_ledger (balance_after_txn,company_id,created_at,credit_amount,date,debit_amount,description,party_id,reference_id,type) values (?,?,?,?,?,?,?,?,?,?)
2025-11-27 17:38:10 [http-nio-8007-exec-5] DEBUG org.hibernate.SQL - update item set available_stock=?,base_unit=?,base_unit_to_secondary_unit=?,company_id=?,created_at=?,description=?,item_code=?,item_hsn=?,item_name=?,item_type=?,minimum_stock_to_maintain=?,opening_stock_location=?,purchase_price=?,purchase_tax_type=?,reserved_stock=?,sale_discount_price=?,sale_discount_type=?,sale_price=?,sale_tax_type=?,secondary_unit=?,stock_opening_date=?,stock_opening_qty=?,stock_price_per_qty=?,stock_value=?,tax_rate=?,total_stock_in=?,updated_at=? where item_id=?
2025-11-27 18:47:08 [HikariPool-1 housekeeper] WARN  com.zaxxer.hikari.pool.HikariPool - HikariPool-1 - Thread starvation or clock leap detected (housekeeper delta=6m48s151ms947µs700ns).
2025-11-27 18:59:17 [SpringApplicationShutdownHook] INFO  o.s.b.w.e.tomcat.GracefulShutdown - Commencing graceful shutdown. Waiting for active requests to complete
2025-11-27 18:59:17 [tomcat-shutdown] INFO  o.s.b.w.e.tomcat.GracefulShutdown - Graceful shutdown complete
2025-11-27 18:59:17 [SpringApplicationShutdownHook] INFO  o.s.o.j.LocalContainerEntityManagerFactoryBean - Closing JPA EntityManagerFactory for persistence unit 'default'
2025-11-27 18:59:17 [SpringApplicationShutdownHook] INFO  com.zaxxer.hikari.HikariDataSource - HikariPool-1 - Shutdown initiated...
2025-11-27 18:59:17 [SpringApplicationShutdownHook] INFO  com.zaxxer.hikari.HikariDataSource - HikariPool-1 - Shutdown completed.
