2025-11-24 11:31:19 [background-preinit] INFO  o.h.validator.internal.util.Version - HV000001: Hibernate Validator 8.0.2.Final
2025-11-24 11:31:19 [restartedMain] INFO  c.e.t.t.TechgicusEbillingApplication - Starting TechgicusEbillingApplication using Java 24.0.1 with PID 11084 (D:\Techgicus_software\techgicus_ebilling\target\classes started by payal in D:\Techgicus_software\techgicus_ebilling)
2025-11-24 11:31:19 [restartedMain] INFO  c.e.t.t.TechgicusEbillingApplication - No active profile set, falling back to 1 default profile: "default"
2025-11-24 11:31:20 [restartedMain] INFO  o.s.b.d.e.DevToolsPropertyDefaultsPostProcessor - Devtools property defaults active! Set 'spring.devtools.add-properties' to 'false' to disable
2025-11-24 11:31:20 [restartedMain] INFO  o.s.b.d.e.DevToolsPropertyDefaultsPostProcessor - For additional web related logging consider setting the 'logging.level.web' property to 'DEBUG'
2025-11-24 11:31:22 [restartedMain] INFO  o.s.d.r.c.RepositoryConfigurationDelegate - Bootstrapping Spring Data JPA repositories in DEFAULT mode.
2025-11-24 11:31:22 [restartedMain] INFO  o.s.d.r.c.RepositoryConfigurationDelegate - Finished Spring Data repository scanning in 273 ms. Found 36 JPA repository interfaces.
2025-11-24 11:31:26 [restartedMain] INFO  o.s.b.w.e.tomcat.TomcatWebServer - Tomcat initialized with port 8007 (http)
2025-11-24 11:31:26 [restartedMain] INFO  o.a.coyote.http11.Http11NioProtocol - Initializing ProtocolHandler ["http-nio-8007"]
2025-11-24 11:31:26 [restartedMain] INFO  o.a.catalina.core.StandardService - Starting service [Tomcat]
2025-11-24 11:31:26 [restartedMain] INFO  o.a.catalina.core.StandardEngine - Starting Servlet engine: [Apache Tomcat/10.1.36]
2025-11-24 11:31:27 [restartedMain] INFO  o.a.c.c.C.[Tomcat].[localhost].[/] - Initializing Spring embedded WebApplicationContext
2025-11-24 11:31:27 [restartedMain] INFO  o.s.b.w.s.c.ServletWebServerApplicationContext - Root WebApplicationContext: initialization completed in 7100 ms
2025-11-24 11:31:29 [restartedMain] INFO  com.zaxxer.hikari.HikariDataSource - HikariPool-1 - Starting...
2025-11-24 11:31:31 [restartedMain] INFO  com.zaxxer.hikari.pool.HikariPool - HikariPool-1 - Added connection com.mysql.cj.jdbc.ConnectionImpl@68bab325
2025-11-24 11:31:31 [restartedMain] INFO  com.zaxxer.hikari.HikariDataSource - HikariPool-1 - Start completed.
2025-11-24 11:31:32 [restartedMain] INFO  o.h.jpa.internal.util.LogHelper - HHH000204: Processing PersistenceUnitInfo [name: default]
2025-11-24 11:31:32 [restartedMain] INFO  org.hibernate.Version - HHH000412: Hibernate ORM core version 6.6.8.Final
2025-11-24 11:31:32 [restartedMain] INFO  o.h.c.i.RegionFactoryInitiator - HHH000026: Second-level cache disabled
2025-11-24 11:31:33 [restartedMain] INFO  o.s.o.j.p.SpringPersistenceUnitInfo - No LoadTimeWeaver setup: ignoring JPA class transformer
2025-11-24 11:31:33 [restartedMain] INFO  o.hibernate.orm.connections.pooling - HHH10001005: Database info:
	Database JDBC URL [Connecting through datasource 'HikariDataSource (HikariPool-1)']
	Database driver: undefined/unknown
	Database version: 8.0.42
	Autocommit mode: undefined/unknown
	Isolation level: undefined/unknown
	Minimum pool size: undefined/unknown
	Maximum pool size: undefined/unknown
2025-11-24 11:31:36 [restartedMain] INFO  o.h.e.t.j.p.i.JtaPlatformInitiator - HHH000489: No JTA platform available (set 'hibernate.transaction.jta.platform' to enable JTA platform integration)
2025-11-24 11:31:37 [restartedMain] INFO  o.s.o.j.LocalContainerEntityManagerFactoryBean - Initialized JPA EntityManagerFactory for persistence unit 'default'
2025-11-24 11:31:38 [restartedMain] INFO  o.s.s.c.a.a.c.InitializeAuthenticationProviderBeanManagerConfigurer$InitializeAuthenticationProviderManagerConfigurer - Global AuthenticationManager configured with AuthenticationProvider bean with name daoAuthenticationProvider
2025-11-24 11:31:38 [restartedMain] WARN  o.s.s.c.a.a.c.InitializeUserDetailsBeanManagerConfigurer$InitializeUserDetailsManagerConfigurer - Global AuthenticationManager configured with an AuthenticationProvider bean. UserDetailsService beans will not be used by Spring Security for automatically configuring username/password login. Consider removing the AuthenticationProvider bean. Alternatively, consider using the UserDetailsService in a manually instantiated DaoAuthenticationProvider. If the current configuration is intentional, to turn off this warning, increase the logging level of 'org.springframework.security.config.annotation.authentication.configuration.InitializeUserDetailsBeanManagerConfigurer' to ERROR
2025-11-24 11:31:38 [restartedMain] INFO  o.s.d.j.r.query.QueryEnhancerFactory - Hibernate is in classpath; If applicable, HQL parser will be used.
2025-11-24 11:31:46 [restartedMain] WARN  o.s.b.a.o.j.JpaBaseConfiguration$JpaWebConfiguration - spring.jpa.open-in-view is enabled by default. Therefore, database queries may be performed during view rendering. Explicitly configure spring.jpa.open-in-view to disable this warning
2025-11-24 11:31:47 [restartedMain] INFO  o.s.b.d.a.OptionalLiveReloadServer - LiveReload server is running on port 35729
2025-11-24 11:31:48 [restartedMain] INFO  o.a.coyote.http11.Http11NioProtocol - Starting ProtocolHandler ["http-nio-8007"]
2025-11-24 11:31:48 [restartedMain] INFO  o.s.b.w.e.tomcat.TomcatWebServer - Tomcat started on port 8007 (http) with context path '/'
2025-11-24 11:31:48 [restartedMain] INFO  c.e.t.t.TechgicusEbillingApplication - Started TechgicusEbillingApplication in 29.172 seconds (process running for 30.162)
2025-11-24 11:31:48 [restartedMain] DEBUG org.hibernate.SQL - select r1_0.role_id,r1_0.description,r1_0.role_name,r1_0.is_system_role from roles r1_0 where r1_0.role_name=?
2025-11-24 11:31:48 [restartedMain] DEBUG org.hibernate.SQL - select r1_0.role_id,r1_0.description,r1_0.role_name,r1_0.is_system_role from roles r1_0 where r1_0.role_name=?
2025-11-24 11:31:48 [restartedMain] DEBUG org.hibernate.SQL - select r1_0.role_id,r1_0.description,r1_0.role_name,r1_0.is_system_role from roles r1_0 where r1_0.role_name=?
2025-11-24 11:31:48 [restartedMain] DEBUG org.hibernate.SQL - select f1_0.feature_id,f1_0.code,f1_0.description,f1_0.name,f1_0.premium from features f1_0 where f1_0.code=?
2025-11-24 11:31:48 [restartedMain] DEBUG org.hibernate.SQL - select f1_0.feature_id,f1_0.code,f1_0.description,f1_0.name,f1_0.premium from features f1_0 where f1_0.code=?
2025-11-24 11:31:48 [restartedMain] DEBUG org.hibernate.SQL - select f1_0.feature_id,f1_0.code,f1_0.description,f1_0.name,f1_0.premium from features f1_0 where f1_0.code=?
2025-11-24 11:31:48 [restartedMain] DEBUG org.hibernate.SQL - select f1_0.feature_id,f1_0.code,f1_0.description,f1_0.name,f1_0.premium from features f1_0 where f1_0.code=?
2025-11-24 11:31:48 [restartedMain] DEBUG org.hibernate.SQL - select sp1_0.subscription_plan_id,sp1_0.description,sp1_0.duration_days,sp1_0.is_active,sp1_0.name,sp1_0.price from subscription_plans sp1_0 where sp1_0.name=?
2025-11-24 11:31:48 [restartedMain] DEBUG org.hibernate.SQL - select sp1_0.subscription_plan_id,sp1_0.description,sp1_0.duration_days,sp1_0.is_active,sp1_0.name,sp1_0.price from subscription_plans sp1_0 where sp1_0.name=?
2025-11-24 11:31:48 [restartedMain] DEBUG org.hibernate.SQL - select sp1_0.subscription_plan_id,sp1_0.description,sp1_0.duration_days,sp1_0.is_active,sp1_0.name,sp1_0.price from subscription_plans sp1_0 where sp1_0.name=?
2025-11-24 11:31:48 [restartedMain] DEBUG org.hibernate.SQL - select f1_0.feature_id,f1_0.code,f1_0.description,f1_0.name,f1_0.premium from features f1_0 where f1_0.code=?
2025-11-24 11:31:48 [restartedMain] DEBUG org.hibernate.SQL - select f1_0.feature_id,f1_0.code,f1_0.description,f1_0.name,f1_0.premium from features f1_0 where f1_0.code=?
2025-11-24 11:31:48 [restartedMain] DEBUG org.hibernate.SQL - select f1_0.feature_id,f1_0.code,f1_0.description,f1_0.name,f1_0.premium from features f1_0 where f1_0.code=?
2025-11-24 11:31:48 [restartedMain] DEBUG org.hibernate.SQL - select f1_0.feature_id,f1_0.code,f1_0.description,f1_0.name,f1_0.premium from features f1_0 where f1_0.code=?
2025-11-24 11:31:48 [restartedMain] DEBUG org.hibernate.SQL - select sp1_0.subscription_plan_id,sp1_0.description,sp1_0.duration_days,sp1_0.is_active,sp1_0.name,sp1_0.price from subscription_plans sp1_0 where sp1_0.name=?
2025-11-24 11:31:48 [restartedMain] DEBUG org.hibernate.SQL - select sp1_0.subscription_plan_id,sp1_0.description,sp1_0.duration_days,sp1_0.is_active,sp1_0.name,sp1_0.price from subscription_plans sp1_0 where sp1_0.name=?
2025-11-24 11:31:48 [restartedMain] DEBUG org.hibernate.SQL - select sp1_0.subscription_plan_id,sp1_0.description,sp1_0.duration_days,sp1_0.is_active,sp1_0.name,sp1_0.price from subscription_plans sp1_0 where sp1_0.name=?
2025-11-24 11:31:48 [restartedMain] DEBUG org.hibernate.SQL - select pfl1_0.plan_feature_limit_id,pfl1_0.boolean_limit,pfl1_0.feature_id,pfl1_0.limit_type,pfl1_0.plan_id,pfl1_0.usage_limit from plan_feature_limits pfl1_0 where pfl1_0.plan_id=? and pfl1_0.feature_id=?
2025-11-24 11:31:48 [restartedMain] DEBUG org.hibernate.SQL - select pfl1_0.plan_feature_limit_id,pfl1_0.boolean_limit,pfl1_0.feature_id,pfl1_0.limit_type,pfl1_0.plan_id,pfl1_0.usage_limit from plan_feature_limits pfl1_0 where pfl1_0.plan_id=? and pfl1_0.feature_id=?
2025-11-24 11:31:48 [restartedMain] DEBUG org.hibernate.SQL - select pfl1_0.plan_feature_limit_id,pfl1_0.boolean_limit,pfl1_0.feature_id,pfl1_0.limit_type,pfl1_0.plan_id,pfl1_0.usage_limit from plan_feature_limits pfl1_0 where pfl1_0.plan_id=? and pfl1_0.feature_id=?
2025-11-24 11:31:48 [restartedMain] DEBUG org.hibernate.SQL - select pfl1_0.plan_feature_limit_id,pfl1_0.boolean_limit,pfl1_0.feature_id,pfl1_0.limit_type,pfl1_0.plan_id,pfl1_0.usage_limit from plan_feature_limits pfl1_0 where pfl1_0.plan_id=? and pfl1_0.feature_id=?
2025-11-24 11:31:48 [restartedMain] DEBUG org.hibernate.SQL - select pfl1_0.plan_feature_limit_id,pfl1_0.boolean_limit,pfl1_0.feature_id,pfl1_0.limit_type,pfl1_0.plan_id,pfl1_0.usage_limit from plan_feature_limits pfl1_0 where pfl1_0.plan_id=? and pfl1_0.feature_id=?
2025-11-24 11:31:48 [restartedMain] DEBUG org.hibernate.SQL - select pfl1_0.plan_feature_limit_id,pfl1_0.boolean_limit,pfl1_0.feature_id,pfl1_0.limit_type,pfl1_0.plan_id,pfl1_0.usage_limit from plan_feature_limits pfl1_0 where pfl1_0.plan_id=? and pfl1_0.feature_id=?
2025-11-24 11:31:48 [restartedMain] DEBUG org.hibernate.SQL - select pfl1_0.plan_feature_limit_id,pfl1_0.boolean_limit,pfl1_0.feature_id,pfl1_0.limit_type,pfl1_0.plan_id,pfl1_0.usage_limit from plan_feature_limits pfl1_0 where pfl1_0.plan_id=? and pfl1_0.feature_id=?
2025-11-24 11:31:48 [restartedMain] DEBUG org.hibernate.SQL - select pfl1_0.plan_feature_limit_id,pfl1_0.boolean_limit,pfl1_0.feature_id,pfl1_0.limit_type,pfl1_0.plan_id,pfl1_0.usage_limit from plan_feature_limits pfl1_0 where pfl1_0.plan_id=? and pfl1_0.feature_id=?
2025-11-24 11:31:48 [restartedMain] DEBUG org.hibernate.SQL - select pfl1_0.plan_feature_limit_id,pfl1_0.boolean_limit,pfl1_0.feature_id,pfl1_0.limit_type,pfl1_0.plan_id,pfl1_0.usage_limit from plan_feature_limits pfl1_0 where pfl1_0.plan_id=? and pfl1_0.feature_id=?
2025-11-24 11:31:48 [restartedMain] DEBUG org.hibernate.SQL - select pfl1_0.plan_feature_limit_id,pfl1_0.boolean_limit,pfl1_0.feature_id,pfl1_0.limit_type,pfl1_0.plan_id,pfl1_0.usage_limit from plan_feature_limits pfl1_0 where pfl1_0.plan_id=? and pfl1_0.feature_id=?
2025-11-24 11:31:48 [restartedMain] DEBUG org.hibernate.SQL - select pfl1_0.plan_feature_limit_id,pfl1_0.boolean_limit,pfl1_0.feature_id,pfl1_0.limit_type,pfl1_0.plan_id,pfl1_0.usage_limit from plan_feature_limits pfl1_0 where pfl1_0.plan_id=? and pfl1_0.feature_id=?
2025-11-24 11:31:48 [restartedMain] DEBUG org.hibernate.SQL - select pfl1_0.plan_feature_limit_id,pfl1_0.boolean_limit,pfl1_0.feature_id,pfl1_0.limit_type,pfl1_0.plan_id,pfl1_0.usage_limit from plan_feature_limits pfl1_0 where pfl1_0.plan_id=? and pfl1_0.feature_id=?
2025-11-24 11:31:48 [restartedMain] DEBUG org.hibernate.SQL - select r1_0.role_id,r1_0.description,r1_0.role_name,r1_0.is_system_role from roles r1_0 where r1_0.role_name=?
2025-11-24 11:31:48 [restartedMain] DEBUG org.hibernate.SQL - select u1_0.user_id,u1_0.created_at,u1_0.email,u1_0.password,u1_0.update_at,u1_0.user_name from users u1_0 where u1_0.email=?
2025-11-24 11:31:48 [restartedMain] DEBUG org.hibernate.SQL - select r1_0.user_id,r1_1.role_id,r1_1.description,r1_1.role_name,r1_1.is_system_role from user_roles r1_0 join roles r1_1 on r1_1.role_id=r1_0.role_id where r1_0.user_id=?
2025-11-24 11:33:04 [http-nio-8007-exec-1] INFO  o.a.c.c.C.[Tomcat].[localhost].[/] - Initializing Spring DispatcherServlet 'dispatcherServlet'
2025-11-24 11:33:04 [http-nio-8007-exec-1] INFO  o.s.web.servlet.DispatcherServlet - Initializing Servlet 'dispatcherServlet'
2025-11-24 11:33:04 [http-nio-8007-exec-1] INFO  o.s.web.servlet.DispatcherServlet - Completed initialization in 64 ms
2025-11-24 11:33:14 [http-nio-8007-exec-8] INFO  o.s.api.AbstractOpenApiResource - Init duration for springdoc-openapi is: 7307 ms
2025-11-24 12:05:38 [http-nio-8007-exec-6] DEBUG org.hibernate.SQL - select u1_0.user_id,u1_0.created_at,u1_0.email,u1_0.password,u1_0.update_at,u1_0.user_name from users u1_0 where u1_0.email=?
2025-11-24 12:05:38 [http-nio-8007-exec-6] DEBUG org.hibernate.SQL - select r1_0.user_id,r1_1.role_id,r1_1.description,r1_1.role_name,r1_1.is_system_role from user_roles r1_0 join roles r1_1 on r1_1.role_id=r1_0.role_id where r1_0.user_id=?
2025-11-24 12:06:01 [http-nio-8007-exec-7] DEBUG org.hibernate.SQL - select u1_0.user_id,u1_0.created_at,u1_0.email,u1_0.password,u1_0.update_at,u1_0.user_name from users u1_0 where u1_0.email=?
2025-11-24 12:06:01 [http-nio-8007-exec-7] DEBUG org.hibernate.SQL - select r1_0.user_id,r1_1.role_id,r1_1.description,r1_1.role_name,r1_1.is_system_role from user_roles r1_0 join roles r1_1 on r1_1.role_id=r1_0.role_id where r1_0.user_id=?
2025-11-24 12:06:01 [http-nio-8007-exec-7] DEBUG org.hibernate.SQL - select i1_0.item_id,i1_0.available_stock,i1_0.base_unit,i1_0.base_unit_to_secondary_unit,c1_0.company_id,c1_0.address,c1_0.business_description,c1_0.bussiness_category,c1_0.bussiness_name,c1_0.bussiness_type,c1_0.company_owner_id,co1_0.user_id,co1_0.created_at,co1_0.email,co1_0.password,co1_0.update_at,co1_0.user_name,c1_0.created_at,c1_0.email_id,c1_0.gstin,c1_0.logo_url,c1_0.phone_no,c1_0.signature_url,c1_0.state,c1_0.update_at,i1_0.created_at,i1_0.description,i1_0.item_code,i1_0.item_hsn,i1_0.item_name,i1_0.item_type,i1_0.minimum_stock_to_maintain,i1_0.opening_stock_location,i1_0.purchase_price,i1_0.purchase_tax_type,i1_0.reserved_stock,i1_0.sale_discount_price,i1_0.sale_discount_type,i1_0.sale_price,i1_0.sale_tax_type,i1_0.secondary_unit,i1_0.stock_opening_date,i1_0.stock_opening_qty,i1_0.stock_price_per_qty,i1_0.stock_value,i1_0.tax_rate,i1_0.total_stock_in,i1_0.updated_at from item i1_0 left join company c1_0 on c1_0.company_id=i1_0.company_id left join users co1_0 on co1_0.user_id=c1_0.company_owner_id where i1_0.item_id=?
2025-11-24 12:06:01 [http-nio-8007-exec-7] DEBUG org.hibernate.SQL - select r1_0.user_id,r1_1.role_id,r1_1.description,r1_1.role_name,r1_1.is_system_role from user_roles r1_0 join roles r1_1 on r1_1.role_id=r1_0.role_id where r1_0.user_id=?
2025-11-24 12:06:01 [http-nio-8007-exec-7] DEBUG org.hibernate.SQL - insert into stock_transaction (item_id,quantity,reference_number,total_amount,transaction_date,transaction_type) values (?,?,?,?,?,?)
2025-11-24 12:06:01 [http-nio-8007-exec-7] DEBUG org.hibernate.SQL - update item set available_stock=?,base_unit=?,base_unit_to_secondary_unit=?,company_id=?,created_at=?,description=?,item_code=?,item_hsn=?,item_name=?,item_type=?,minimum_stock_to_maintain=?,opening_stock_location=?,purchase_price=?,purchase_tax_type=?,reserved_stock=?,sale_discount_price=?,sale_discount_type=?,sale_price=?,sale_tax_type=?,secondary_unit=?,stock_opening_date=?,stock_opening_qty=?,stock_price_per_qty=?,stock_value=?,tax_rate=?,total_stock_in=?,updated_at=? where item_id=?
2025-11-24 12:06:50 [SpringApplicationShutdownHook] INFO  o.s.b.w.e.tomcat.GracefulShutdown - Commencing graceful shutdown. Waiting for active requests to complete
2025-11-24 12:06:50 [tomcat-shutdown] INFO  o.s.b.w.e.tomcat.GracefulShutdown - Graceful shutdown complete
2025-11-24 12:06:50 [SpringApplicationShutdownHook] INFO  o.s.o.j.LocalContainerEntityManagerFactoryBean - Closing JPA EntityManagerFactory for persistence unit 'default'
2025-11-24 12:06:50 [SpringApplicationShutdownHook] INFO  com.zaxxer.hikari.HikariDataSource - HikariPool-1 - Shutdown initiated...
2025-11-24 12:06:50 [SpringApplicationShutdownHook] INFO  com.zaxxer.hikari.HikariDataSource - HikariPool-1 - Shutdown completed.
2025-11-24 12:07:16 [background-preinit] INFO  o.h.validator.internal.util.Version - HV000001: Hibernate Validator 8.0.2.Final
2025-11-24 12:07:16 [restartedMain] INFO  c.e.t.t.TechgicusEbillingApplication - Starting TechgicusEbillingApplication using Java 24.0.1 with PID 18028 (D:\Techgicus_software\techgicus_ebilling\target\classes started by payal in D:\Techgicus_software\techgicus_ebilling)
2025-11-24 12:07:16 [restartedMain] INFO  c.e.t.t.TechgicusEbillingApplication - No active profile set, falling back to 1 default profile: "default"
2025-11-24 12:07:16 [restartedMain] INFO  o.s.b.d.e.DevToolsPropertyDefaultsPostProcessor - Devtools property defaults active! Set 'spring.devtools.add-properties' to 'false' to disable
2025-11-24 12:07:16 [restartedMain] INFO  o.s.b.d.e.DevToolsPropertyDefaultsPostProcessor - For additional web related logging consider setting the 'logging.level.web' property to 'DEBUG'
2025-11-24 12:07:18 [restartedMain] INFO  o.s.d.r.c.RepositoryConfigurationDelegate - Bootstrapping Spring Data JPA repositories in DEFAULT mode.
2025-11-24 12:07:18 [restartedMain] INFO  o.s.d.r.c.RepositoryConfigurationDelegate - Finished Spring Data repository scanning in 266 ms. Found 36 JPA repository interfaces.
2025-11-24 12:07:20 [restartedMain] INFO  o.s.b.w.e.tomcat.TomcatWebServer - Tomcat initialized with port 8007 (http)
2025-11-24 12:07:20 [restartedMain] INFO  o.a.coyote.http11.Http11NioProtocol - Initializing ProtocolHandler ["http-nio-8007"]
2025-11-24 12:07:20 [restartedMain] INFO  o.a.catalina.core.StandardService - Starting service [Tomcat]
2025-11-24 12:07:20 [restartedMain] INFO  o.a.catalina.core.StandardEngine - Starting Servlet engine: [Apache Tomcat/10.1.36]
2025-11-24 12:07:20 [restartedMain] INFO  o.a.c.c.C.[Tomcat].[localhost].[/] - Initializing Spring embedded WebApplicationContext
2025-11-24 12:07:20 [restartedMain] INFO  o.s.b.w.s.c.ServletWebServerApplicationContext - Root WebApplicationContext: initialization completed in 4138 ms
2025-11-24 12:07:20 [restartedMain] INFO  com.zaxxer.hikari.HikariDataSource - HikariPool-1 - Starting...
2025-11-24 12:07:21 [restartedMain] INFO  com.zaxxer.hikari.pool.HikariPool - HikariPool-1 - Added connection com.mysql.cj.jdbc.ConnectionImpl@61525104
2025-11-24 12:07:21 [restartedMain] INFO  com.zaxxer.hikari.HikariDataSource - HikariPool-1 - Start completed.
2025-11-24 12:07:21 [restartedMain] INFO  o.h.jpa.internal.util.LogHelper - HHH000204: Processing PersistenceUnitInfo [name: default]
2025-11-24 12:07:22 [restartedMain] INFO  org.hibernate.Version - HHH000412: Hibernate ORM core version 6.6.8.Final
2025-11-24 12:07:22 [restartedMain] INFO  o.h.c.i.RegionFactoryInitiator - HHH000026: Second-level cache disabled
2025-11-24 12:07:22 [restartedMain] INFO  o.s.o.j.p.SpringPersistenceUnitInfo - No LoadTimeWeaver setup: ignoring JPA class transformer
2025-11-24 12:07:22 [restartedMain] INFO  o.hibernate.orm.connections.pooling - HHH10001005: Database info:
	Database JDBC URL [Connecting through datasource 'HikariDataSource (HikariPool-1)']
	Database driver: undefined/unknown
	Database version: 8.0.42
	Autocommit mode: undefined/unknown
	Isolation level: undefined/unknown
	Minimum pool size: undefined/unknown
	Maximum pool size: undefined/unknown
2025-11-24 12:07:25 [restartedMain] INFO  o.h.e.t.j.p.i.JtaPlatformInitiator - HHH000489: No JTA platform available (set 'hibernate.transaction.jta.platform' to enable JTA platform integration)
2025-11-24 12:07:25 [restartedMain] INFO  o.s.o.j.LocalContainerEntityManagerFactoryBean - Initialized JPA EntityManagerFactory for persistence unit 'default'
2025-11-24 12:07:26 [restartedMain] INFO  o.s.s.c.a.a.c.InitializeAuthenticationProviderBeanManagerConfigurer$InitializeAuthenticationProviderManagerConfigurer - Global AuthenticationManager configured with AuthenticationProvider bean with name daoAuthenticationProvider
2025-11-24 12:07:26 [restartedMain] WARN  o.s.s.c.a.a.c.InitializeUserDetailsBeanManagerConfigurer$InitializeUserDetailsManagerConfigurer - Global AuthenticationManager configured with an AuthenticationProvider bean. UserDetailsService beans will not be used by Spring Security for automatically configuring username/password login. Consider removing the AuthenticationProvider bean. Alternatively, consider using the UserDetailsService in a manually instantiated DaoAuthenticationProvider. If the current configuration is intentional, to turn off this warning, increase the logging level of 'org.springframework.security.config.annotation.authentication.configuration.InitializeUserDetailsBeanManagerConfigurer' to ERROR
2025-11-24 12:07:26 [restartedMain] INFO  o.s.d.j.r.query.QueryEnhancerFactory - Hibernate is in classpath; If applicable, HQL parser will be used.
2025-11-24 12:07:30 [restartedMain] WARN  o.s.b.a.o.j.JpaBaseConfiguration$JpaWebConfiguration - spring.jpa.open-in-view is enabled by default. Therefore, database queries may be performed during view rendering. Explicitly configure spring.jpa.open-in-view to disable this warning
2025-11-24 12:07:31 [restartedMain] INFO  o.s.b.d.a.OptionalLiveReloadServer - LiveReload server is running on port 35729
2025-11-24 12:07:31 [restartedMain] INFO  o.a.coyote.http11.Http11NioProtocol - Starting ProtocolHandler ["http-nio-8007"]
2025-11-24 12:07:31 [restartedMain] INFO  o.s.b.w.e.tomcat.TomcatWebServer - Tomcat started on port 8007 (http) with context path '/'
2025-11-24 12:07:31 [restartedMain] INFO  c.e.t.t.TechgicusEbillingApplication - Started TechgicusEbillingApplication in 16.341 seconds (process running for 19.578)
2025-11-24 12:07:31 [restartedMain] DEBUG org.hibernate.SQL - select r1_0.role_id,r1_0.description,r1_0.role_name,r1_0.is_system_role from roles r1_0 where r1_0.role_name=?
2025-11-24 12:07:31 [restartedMain] DEBUG org.hibernate.SQL - select r1_0.role_id,r1_0.description,r1_0.role_name,r1_0.is_system_role from roles r1_0 where r1_0.role_name=?
2025-11-24 12:07:31 [restartedMain] DEBUG org.hibernate.SQL - select r1_0.role_id,r1_0.description,r1_0.role_name,r1_0.is_system_role from roles r1_0 where r1_0.role_name=?
2025-11-24 12:07:31 [restartedMain] DEBUG org.hibernate.SQL - select f1_0.feature_id,f1_0.code,f1_0.description,f1_0.name,f1_0.premium from features f1_0 where f1_0.code=?
2025-11-24 12:07:31 [restartedMain] DEBUG org.hibernate.SQL - select f1_0.feature_id,f1_0.code,f1_0.description,f1_0.name,f1_0.premium from features f1_0 where f1_0.code=?
2025-11-24 12:07:31 [restartedMain] DEBUG org.hibernate.SQL - select f1_0.feature_id,f1_0.code,f1_0.description,f1_0.name,f1_0.premium from features f1_0 where f1_0.code=?
2025-11-24 12:07:31 [restartedMain] DEBUG org.hibernate.SQL - select f1_0.feature_id,f1_0.code,f1_0.description,f1_0.name,f1_0.premium from features f1_0 where f1_0.code=?
2025-11-24 12:07:31 [restartedMain] DEBUG org.hibernate.SQL - select sp1_0.subscription_plan_id,sp1_0.description,sp1_0.duration_days,sp1_0.is_active,sp1_0.name,sp1_0.price from subscription_plans sp1_0 where sp1_0.name=?
2025-11-24 12:07:31 [restartedMain] DEBUG org.hibernate.SQL - select sp1_0.subscription_plan_id,sp1_0.description,sp1_0.duration_days,sp1_0.is_active,sp1_0.name,sp1_0.price from subscription_plans sp1_0 where sp1_0.name=?
2025-11-24 12:07:31 [restartedMain] DEBUG org.hibernate.SQL - select sp1_0.subscription_plan_id,sp1_0.description,sp1_0.duration_days,sp1_0.is_active,sp1_0.name,sp1_0.price from subscription_plans sp1_0 where sp1_0.name=?
2025-11-24 12:07:31 [restartedMain] DEBUG org.hibernate.SQL - select f1_0.feature_id,f1_0.code,f1_0.description,f1_0.name,f1_0.premium from features f1_0 where f1_0.code=?
2025-11-24 12:07:31 [restartedMain] DEBUG org.hibernate.SQL - select f1_0.feature_id,f1_0.code,f1_0.description,f1_0.name,f1_0.premium from features f1_0 where f1_0.code=?
2025-11-24 12:07:31 [restartedMain] DEBUG org.hibernate.SQL - select f1_0.feature_id,f1_0.code,f1_0.description,f1_0.name,f1_0.premium from features f1_0 where f1_0.code=?
2025-11-24 12:07:31 [restartedMain] DEBUG org.hibernate.SQL - select f1_0.feature_id,f1_0.code,f1_0.description,f1_0.name,f1_0.premium from features f1_0 where f1_0.code=?
2025-11-24 12:07:31 [restartedMain] DEBUG org.hibernate.SQL - select sp1_0.subscription_plan_id,sp1_0.description,sp1_0.duration_days,sp1_0.is_active,sp1_0.name,sp1_0.price from subscription_plans sp1_0 where sp1_0.name=?
2025-11-24 12:07:31 [restartedMain] DEBUG org.hibernate.SQL - select sp1_0.subscription_plan_id,sp1_0.description,sp1_0.duration_days,sp1_0.is_active,sp1_0.name,sp1_0.price from subscription_plans sp1_0 where sp1_0.name=?
2025-11-24 12:07:31 [restartedMain] DEBUG org.hibernate.SQL - select sp1_0.subscription_plan_id,sp1_0.description,sp1_0.duration_days,sp1_0.is_active,sp1_0.name,sp1_0.price from subscription_plans sp1_0 where sp1_0.name=?
2025-11-24 12:07:31 [restartedMain] DEBUG org.hibernate.SQL - select pfl1_0.plan_feature_limit_id,pfl1_0.boolean_limit,pfl1_0.feature_id,pfl1_0.limit_type,pfl1_0.plan_id,pfl1_0.usage_limit from plan_feature_limits pfl1_0 where pfl1_0.plan_id=? and pfl1_0.feature_id=?
2025-11-24 12:07:31 [restartedMain] DEBUG org.hibernate.SQL - select pfl1_0.plan_feature_limit_id,pfl1_0.boolean_limit,pfl1_0.feature_id,pfl1_0.limit_type,pfl1_0.plan_id,pfl1_0.usage_limit from plan_feature_limits pfl1_0 where pfl1_0.plan_id=? and pfl1_0.feature_id=?
2025-11-24 12:07:31 [restartedMain] DEBUG org.hibernate.SQL - select pfl1_0.plan_feature_limit_id,pfl1_0.boolean_limit,pfl1_0.feature_id,pfl1_0.limit_type,pfl1_0.plan_id,pfl1_0.usage_limit from plan_feature_limits pfl1_0 where pfl1_0.plan_id=? and pfl1_0.feature_id=?
2025-11-24 12:07:31 [restartedMain] DEBUG org.hibernate.SQL - select pfl1_0.plan_feature_limit_id,pfl1_0.boolean_limit,pfl1_0.feature_id,pfl1_0.limit_type,pfl1_0.plan_id,pfl1_0.usage_limit from plan_feature_limits pfl1_0 where pfl1_0.plan_id=? and pfl1_0.feature_id=?
2025-11-24 12:07:31 [restartedMain] DEBUG org.hibernate.SQL - select pfl1_0.plan_feature_limit_id,pfl1_0.boolean_limit,pfl1_0.feature_id,pfl1_0.limit_type,pfl1_0.plan_id,pfl1_0.usage_limit from plan_feature_limits pfl1_0 where pfl1_0.plan_id=? and pfl1_0.feature_id=?
2025-11-24 12:07:31 [restartedMain] DEBUG org.hibernate.SQL - select pfl1_0.plan_feature_limit_id,pfl1_0.boolean_limit,pfl1_0.feature_id,pfl1_0.limit_type,pfl1_0.plan_id,pfl1_0.usage_limit from plan_feature_limits pfl1_0 where pfl1_0.plan_id=? and pfl1_0.feature_id=?
2025-11-24 12:07:31 [restartedMain] DEBUG org.hibernate.SQL - select pfl1_0.plan_feature_limit_id,pfl1_0.boolean_limit,pfl1_0.feature_id,pfl1_0.limit_type,pfl1_0.plan_id,pfl1_0.usage_limit from plan_feature_limits pfl1_0 where pfl1_0.plan_id=? and pfl1_0.feature_id=?
2025-11-24 12:07:31 [restartedMain] DEBUG org.hibernate.SQL - select pfl1_0.plan_feature_limit_id,pfl1_0.boolean_limit,pfl1_0.feature_id,pfl1_0.limit_type,pfl1_0.plan_id,pfl1_0.usage_limit from plan_feature_limits pfl1_0 where pfl1_0.plan_id=? and pfl1_0.feature_id=?
2025-11-24 12:07:31 [restartedMain] DEBUG org.hibernate.SQL - select pfl1_0.plan_feature_limit_id,pfl1_0.boolean_limit,pfl1_0.feature_id,pfl1_0.limit_type,pfl1_0.plan_id,pfl1_0.usage_limit from plan_feature_limits pfl1_0 where pfl1_0.plan_id=? and pfl1_0.feature_id=?
2025-11-24 12:07:31 [restartedMain] DEBUG org.hibernate.SQL - select pfl1_0.plan_feature_limit_id,pfl1_0.boolean_limit,pfl1_0.feature_id,pfl1_0.limit_type,pfl1_0.plan_id,pfl1_0.usage_limit from plan_feature_limits pfl1_0 where pfl1_0.plan_id=? and pfl1_0.feature_id=?
2025-11-24 12:07:31 [restartedMain] DEBUG org.hibernate.SQL - select pfl1_0.plan_feature_limit_id,pfl1_0.boolean_limit,pfl1_0.feature_id,pfl1_0.limit_type,pfl1_0.plan_id,pfl1_0.usage_limit from plan_feature_limits pfl1_0 where pfl1_0.plan_id=? and pfl1_0.feature_id=?
2025-11-24 12:07:31 [restartedMain] DEBUG org.hibernate.SQL - select pfl1_0.plan_feature_limit_id,pfl1_0.boolean_limit,pfl1_0.feature_id,pfl1_0.limit_type,pfl1_0.plan_id,pfl1_0.usage_limit from plan_feature_limits pfl1_0 where pfl1_0.plan_id=? and pfl1_0.feature_id=?
2025-11-24 12:07:31 [restartedMain] DEBUG org.hibernate.SQL - select r1_0.role_id,r1_0.description,r1_0.role_name,r1_0.is_system_role from roles r1_0 where r1_0.role_name=?
2025-11-24 12:07:31 [restartedMain] DEBUG org.hibernate.SQL - select u1_0.user_id,u1_0.created_at,u1_0.email,u1_0.password,u1_0.update_at,u1_0.user_name from users u1_0 where u1_0.email=?
2025-11-24 12:07:31 [restartedMain] DEBUG org.hibernate.SQL - select r1_0.user_id,r1_1.role_id,r1_1.description,r1_1.role_name,r1_1.is_system_role from user_roles r1_0 join roles r1_1 on r1_1.role_id=r1_0.role_id where r1_0.user_id=?
2025-11-24 12:07:41 [http-nio-8007-exec-1] INFO  o.a.c.c.C.[Tomcat].[localhost].[/] - Initializing Spring DispatcherServlet 'dispatcherServlet'
2025-11-24 12:07:41 [http-nio-8007-exec-1] INFO  o.s.web.servlet.DispatcherServlet - Initializing Servlet 'dispatcherServlet'
2025-11-24 12:07:41 [http-nio-8007-exec-1] INFO  o.s.web.servlet.DispatcherServlet - Completed initialization in 2 ms
2025-11-24 12:07:42 [http-nio-8007-exec-1] DEBUG org.hibernate.SQL - select u1_0.user_id,u1_0.created_at,u1_0.email,u1_0.password,u1_0.update_at,u1_0.user_name from users u1_0 where u1_0.email=?
2025-11-24 12:07:42 [http-nio-8007-exec-1] DEBUG org.hibernate.SQL - select r1_0.user_id,r1_1.role_id,r1_1.description,r1_1.role_name,r1_1.is_system_role from user_roles r1_0 join roles r1_1 on r1_1.role_id=r1_0.role_id where r1_0.user_id=?
2025-11-24 12:07:42 [http-nio-8007-exec-1] DEBUG org.hibernate.SQL - select i1_0.item_id,i1_0.available_stock,i1_0.base_unit,i1_0.base_unit_to_secondary_unit,c1_0.company_id,c1_0.address,c1_0.business_description,c1_0.bussiness_category,c1_0.bussiness_name,c1_0.bussiness_type,c1_0.company_owner_id,co1_0.user_id,co1_0.created_at,co1_0.email,co1_0.password,co1_0.update_at,co1_0.user_name,c1_0.created_at,c1_0.email_id,c1_0.gstin,c1_0.logo_url,c1_0.phone_no,c1_0.signature_url,c1_0.state,c1_0.update_at,i1_0.created_at,i1_0.description,i1_0.item_code,i1_0.item_hsn,i1_0.item_name,i1_0.item_type,i1_0.minimum_stock_to_maintain,i1_0.opening_stock_location,i1_0.purchase_price,i1_0.purchase_tax_type,i1_0.reserved_stock,i1_0.sale_discount_price,i1_0.sale_discount_type,i1_0.sale_price,i1_0.sale_tax_type,i1_0.secondary_unit,i1_0.stock_opening_date,i1_0.stock_opening_qty,i1_0.stock_price_per_qty,i1_0.stock_value,i1_0.tax_rate,i1_0.total_stock_in,i1_0.updated_at from item i1_0 left join company c1_0 on c1_0.company_id=i1_0.company_id left join users co1_0 on co1_0.user_id=c1_0.company_owner_id where i1_0.item_id=?
2025-11-24 12:07:42 [http-nio-8007-exec-1] DEBUG org.hibernate.SQL - select r1_0.user_id,r1_1.role_id,r1_1.description,r1_1.role_name,r1_1.is_system_role from user_roles r1_0 join roles r1_1 on r1_1.role_id=r1_0.role_id where r1_0.user_id=?
2025-11-24 12:07:42 [http-nio-8007-exec-1] DEBUG org.hibernate.SQL - insert into stock_transaction (item_id,quantity,reference_number,total_amount,transaction_date,transaction_type) values (?,?,?,?,?,?)
2025-11-24 12:07:42 [http-nio-8007-exec-1] DEBUG org.hibernate.SQL - update item set available_stock=?,base_unit=?,base_unit_to_secondary_unit=?,company_id=?,created_at=?,description=?,item_code=?,item_hsn=?,item_name=?,item_type=?,minimum_stock_to_maintain=?,opening_stock_location=?,purchase_price=?,purchase_tax_type=?,reserved_stock=?,sale_discount_price=?,sale_discount_type=?,sale_price=?,sale_tax_type=?,secondary_unit=?,stock_opening_date=?,stock_opening_qty=?,stock_price_per_qty=?,stock_value=?,tax_rate=?,total_stock_in=?,updated_at=? where item_id=?
2025-11-24 12:37:18 [HikariPool-1 housekeeper] WARN  com.zaxxer.hikari.pool.HikariPool - HikariPool-1 - Thread starvation or clock leap detected (housekeeper delta=4m25s777ms910µs500ns).
2025-11-24 12:51:17 [HikariPool-1 housekeeper] WARN  com.zaxxer.hikari.pool.HikariPool - HikariPool-1 - Thread starvation or clock leap detected (housekeeper delta=13m59s138ms144µs600ns).
2025-11-24 13:05:36 [HikariPool-1 housekeeper] WARN  com.zaxxer.hikari.pool.HikariPool - HikariPool-1 - Thread starvation or clock leap detected (housekeeper delta=11m19s39ms915µs300ns).
2025-11-24 13:54:38 [HikariPool-1 housekeeper] WARN  com.zaxxer.hikari.pool.HikariPool - HikariPool-1 - Thread starvation or clock leap detected (housekeeper delta=4m31s939ms485µs600ns).
2025-11-24 14:25:40 [HikariPool-1 housekeeper] WARN  com.zaxxer.hikari.pool.HikariPool - HikariPool-1 - Thread starvation or clock leap detected (housekeeper delta=2m800ms520µs200ns).
2025-11-24 15:02:57 [http-nio-8007-exec-7] INFO  o.s.api.AbstractOpenApiResource - Init duration for springdoc-openapi is: 16623 ms
2025-11-24 15:15:39 [HikariPool-1 housekeeper] WARN  com.zaxxer.hikari.pool.HikariPool - HikariPool-1 - Thread starvation or clock leap detected (housekeeper delta=1m29s25ms347µs600ns).
2025-11-24 16:35:40 [http-nio-8007-exec-6] DEBUG org.hibernate.SQL - select u1_0.user_id,u1_0.created_at,u1_0.email,u1_0.password,u1_0.update_at,u1_0.user_name from users u1_0 where u1_0.email=?
2025-11-24 16:35:40 [http-nio-8007-exec-6] DEBUG org.hibernate.SQL - select r1_0.user_id,r1_1.role_id,r1_1.description,r1_1.role_name,r1_1.is_system_role from user_roles r1_0 join roles r1_1 on r1_1.role_id=r1_0.role_id where r1_0.user_id=?
2025-11-24 16:36:11 [http-nio-8007-exec-5] DEBUG org.hibernate.SQL - select u1_0.user_id,u1_0.created_at,u1_0.email,u1_0.password,u1_0.update_at,u1_0.user_name from users u1_0 where u1_0.email=?
2025-11-24 16:36:11 [http-nio-8007-exec-5] DEBUG org.hibernate.SQL - select r1_0.user_id,r1_1.role_id,r1_1.description,r1_1.role_name,r1_1.is_system_role from user_roles r1_0 join roles r1_1 on r1_1.role_id=r1_0.role_id where r1_0.user_id=?
2025-11-24 16:36:11 [http-nio-8007-exec-5] DEBUG org.hibernate.SQL - select c1_0.company_id,c1_0.address,c1_0.business_description,c1_0.bussiness_category,c1_0.bussiness_name,c1_0.bussiness_type,c1_0.company_owner_id,co1_0.user_id,co1_0.created_at,co1_0.email,co1_0.password,r1_0.user_id,r1_1.role_id,r1_1.description,r1_1.role_name,r1_1.is_system_role,co1_0.update_at,co1_0.user_name,c1_0.created_at,c1_0.email_id,c1_0.gstin,c1_0.logo_url,c1_0.phone_no,c1_0.signature_url,c1_0.state,c1_0.update_at from company c1_0 join users co1_0 on co1_0.user_id=c1_0.company_owner_id left join user_roles r1_0 on co1_0.user_id=r1_0.user_id left join roles r1_1 on r1_1.role_id=r1_0.role_id where c1_0.company_id=?
2025-11-24 16:36:11 [http-nio-8007-exec-5] DEBUG org.hibernate.SQL - insert into party (billing_address,company_id,created_at,email_id,gst_type,gstin,name,phone_no,shiping_address,state,updated_at) values (?,?,?,?,?,?,?,?,?,?,?)
2025-11-24 16:40:02 [http-nio-8007-exec-10] DEBUG org.hibernate.SQL - select u1_0.user_id,u1_0.created_at,u1_0.email,u1_0.password,u1_0.update_at,u1_0.user_name from users u1_0 where u1_0.email=?
2025-11-24 16:40:02 [http-nio-8007-exec-10] DEBUG org.hibernate.SQL - select r1_0.user_id,r1_1.role_id,r1_1.description,r1_1.role_name,r1_1.is_system_role from user_roles r1_0 join roles r1_1 on r1_1.role_id=r1_0.role_id where r1_0.user_id=?
2025-11-24 16:40:02 [http-nio-8007-exec-10] DEBUG org.hibernate.SQL - select c1_0.company_id,c1_0.address,c1_0.business_description,c1_0.bussiness_category,c1_0.bussiness_name,c1_0.bussiness_type,c1_0.company_owner_id,co1_0.user_id,co1_0.created_at,co1_0.email,co1_0.password,r1_0.user_id,r1_1.role_id,r1_1.description,r1_1.role_name,r1_1.is_system_role,co1_0.update_at,co1_0.user_name,c1_0.created_at,c1_0.email_id,c1_0.gstin,c1_0.logo_url,c1_0.phone_no,c1_0.signature_url,c1_0.state,c1_0.update_at from company c1_0 join users co1_0 on co1_0.user_id=c1_0.company_owner_id left join user_roles r1_0 on co1_0.user_id=r1_0.user_id left join roles r1_1 on r1_1.role_id=r1_0.role_id where c1_0.company_id=?
2025-11-24 16:40:03 [http-nio-8007-exec-10] DEBUG org.hibernate.SQL - select p1_0.party_id,p1_0.billing_address,c1_0.company_id,c1_0.address,c1_0.business_description,c1_0.bussiness_category,c1_0.bussiness_name,c1_0.bussiness_type,c1_0.company_owner_id,co1_0.user_id,co1_0.created_at,co1_0.email,co1_0.password,co1_0.update_at,co1_0.user_name,c1_0.created_at,c1_0.email_id,c1_0.gstin,c1_0.logo_url,c1_0.phone_no,c1_0.signature_url,c1_0.state,c1_0.update_at,p1_0.created_at,p1_0.email_id,p1_0.gst_type,p1_0.gstin,p1_0.name,p1_0.phone_no,p1_0.shiping_address,p1_0.state,p1_0.updated_at from party p1_0 left join company c1_0 on c1_0.company_id=p1_0.company_id left join users co1_0 on co1_0.user_id=c1_0.company_owner_id where p1_0.party_id=?
2025-11-24 16:40:03 [http-nio-8007-exec-10] DEBUG org.hibernate.SQL - insert into sale (balance,billing_address,company_id,created_at,delivery_charges,due_date,invoce_date,invoice_number,is_overdue,is_paid,party_id,payment_description,payment_type,received_amount,sale_type,shipping_address,state_of_supply,total_amount,total_amount_without_tax,total_tax_amount,updated_at) values (?,?,?,?,?,?,?,?,?,?,?,?,?,?,?,?,?,?,?,?,?)
2025-11-24 16:40:03 [http-nio-8007-exec-10] DEBUG org.hibernate.SQL - select i1_0.item_id,i1_0.available_stock,i1_0.base_unit,i1_0.base_unit_to_secondary_unit,c1_0.company_id,c1_0.address,c1_0.business_description,c1_0.bussiness_category,c1_0.bussiness_name,c1_0.bussiness_type,c1_0.company_owner_id,co1_0.user_id,co1_0.created_at,co1_0.email,co1_0.password,co1_0.update_at,co1_0.user_name,c1_0.created_at,c1_0.email_id,c1_0.gstin,c1_0.logo_url,c1_0.phone_no,c1_0.signature_url,c1_0.state,c1_0.update_at,i1_0.created_at,i1_0.description,i1_0.item_code,i1_0.item_hsn,i1_0.item_name,i1_0.item_type,i1_0.minimum_stock_to_maintain,i1_0.opening_stock_location,i1_0.purchase_price,i1_0.purchase_tax_type,i1_0.reserved_stock,i1_0.sale_discount_price,i1_0.sale_discount_type,i1_0.sale_price,i1_0.sale_tax_type,i1_0.secondary_unit,i1_0.stock_opening_date,i1_0.stock_opening_qty,i1_0.stock_price_per_qty,i1_0.stock_value,i1_0.tax_rate,i1_0.total_stock_in,i1_0.updated_at from item i1_0 left join company c1_0 on c1_0.company_id=i1_0.company_id left join users co1_0 on co1_0.user_id=c1_0.company_owner_id where i1_0.item_id=?
2025-11-24 16:40:03 [http-nio-8007-exec-10] DEBUG org.hibernate.SQL - insert into stock_transaction (item_id,quantity,reference_number,total_amount,transaction_date,transaction_type) values (?,?,?,?,?,?)
2025-11-24 16:40:03 [http-nio-8007-exec-10] DEBUG org.hibernate.SQL - insert into sale_item (created_at,item_id,item_description,price_per_unit,price_per_unit_tax_type,quantity,sale_id,tax_amount,tax_rate,total_amount,update_at) values (?,?,?,?,?,?,?,?,?,?,?)
2025-11-24 16:40:03 [http-nio-8007-exec-10] DEBUG org.hibernate.SQL - insert into sale_payment (amount_paid,created_at,payment_date,payment_description,payment_type,receipt_no,reference_number,sale_id,update_at) values (?,?,?,?,?,?,?,?,?)
2025-11-24 16:40:03 [http-nio-8007-exec-10] DEBUG org.hibernate.SQL - update item set available_stock=?,base_unit=?,base_unit_to_secondary_unit=?,company_id=?,created_at=?,description=?,item_code=?,item_hsn=?,item_name=?,item_type=?,minimum_stock_to_maintain=?,opening_stock_location=?,purchase_price=?,purchase_tax_type=?,reserved_stock=?,sale_discount_price=?,sale_discount_type=?,sale_price=?,sale_tax_type=?,secondary_unit=?,stock_opening_date=?,stock_opening_qty=?,stock_price_per_qty=?,stock_value=?,tax_rate=?,total_stock_in=?,updated_at=? where item_id=?
2025-11-24 16:42:34 [http-nio-8007-exec-3] DEBUG org.hibernate.SQL - select u1_0.user_id,u1_0.created_at,u1_0.email,u1_0.password,u1_0.update_at,u1_0.user_name from users u1_0 where u1_0.email=?
2025-11-24 16:42:34 [http-nio-8007-exec-3] DEBUG org.hibernate.SQL - select r1_0.user_id,r1_1.role_id,r1_1.description,r1_1.role_name,r1_1.is_system_role from user_roles r1_0 join roles r1_1 on r1_1.role_id=r1_0.role_id where r1_0.user_id=?
2025-11-24 16:42:34 [http-nio-8007-exec-3] DEBUG org.hibernate.SQL - select c1_0.company_id,c1_0.address,c1_0.business_description,c1_0.bussiness_category,c1_0.bussiness_name,c1_0.bussiness_type,c1_0.company_owner_id,co1_0.user_id,co1_0.created_at,co1_0.email,co1_0.password,r1_0.user_id,r1_1.role_id,r1_1.description,r1_1.role_name,r1_1.is_system_role,co1_0.update_at,co1_0.user_name,c1_0.created_at,c1_0.email_id,c1_0.gstin,c1_0.logo_url,c1_0.phone_no,c1_0.signature_url,c1_0.state,c1_0.update_at from company c1_0 join users co1_0 on co1_0.user_id=c1_0.company_owner_id left join user_roles r1_0 on co1_0.user_id=r1_0.user_id left join roles r1_1 on r1_1.role_id=r1_0.role_id where c1_0.company_id=?
2025-11-24 16:42:34 [http-nio-8007-exec-3] DEBUG org.hibernate.SQL - select p1_0.party_id,p1_0.billing_address,c1_0.company_id,c1_0.address,c1_0.business_description,c1_0.bussiness_category,c1_0.bussiness_name,c1_0.bussiness_type,c1_0.company_owner_id,co1_0.user_id,co1_0.created_at,co1_0.email,co1_0.password,co1_0.update_at,co1_0.user_name,c1_0.created_at,c1_0.email_id,c1_0.gstin,c1_0.logo_url,c1_0.phone_no,c1_0.signature_url,c1_0.state,c1_0.update_at,p1_0.created_at,p1_0.email_id,p1_0.gst_type,p1_0.gstin,p1_0.name,p1_0.phone_no,p1_0.shiping_address,p1_0.state,p1_0.updated_at from party p1_0 left join company c1_0 on c1_0.company_id=p1_0.company_id left join users co1_0 on co1_0.user_id=c1_0.company_owner_id where p1_0.party_id=?
2025-11-24 16:42:34 [http-nio-8007-exec-3] DEBUG org.hibernate.SQL - insert into sale (balance,billing_address,company_id,created_at,delivery_charges,due_date,invoce_date,invoice_number,is_overdue,is_paid,party_id,payment_description,payment_type,received_amount,sale_type,shipping_address,state_of_supply,total_amount,total_amount_without_tax,total_tax_amount,updated_at) values (?,?,?,?,?,?,?,?,?,?,?,?,?,?,?,?,?,?,?,?,?)
2025-11-24 16:42:34 [http-nio-8007-exec-3] DEBUG org.hibernate.SQL - select i1_0.item_id,i1_0.available_stock,i1_0.base_unit,i1_0.base_unit_to_secondary_unit,c1_0.company_id,c1_0.address,c1_0.business_description,c1_0.bussiness_category,c1_0.bussiness_name,c1_0.bussiness_type,c1_0.company_owner_id,co1_0.user_id,co1_0.created_at,co1_0.email,co1_0.password,co1_0.update_at,co1_0.user_name,c1_0.created_at,c1_0.email_id,c1_0.gstin,c1_0.logo_url,c1_0.phone_no,c1_0.signature_url,c1_0.state,c1_0.update_at,i1_0.created_at,i1_0.description,i1_0.item_code,i1_0.item_hsn,i1_0.item_name,i1_0.item_type,i1_0.minimum_stock_to_maintain,i1_0.opening_stock_location,i1_0.purchase_price,i1_0.purchase_tax_type,i1_0.reserved_stock,i1_0.sale_discount_price,i1_0.sale_discount_type,i1_0.sale_price,i1_0.sale_tax_type,i1_0.secondary_unit,i1_0.stock_opening_date,i1_0.stock_opening_qty,i1_0.stock_price_per_qty,i1_0.stock_value,i1_0.tax_rate,i1_0.total_stock_in,i1_0.updated_at from item i1_0 left join company c1_0 on c1_0.company_id=i1_0.company_id left join users co1_0 on co1_0.user_id=c1_0.company_owner_id where i1_0.item_id=?
2025-11-24 16:42:34 [http-nio-8007-exec-3] DEBUG org.hibernate.SQL - insert into stock_transaction (item_id,quantity,reference_number,total_amount,transaction_date,transaction_type) values (?,?,?,?,?,?)
2025-11-24 16:42:34 [http-nio-8007-exec-3] DEBUG org.hibernate.SQL - insert into sale_item (created_at,item_id,item_description,price_per_unit,price_per_unit_tax_type,quantity,sale_id,tax_amount,tax_rate,total_amount,update_at) values (?,?,?,?,?,?,?,?,?,?,?)
2025-11-24 16:42:34 [http-nio-8007-exec-3] DEBUG org.hibernate.SQL - insert into sale_payment (amount_paid,created_at,payment_date,payment_description,payment_type,receipt_no,reference_number,sale_id,update_at) values (?,?,?,?,?,?,?,?,?)
2025-11-24 16:42:34 [http-nio-8007-exec-3] DEBUG org.hibernate.SQL - update item set available_stock=?,base_unit=?,base_unit_to_secondary_unit=?,company_id=?,created_at=?,description=?,item_code=?,item_hsn=?,item_name=?,item_type=?,minimum_stock_to_maintain=?,opening_stock_location=?,purchase_price=?,purchase_tax_type=?,reserved_stock=?,sale_discount_price=?,sale_discount_type=?,sale_price=?,sale_tax_type=?,secondary_unit=?,stock_opening_date=?,stock_opening_qty=?,stock_price_per_qty=?,stock_value=?,tax_rate=?,total_stock_in=?,updated_at=? where item_id=?
2025-11-24 16:49:16 [http-nio-8007-exec-5] DEBUG org.hibernate.SQL - select u1_0.user_id,u1_0.created_at,u1_0.email,u1_0.password,u1_0.update_at,u1_0.user_name from users u1_0 where u1_0.email=?
2025-11-24 16:49:16 [http-nio-8007-exec-5] DEBUG org.hibernate.SQL - select r1_0.user_id,r1_1.role_id,r1_1.description,r1_1.role_name,r1_1.is_system_role from user_roles r1_0 join roles r1_1 on r1_1.role_id=r1_0.role_id where r1_0.user_id=?
2025-11-24 16:49:16 [http-nio-8007-exec-5] DEBUG org.hibernate.SQL - select c1_0.company_id,c1_0.address,c1_0.business_description,c1_0.bussiness_category,c1_0.bussiness_name,c1_0.bussiness_type,c1_0.company_owner_id,co1_0.user_id,co1_0.created_at,co1_0.email,co1_0.password,r1_0.user_id,r1_1.role_id,r1_1.description,r1_1.role_name,r1_1.is_system_role,co1_0.update_at,co1_0.user_name,c1_0.created_at,c1_0.email_id,c1_0.gstin,c1_0.logo_url,c1_0.phone_no,c1_0.signature_url,c1_0.state,c1_0.update_at from company c1_0 join users co1_0 on co1_0.user_id=c1_0.company_owner_id left join user_roles r1_0 on co1_0.user_id=r1_0.user_id left join roles r1_1 on r1_1.role_id=r1_0.role_id where c1_0.company_id=?
2025-11-24 16:49:17 [http-nio-8007-exec-5] WARN  o.s.w.s.m.m.a.ExceptionHandlerExceptionResolver - Resolved [com.example.techgicus_ebilling.techgicus_ebilling.exception.ResourceNotFoundException: Compnay not found with id : 12]
2025-11-24 16:49:26 [http-nio-8007-exec-8] DEBUG org.hibernate.SQL - select u1_0.user_id,u1_0.created_at,u1_0.email,u1_0.password,u1_0.update_at,u1_0.user_name from users u1_0 where u1_0.email=?
2025-11-24 16:49:26 [http-nio-8007-exec-8] DEBUG org.hibernate.SQL - select r1_0.user_id,r1_1.role_id,r1_1.description,r1_1.role_name,r1_1.is_system_role from user_roles r1_0 join roles r1_1 on r1_1.role_id=r1_0.role_id where r1_0.user_id=?
2025-11-24 16:49:26 [http-nio-8007-exec-8] DEBUG org.hibernate.SQL - select c1_0.company_id,c1_0.address,c1_0.business_description,c1_0.bussiness_category,c1_0.bussiness_name,c1_0.bussiness_type,c1_0.company_owner_id,co1_0.user_id,co1_0.created_at,co1_0.email,co1_0.password,r1_0.user_id,r1_1.role_id,r1_1.description,r1_1.role_name,r1_1.is_system_role,co1_0.update_at,co1_0.user_name,c1_0.created_at,c1_0.email_id,c1_0.gstin,c1_0.logo_url,c1_0.phone_no,c1_0.signature_url,c1_0.state,c1_0.update_at from company c1_0 join users co1_0 on co1_0.user_id=c1_0.company_owner_id left join user_roles r1_0 on co1_0.user_id=r1_0.user_id left join roles r1_1 on r1_1.role_id=r1_0.role_id where c1_0.company_id=?
2025-11-24 16:49:26 [http-nio-8007-exec-8] DEBUG org.hibernate.SQL - select p1_0.party_id,p1_0.billing_address,c1_0.company_id,c1_0.address,c1_0.business_description,c1_0.bussiness_category,c1_0.bussiness_name,c1_0.bussiness_type,c1_0.company_owner_id,co1_0.user_id,co1_0.created_at,co1_0.email,co1_0.password,co1_0.update_at,co1_0.user_name,c1_0.created_at,c1_0.email_id,c1_0.gstin,c1_0.logo_url,c1_0.phone_no,c1_0.signature_url,c1_0.state,c1_0.update_at,p1_0.created_at,p1_0.email_id,p1_0.gst_type,p1_0.gstin,p1_0.name,p1_0.phone_no,p1_0.shiping_address,p1_0.state,p1_0.updated_at from party p1_0 left join company c1_0 on c1_0.company_id=p1_0.company_id left join users co1_0 on co1_0.user_id=c1_0.company_owner_id where p1_0.party_id=?
2025-11-24 16:49:26 [http-nio-8007-exec-8] DEBUG org.hibernate.SQL - insert into purchase (balance,bill_date,bill_number,company_id,created_at,delivery_charges,due_date,is_overdue,is_paid,party_id,payment_description,payment_type,send_amount,state_of_supply,total_amount,total_amount_without_tax,total_tax_amount,update_at) values (?,?,?,?,?,?,?,?,?,?,?,?,?,?,?,?,?,?)
2025-11-24 16:49:26 [http-nio-8007-exec-8] DEBUG org.hibernate.SQL - select i1_0.item_id,i1_0.available_stock,i1_0.base_unit,i1_0.base_unit_to_secondary_unit,c1_0.company_id,c1_0.address,c1_0.business_description,c1_0.bussiness_category,c1_0.bussiness_name,c1_0.bussiness_type,c1_0.company_owner_id,co1_0.user_id,co1_0.created_at,co1_0.email,co1_0.password,co1_0.update_at,co1_0.user_name,c1_0.created_at,c1_0.email_id,c1_0.gstin,c1_0.logo_url,c1_0.phone_no,c1_0.signature_url,c1_0.state,c1_0.update_at,i1_0.created_at,i1_0.description,i1_0.item_code,i1_0.item_hsn,i1_0.item_name,i1_0.item_type,i1_0.minimum_stock_to_maintain,i1_0.opening_stock_location,i1_0.purchase_price,i1_0.purchase_tax_type,i1_0.reserved_stock,i1_0.sale_discount_price,i1_0.sale_discount_type,i1_0.sale_price,i1_0.sale_tax_type,i1_0.secondary_unit,i1_0.stock_opening_date,i1_0.stock_opening_qty,i1_0.stock_price_per_qty,i1_0.stock_value,i1_0.tax_rate,i1_0.total_stock_in,i1_0.updated_at from item i1_0 left join company c1_0 on c1_0.company_id=i1_0.company_id left join users co1_0 on co1_0.user_id=c1_0.company_owner_id where i1_0.item_id=?
2025-11-24 16:49:26 [http-nio-8007-exec-8] DEBUG org.hibernate.SQL - insert into stock_transaction (item_id,quantity,reference_number,total_amount,transaction_date,transaction_type) values (?,?,?,?,?,?)
2025-11-24 16:49:26 [http-nio-8007-exec-8] DEBUG org.hibernate.SQL - insert into purchase_payment (amount_paid,created_at,payment_date,payment_description,payment_type,purchase_id,receipt_no,reference_number,update_at) values (?,?,?,?,?,?,?,?,?)
2025-11-24 16:49:26 [http-nio-8007-exec-8] DEBUG org.hibernate.SQL - insert into purchase_item (created_at,item_id,item_description,price_per_unit,price_per_unit_tax_type,purchase_id,quantity,tax_rate,total_amount,total_tax_amount,update_at) values (?,?,?,?,?,?,?,?,?,?,?)
2025-11-24 16:49:26 [http-nio-8007-exec-8] DEBUG org.hibernate.SQL - update item set available_stock=?,base_unit=?,base_unit_to_secondary_unit=?,company_id=?,created_at=?,description=?,item_code=?,item_hsn=?,item_name=?,item_type=?,minimum_stock_to_maintain=?,opening_stock_location=?,purchase_price=?,purchase_tax_type=?,reserved_stock=?,sale_discount_price=?,sale_discount_type=?,sale_price=?,sale_tax_type=?,secondary_unit=?,stock_opening_date=?,stock_opening_qty=?,stock_price_per_qty=?,stock_value=?,tax_rate=?,total_stock_in=?,updated_at=? where item_id=?
2025-11-24 16:54:43 [SpringApplicationShutdownHook] INFO  o.s.b.w.e.tomcat.GracefulShutdown - Commencing graceful shutdown. Waiting for active requests to complete
2025-11-24 16:54:43 [tomcat-shutdown] INFO  o.s.b.w.e.tomcat.GracefulShutdown - Graceful shutdown complete
2025-11-24 16:54:43 [SpringApplicationShutdownHook] INFO  o.s.o.j.LocalContainerEntityManagerFactoryBean - Closing JPA EntityManagerFactory for persistence unit 'default'
2025-11-24 16:54:43 [SpringApplicationShutdownHook] INFO  com.zaxxer.hikari.HikariDataSource - HikariPool-1 - Shutdown initiated...
2025-11-24 16:54:43 [SpringApplicationShutdownHook] INFO  com.zaxxer.hikari.HikariDataSource - HikariPool-1 - Shutdown completed.
2025-11-24 16:54:56 [background-preinit] INFO  o.h.validator.internal.util.Version - HV000001: Hibernate Validator 8.0.2.Final
2025-11-24 16:54:56 [restartedMain] INFO  c.e.t.t.TechgicusEbillingApplication - Starting TechgicusEbillingApplication using Java 24.0.1 with PID 15324 (D:\Techgicus_software\techgicus_ebilling\target\classes started by payal in D:\Techgicus_software\techgicus_ebilling)
2025-11-24 16:54:56 [restartedMain] INFO  c.e.t.t.TechgicusEbillingApplication - No active profile set, falling back to 1 default profile: "default"
2025-11-24 16:54:56 [restartedMain] INFO  o.s.b.d.e.DevToolsPropertyDefaultsPostProcessor - Devtools property defaults active! Set 'spring.devtools.add-properties' to 'false' to disable
2025-11-24 16:54:56 [restartedMain] INFO  o.s.b.d.e.DevToolsPropertyDefaultsPostProcessor - For additional web related logging consider setting the 'logging.level.web' property to 'DEBUG'
2025-11-24 16:55:00 [restartedMain] INFO  o.s.d.r.c.RepositoryConfigurationDelegate - Bootstrapping Spring Data JPA repositories in DEFAULT mode.
2025-11-24 16:55:00 [restartedMain] INFO  o.s.d.r.c.RepositoryConfigurationDelegate - Finished Spring Data repository scanning in 260 ms. Found 36 JPA repository interfaces.
2025-11-24 16:55:01 [restartedMain] INFO  o.s.b.w.e.tomcat.TomcatWebServer - Tomcat initialized with port 8007 (http)
2025-11-24 16:55:01 [restartedMain] INFO  o.a.coyote.http11.Http11NioProtocol - Initializing ProtocolHandler ["http-nio-8007"]
2025-11-24 16:55:01 [restartedMain] INFO  o.a.catalina.core.StandardService - Starting service [Tomcat]
2025-11-24 16:55:01 [restartedMain] INFO  o.a.catalina.core.StandardEngine - Starting Servlet engine: [Apache Tomcat/10.1.36]
2025-11-24 16:55:01 [restartedMain] INFO  o.a.c.c.C.[Tomcat].[localhost].[/] - Initializing Spring embedded WebApplicationContext
2025-11-24 16:55:01 [restartedMain] INFO  o.s.b.w.s.c.ServletWebServerApplicationContext - Root WebApplicationContext: initialization completed in 5478 ms
2025-11-24 16:55:02 [restartedMain] INFO  com.zaxxer.hikari.HikariDataSource - HikariPool-1 - Starting...
2025-11-24 16:55:03 [restartedMain] INFO  com.zaxxer.hikari.pool.HikariPool - HikariPool-1 - Added connection com.mysql.cj.jdbc.ConnectionImpl@6739d43b
2025-11-24 16:55:03 [restartedMain] INFO  com.zaxxer.hikari.HikariDataSource - HikariPool-1 - Start completed.
2025-11-24 16:55:03 [restartedMain] INFO  o.h.jpa.internal.util.LogHelper - HHH000204: Processing PersistenceUnitInfo [name: default]
2025-11-24 16:55:03 [restartedMain] INFO  org.hibernate.Version - HHH000412: Hibernate ORM core version 6.6.8.Final
2025-11-24 16:55:03 [restartedMain] INFO  o.h.c.i.RegionFactoryInitiator - HHH000026: Second-level cache disabled
2025-11-24 16:55:03 [restartedMain] INFO  o.s.o.j.p.SpringPersistenceUnitInfo - No LoadTimeWeaver setup: ignoring JPA class transformer
2025-11-24 16:55:04 [restartedMain] INFO  o.hibernate.orm.connections.pooling - HHH10001005: Database info:
	Database JDBC URL [Connecting through datasource 'HikariDataSource (HikariPool-1)']
	Database driver: undefined/unknown
	Database version: 8.0.42
	Autocommit mode: undefined/unknown
	Isolation level: undefined/unknown
	Minimum pool size: undefined/unknown
	Maximum pool size: undefined/unknown
2025-11-24 16:55:06 [restartedMain] INFO  o.h.e.t.j.p.i.JtaPlatformInitiator - HHH000489: No JTA platform available (set 'hibernate.transaction.jta.platform' to enable JTA platform integration)
2025-11-24 16:55:06 [restartedMain] INFO  o.s.o.j.LocalContainerEntityManagerFactoryBean - Initialized JPA EntityManagerFactory for persistence unit 'default'
2025-11-24 16:55:07 [restartedMain] INFO  o.s.s.c.a.a.c.InitializeAuthenticationProviderBeanManagerConfigurer$InitializeAuthenticationProviderManagerConfigurer - Global AuthenticationManager configured with AuthenticationProvider bean with name daoAuthenticationProvider
2025-11-24 16:55:07 [restartedMain] WARN  o.s.s.c.a.a.c.InitializeUserDetailsBeanManagerConfigurer$InitializeUserDetailsManagerConfigurer - Global AuthenticationManager configured with an AuthenticationProvider bean. UserDetailsService beans will not be used by Spring Security for automatically configuring username/password login. Consider removing the AuthenticationProvider bean. Alternatively, consider using the UserDetailsService in a manually instantiated DaoAuthenticationProvider. If the current configuration is intentional, to turn off this warning, increase the logging level of 'org.springframework.security.config.annotation.authentication.configuration.InitializeUserDetailsBeanManagerConfigurer' to ERROR
2025-11-24 16:55:07 [restartedMain] INFO  o.s.d.j.r.query.QueryEnhancerFactory - Hibernate is in classpath; If applicable, HQL parser will be used.
2025-11-24 16:55:10 [restartedMain] WARN  o.s.b.a.o.j.JpaBaseConfiguration$JpaWebConfiguration - spring.jpa.open-in-view is enabled by default. Therefore, database queries may be performed during view rendering. Explicitly configure spring.jpa.open-in-view to disable this warning
2025-11-24 16:55:11 [restartedMain] INFO  o.s.b.d.a.OptionalLiveReloadServer - LiveReload server is running on port 35729
2025-11-24 16:55:11 [restartedMain] INFO  o.a.coyote.http11.Http11NioProtocol - Starting ProtocolHandler ["http-nio-8007"]
2025-11-24 16:55:11 [restartedMain] INFO  o.s.b.w.e.tomcat.TomcatWebServer - Tomcat started on port 8007 (http) with context path '/'
2025-11-24 16:55:11 [restartedMain] INFO  c.e.t.t.TechgicusEbillingApplication - Started TechgicusEbillingApplication in 16.303 seconds (process running for 18.325)
2025-11-24 16:55:11 [restartedMain] DEBUG org.hibernate.SQL - select r1_0.role_id,r1_0.description,r1_0.role_name,r1_0.is_system_role from roles r1_0 where r1_0.role_name=?
2025-11-24 16:55:11 [restartedMain] DEBUG org.hibernate.SQL - select r1_0.role_id,r1_0.description,r1_0.role_name,r1_0.is_system_role from roles r1_0 where r1_0.role_name=?
2025-11-24 16:55:11 [restartedMain] DEBUG org.hibernate.SQL - select r1_0.role_id,r1_0.description,r1_0.role_name,r1_0.is_system_role from roles r1_0 where r1_0.role_name=?
2025-11-24 16:55:11 [restartedMain] DEBUG org.hibernate.SQL - select f1_0.feature_id,f1_0.code,f1_0.description,f1_0.name,f1_0.premium from features f1_0 where f1_0.code=?
2025-11-24 16:55:11 [restartedMain] DEBUG org.hibernate.SQL - select f1_0.feature_id,f1_0.code,f1_0.description,f1_0.name,f1_0.premium from features f1_0 where f1_0.code=?
2025-11-24 16:55:11 [restartedMain] DEBUG org.hibernate.SQL - select f1_0.feature_id,f1_0.code,f1_0.description,f1_0.name,f1_0.premium from features f1_0 where f1_0.code=?
2025-11-24 16:55:11 [restartedMain] DEBUG org.hibernate.SQL - select f1_0.feature_id,f1_0.code,f1_0.description,f1_0.name,f1_0.premium from features f1_0 where f1_0.code=?
2025-11-24 16:55:11 [restartedMain] DEBUG org.hibernate.SQL - select sp1_0.subscription_plan_id,sp1_0.description,sp1_0.duration_days,sp1_0.is_active,sp1_0.name,sp1_0.price from subscription_plans sp1_0 where sp1_0.name=?
2025-11-24 16:55:11 [restartedMain] DEBUG org.hibernate.SQL - select sp1_0.subscription_plan_id,sp1_0.description,sp1_0.duration_days,sp1_0.is_active,sp1_0.name,sp1_0.price from subscription_plans sp1_0 where sp1_0.name=?
2025-11-24 16:55:11 [restartedMain] DEBUG org.hibernate.SQL - select sp1_0.subscription_plan_id,sp1_0.description,sp1_0.duration_days,sp1_0.is_active,sp1_0.name,sp1_0.price from subscription_plans sp1_0 where sp1_0.name=?
2025-11-24 16:55:11 [restartedMain] DEBUG org.hibernate.SQL - select f1_0.feature_id,f1_0.code,f1_0.description,f1_0.name,f1_0.premium from features f1_0 where f1_0.code=?
2025-11-24 16:55:11 [restartedMain] DEBUG org.hibernate.SQL - select f1_0.feature_id,f1_0.code,f1_0.description,f1_0.name,f1_0.premium from features f1_0 where f1_0.code=?
2025-11-24 16:55:11 [restartedMain] DEBUG org.hibernate.SQL - select f1_0.feature_id,f1_0.code,f1_0.description,f1_0.name,f1_0.premium from features f1_0 where f1_0.code=?
2025-11-24 16:55:11 [restartedMain] DEBUG org.hibernate.SQL - select f1_0.feature_id,f1_0.code,f1_0.description,f1_0.name,f1_0.premium from features f1_0 where f1_0.code=?
2025-11-24 16:55:11 [restartedMain] DEBUG org.hibernate.SQL - select sp1_0.subscription_plan_id,sp1_0.description,sp1_0.duration_days,sp1_0.is_active,sp1_0.name,sp1_0.price from subscription_plans sp1_0 where sp1_0.name=?
2025-11-24 16:55:11 [restartedMain] DEBUG org.hibernate.SQL - select sp1_0.subscription_plan_id,sp1_0.description,sp1_0.duration_days,sp1_0.is_active,sp1_0.name,sp1_0.price from subscription_plans sp1_0 where sp1_0.name=?
2025-11-24 16:55:11 [restartedMain] DEBUG org.hibernate.SQL - select sp1_0.subscription_plan_id,sp1_0.description,sp1_0.duration_days,sp1_0.is_active,sp1_0.name,sp1_0.price from subscription_plans sp1_0 where sp1_0.name=?
2025-11-24 16:55:11 [restartedMain] DEBUG org.hibernate.SQL - select pfl1_0.plan_feature_limit_id,pfl1_0.boolean_limit,pfl1_0.feature_id,pfl1_0.limit_type,pfl1_0.plan_id,pfl1_0.usage_limit from plan_feature_limits pfl1_0 where pfl1_0.plan_id=? and pfl1_0.feature_id=?
2025-11-24 16:55:11 [restartedMain] DEBUG org.hibernate.SQL - select pfl1_0.plan_feature_limit_id,pfl1_0.boolean_limit,pfl1_0.feature_id,pfl1_0.limit_type,pfl1_0.plan_id,pfl1_0.usage_limit from plan_feature_limits pfl1_0 where pfl1_0.plan_id=? and pfl1_0.feature_id=?
2025-11-24 16:55:11 [restartedMain] DEBUG org.hibernate.SQL - select pfl1_0.plan_feature_limit_id,pfl1_0.boolean_limit,pfl1_0.feature_id,pfl1_0.limit_type,pfl1_0.plan_id,pfl1_0.usage_limit from plan_feature_limits pfl1_0 where pfl1_0.plan_id=? and pfl1_0.feature_id=?
2025-11-24 16:55:11 [restartedMain] DEBUG org.hibernate.SQL - select pfl1_0.plan_feature_limit_id,pfl1_0.boolean_limit,pfl1_0.feature_id,pfl1_0.limit_type,pfl1_0.plan_id,pfl1_0.usage_limit from plan_feature_limits pfl1_0 where pfl1_0.plan_id=? and pfl1_0.feature_id=?
2025-11-24 16:55:11 [restartedMain] DEBUG org.hibernate.SQL - select pfl1_0.plan_feature_limit_id,pfl1_0.boolean_limit,pfl1_0.feature_id,pfl1_0.limit_type,pfl1_0.plan_id,pfl1_0.usage_limit from plan_feature_limits pfl1_0 where pfl1_0.plan_id=? and pfl1_0.feature_id=?
2025-11-24 16:55:11 [restartedMain] DEBUG org.hibernate.SQL - select pfl1_0.plan_feature_limit_id,pfl1_0.boolean_limit,pfl1_0.feature_id,pfl1_0.limit_type,pfl1_0.plan_id,pfl1_0.usage_limit from plan_feature_limits pfl1_0 where pfl1_0.plan_id=? and pfl1_0.feature_id=?
2025-11-24 16:55:11 [restartedMain] DEBUG org.hibernate.SQL - select pfl1_0.plan_feature_limit_id,pfl1_0.boolean_limit,pfl1_0.feature_id,pfl1_0.limit_type,pfl1_0.plan_id,pfl1_0.usage_limit from plan_feature_limits pfl1_0 where pfl1_0.plan_id=? and pfl1_0.feature_id=?
2025-11-24 16:55:11 [restartedMain] DEBUG org.hibernate.SQL - select pfl1_0.plan_feature_limit_id,pfl1_0.boolean_limit,pfl1_0.feature_id,pfl1_0.limit_type,pfl1_0.plan_id,pfl1_0.usage_limit from plan_feature_limits pfl1_0 where pfl1_0.plan_id=? and pfl1_0.feature_id=?
2025-11-24 16:55:11 [restartedMain] DEBUG org.hibernate.SQL - select pfl1_0.plan_feature_limit_id,pfl1_0.boolean_limit,pfl1_0.feature_id,pfl1_0.limit_type,pfl1_0.plan_id,pfl1_0.usage_limit from plan_feature_limits pfl1_0 where pfl1_0.plan_id=? and pfl1_0.feature_id=?
2025-11-24 16:55:11 [restartedMain] DEBUG org.hibernate.SQL - select pfl1_0.plan_feature_limit_id,pfl1_0.boolean_limit,pfl1_0.feature_id,pfl1_0.limit_type,pfl1_0.plan_id,pfl1_0.usage_limit from plan_feature_limits pfl1_0 where pfl1_0.plan_id=? and pfl1_0.feature_id=?
2025-11-24 16:55:11 [restartedMain] DEBUG org.hibernate.SQL - select pfl1_0.plan_feature_limit_id,pfl1_0.boolean_limit,pfl1_0.feature_id,pfl1_0.limit_type,pfl1_0.plan_id,pfl1_0.usage_limit from plan_feature_limits pfl1_0 where pfl1_0.plan_id=? and pfl1_0.feature_id=?
2025-11-24 16:55:11 [restartedMain] DEBUG org.hibernate.SQL - select pfl1_0.plan_feature_limit_id,pfl1_0.boolean_limit,pfl1_0.feature_id,pfl1_0.limit_type,pfl1_0.plan_id,pfl1_0.usage_limit from plan_feature_limits pfl1_0 where pfl1_0.plan_id=? and pfl1_0.feature_id=?
2025-11-24 16:55:11 [restartedMain] DEBUG org.hibernate.SQL - select r1_0.role_id,r1_0.description,r1_0.role_name,r1_0.is_system_role from roles r1_0 where r1_0.role_name=?
2025-11-24 16:55:11 [restartedMain] DEBUG org.hibernate.SQL - select u1_0.user_id,u1_0.created_at,u1_0.email,u1_0.password,u1_0.update_at,u1_0.user_name from users u1_0 where u1_0.email=?
2025-11-24 16:55:12 [restartedMain] DEBUG org.hibernate.SQL - select r1_0.user_id,r1_1.role_id,r1_1.description,r1_1.role_name,r1_1.is_system_role from user_roles r1_0 join roles r1_1 on r1_1.role_id=r1_0.role_id where r1_0.user_id=?
2025-11-24 17:43:42 [HikariPool-1 housekeeper] WARN  com.zaxxer.hikari.pool.HikariPool - HikariPool-1 - Thread starvation or clock leap detected (housekeeper delta=21m38s825ms866µs500ns).
2025-11-24 17:58:57 [HikariPool-1 housekeeper] WARN  com.zaxxer.hikari.pool.HikariPool - HikariPool-1 - Thread starvation or clock leap detected (housekeeper delta=1m15s709ms265µs100ns).
2025-11-24 18:21:13 [HikariPool-1 housekeeper] WARN  com.zaxxer.hikari.pool.HikariPool - HikariPool-1 - Thread starvation or clock leap detected (housekeeper delta=1m45s112ms987µs100ns).
2025-11-24 18:30:36 [HikariPool-1 housekeeper] WARN  com.zaxxer.hikari.pool.HikariPool - HikariPool-1 - Thread starvation or clock leap detected (housekeeper delta=53s162ms996µs800ns).
2025-11-24 19:00:51 [SpringApplicationShutdownHook] INFO  o.s.b.w.e.tomcat.GracefulShutdown - Commencing graceful shutdown. Waiting for active requests to complete
2025-11-24 19:00:51 [tomcat-shutdown] INFO  o.s.b.w.e.tomcat.GracefulShutdown - Graceful shutdown complete
2025-11-24 19:00:51 [SpringApplicationShutdownHook] INFO  o.s.o.j.LocalContainerEntityManagerFactoryBean - Closing JPA EntityManagerFactory for persistence unit 'default'
2025-11-24 19:00:51 [SpringApplicationShutdownHook] INFO  com.zaxxer.hikari.HikariDataSource - HikariPool-1 - Shutdown initiated...
2025-11-24 19:00:51 [SpringApplicationShutdownHook] INFO  com.zaxxer.hikari.HikariDataSource - HikariPool-1 - Shutdown completed.
