2025-09-11 16:37:32 [background-preinit] INFO  o.h.validator.internal.util.Version - HV000001: Hibernate Validator 8.0.2.Final
2025-09-11 16:37:32 [restartedMain] INFO  c.e.t.t.TechgicusEbillingApplication - Starting TechgicusEbillingApplication using Java 24.0.1 with PID 30800 (D:\Techgicus_software\techgicus_ebilling\target\classes started by payal in D:\Techgicus_software\techgicus_ebilling)
2025-09-11 16:37:32 [restartedMain] INFO  c.e.t.t.TechgicusEbillingApplication - No active profile set, falling back to 1 default profile: "default"
2025-09-11 16:37:32 [restartedMain] INFO  o.s.b.d.e.DevToolsPropertyDefaultsPostProcessor - Devtools property defaults active! Set 'spring.devtools.add-properties' to 'false' to disable
2025-09-11 16:37:32 [restartedMain] INFO  o.s.b.d.e.DevToolsPropertyDefaultsPostProcessor - For additional web related logging consider setting the 'logging.level.web' property to 'DEBUG'
2025-09-11 16:37:34 [restartedMain] INFO  o.s.d.r.c.RepositoryConfigurationDelegate - Bootstrapping Spring Data JPA repositories in DEFAULT mode.
2025-09-11 16:37:34 [restartedMain] INFO  o.s.d.r.c.RepositoryConfigurationDelegate - Finished Spring Data repository scanning in 102 ms. Found 9 JPA repository interfaces.
2025-09-11 16:37:35 [restartedMain] INFO  o.s.b.w.e.tomcat.TomcatWebServer - Tomcat initialized with port 8007 (http)
2025-09-11 16:37:35 [restartedMain] INFO  o.a.coyote.http11.Http11NioProtocol - Initializing ProtocolHandler ["http-nio-8007"]
2025-09-11 16:37:35 [restartedMain] INFO  o.a.catalina.core.StandardService - Starting service [Tomcat]
2025-09-11 16:37:35 [restartedMain] INFO  o.a.catalina.core.StandardEngine - Starting Servlet engine: [Apache Tomcat/10.1.36]
2025-09-11 16:37:35 [restartedMain] INFO  o.a.c.c.C.[Tomcat].[localhost].[/] - Initializing Spring embedded WebApplicationContext
2025-09-11 16:37:35 [restartedMain] INFO  o.s.b.w.s.c.ServletWebServerApplicationContext - Root WebApplicationContext: initialization completed in 3080 ms
2025-09-11 16:37:35 [restartedMain] INFO  com.zaxxer.hikari.HikariDataSource - HikariPool-1 - Starting...
2025-09-11 16:37:36 [restartedMain] INFO  com.zaxxer.hikari.pool.HikariPool - HikariPool-1 - Added connection com.mysql.cj.jdbc.ConnectionImpl@12b865de
2025-09-11 16:37:36 [restartedMain] INFO  com.zaxxer.hikari.HikariDataSource - HikariPool-1 - Start completed.
2025-09-11 16:37:36 [restartedMain] INFO  o.h.jpa.internal.util.LogHelper - HHH000204: Processing PersistenceUnitInfo [name: default]
2025-09-11 16:37:36 [restartedMain] INFO  org.hibernate.Version - HHH000412: Hibernate ORM core version 6.6.8.Final
2025-09-11 16:37:36 [restartedMain] INFO  o.h.c.i.RegionFactoryInitiator - HHH000026: Second-level cache disabled
2025-09-11 16:37:37 [restartedMain] INFO  o.s.o.j.p.SpringPersistenceUnitInfo - No LoadTimeWeaver setup: ignoring JPA class transformer
2025-09-11 16:37:37 [restartedMain] INFO  o.hibernate.orm.connections.pooling - HHH10001005: Database info:
	Database JDBC URL [Connecting through datasource 'HikariDataSource (HikariPool-1)']
	Database driver: undefined/unknown
	Database version: 8.0.42
	Autocommit mode: undefined/unknown
	Isolation level: undefined/unknown
	Minimum pool size: undefined/unknown
	Maximum pool size: undefined/unknown
2025-09-11 16:37:38 [restartedMain] INFO  o.h.e.t.j.p.i.JtaPlatformInitiator - HHH000489: No JTA platform available (set 'hibernate.transaction.jta.platform' to enable JTA platform integration)
2025-09-11 16:37:38 [restartedMain] INFO  o.s.o.j.LocalContainerEntityManagerFactoryBean - Initialized JPA EntityManagerFactory for persistence unit 'default'
2025-09-11 16:37:39 [restartedMain] INFO  o.s.d.j.r.query.QueryEnhancerFactory - Hibernate is in classpath; If applicable, HQL parser will be used.
2025-09-11 16:37:40 [restartedMain] INFO  o.s.s.c.a.a.c.InitializeAuthenticationProviderBeanManagerConfigurer$InitializeAuthenticationProviderManagerConfigurer - Global AuthenticationManager configured with AuthenticationProvider bean with name daoAuthenticationProvider
2025-09-11 16:37:40 [restartedMain] WARN  o.s.s.c.a.a.c.InitializeUserDetailsBeanManagerConfigurer$InitializeUserDetailsManagerConfigurer - Global AuthenticationManager configured with an AuthenticationProvider bean. UserDetailsService beans will not be used by Spring Security for automatically configuring username/password login. Consider removing the AuthenticationProvider bean. Alternatively, consider using the UserDetailsService in a manually instantiated DaoAuthenticationProvider. If the current configuration is intentional, to turn off this warning, increase the logging level of 'org.springframework.security.config.annotation.authentication.configuration.InitializeUserDetailsBeanManagerConfigurer' to ERROR
2025-09-11 16:37:40 [restartedMain] WARN  o.s.b.a.o.j.JpaBaseConfiguration$JpaWebConfiguration - spring.jpa.open-in-view is enabled by default. Therefore, database queries may be performed during view rendering. Explicitly configure spring.jpa.open-in-view to disable this warning
2025-09-11 16:37:41 [restartedMain] INFO  o.s.b.d.a.OptionalLiveReloadServer - LiveReload server is running on port 35729
2025-09-11 16:37:41 [restartedMain] INFO  o.a.coyote.http11.Http11NioProtocol - Starting ProtocolHandler ["http-nio-8007"]
2025-09-11 16:37:41 [restartedMain] INFO  o.s.b.w.e.tomcat.TomcatWebServer - Tomcat started on port 8007 (http) with context path '/'
2025-09-11 16:37:41 [restartedMain] INFO  c.e.t.t.TechgicusEbillingApplication - Started TechgicusEbillingApplication in 10.272 seconds (process running for 11.069)
2025-09-11 16:37:41 [restartedMain] DEBUG org.hibernate.SQL - select r1_0.role_id,r1_0.description,r1_0.role_name,r1_0.is_system_role from roles r1_0 where r1_0.role_name=?
2025-09-11 16:37:42 [restartedMain] DEBUG org.hibernate.SQL - select r1_0.role_id,r1_0.description,r1_0.role_name,r1_0.is_system_role from roles r1_0 where r1_0.role_name=?
2025-09-11 16:37:42 [restartedMain] DEBUG org.hibernate.SQL - select r1_0.role_id,r1_0.description,r1_0.role_name,r1_0.is_system_role from roles r1_0 where r1_0.role_name=?
2025-09-11 16:37:42 [restartedMain] DEBUG org.hibernate.SQL - select f1_0.feature_id,f1_0.code,f1_0.description,f1_0.name,f1_0.premium from features f1_0 where f1_0.code=?
2025-09-11 16:37:42 [restartedMain] DEBUG org.hibernate.SQL - select f1_0.feature_id,f1_0.code,f1_0.description,f1_0.name,f1_0.premium from features f1_0 where f1_0.code=?
2025-09-11 16:37:42 [restartedMain] DEBUG org.hibernate.SQL - select f1_0.feature_id,f1_0.code,f1_0.description,f1_0.name,f1_0.premium from features f1_0 where f1_0.code=?
2025-09-11 16:37:42 [restartedMain] DEBUG org.hibernate.SQL - select f1_0.feature_id,f1_0.code,f1_0.description,f1_0.name,f1_0.premium from features f1_0 where f1_0.code=?
2025-09-11 16:37:42 [restartedMain] DEBUG org.hibernate.SQL - select sp1_0.subscription_plan_id,sp1_0.description,sp1_0.duration_days,sp1_0.is_active,sp1_0.name,sp1_0.price from subscription_plans sp1_0 where sp1_0.name=?
2025-09-11 16:37:42 [restartedMain] DEBUG org.hibernate.SQL - select sp1_0.subscription_plan_id,sp1_0.description,sp1_0.duration_days,sp1_0.is_active,sp1_0.name,sp1_0.price from subscription_plans sp1_0 where sp1_0.name=?
2025-09-11 16:37:42 [restartedMain] DEBUG org.hibernate.SQL - select sp1_0.subscription_plan_id,sp1_0.description,sp1_0.duration_days,sp1_0.is_active,sp1_0.name,sp1_0.price from subscription_plans sp1_0 where sp1_0.name=?
2025-09-11 16:37:42 [restartedMain] DEBUG org.hibernate.SQL - select f1_0.feature_id,f1_0.code,f1_0.description,f1_0.name,f1_0.premium from features f1_0 where f1_0.code=?
2025-09-11 16:37:42 [restartedMain] DEBUG org.hibernate.SQL - select f1_0.feature_id,f1_0.code,f1_0.description,f1_0.name,f1_0.premium from features f1_0 where f1_0.code=?
2025-09-11 16:37:42 [restartedMain] DEBUG org.hibernate.SQL - select f1_0.feature_id,f1_0.code,f1_0.description,f1_0.name,f1_0.premium from features f1_0 where f1_0.code=?
2025-09-11 16:37:42 [restartedMain] DEBUG org.hibernate.SQL - select f1_0.feature_id,f1_0.code,f1_0.description,f1_0.name,f1_0.premium from features f1_0 where f1_0.code=?
2025-09-11 16:37:42 [restartedMain] DEBUG org.hibernate.SQL - select sp1_0.subscription_plan_id,sp1_0.description,sp1_0.duration_days,sp1_0.is_active,sp1_0.name,sp1_0.price from subscription_plans sp1_0 where sp1_0.name=?
2025-09-11 16:37:42 [restartedMain] DEBUG org.hibernate.SQL - select sp1_0.subscription_plan_id,sp1_0.description,sp1_0.duration_days,sp1_0.is_active,sp1_0.name,sp1_0.price from subscription_plans sp1_0 where sp1_0.name=?
2025-09-11 16:37:42 [restartedMain] DEBUG org.hibernate.SQL - select sp1_0.subscription_plan_id,sp1_0.description,sp1_0.duration_days,sp1_0.is_active,sp1_0.name,sp1_0.price from subscription_plans sp1_0 where sp1_0.name=?
2025-09-11 16:37:42 [restartedMain] DEBUG org.hibernate.SQL - select pfl1_0.plan_feature_limit_id,pfl1_0.boolean_limit,pfl1_0.feature_id,pfl1_0.limit_type,pfl1_0.plan_id,pfl1_0.usage_limit from plan_feature_limits pfl1_0 where pfl1_0.plan_id=? and pfl1_0.feature_id=?
2025-09-11 16:37:42 [restartedMain] DEBUG org.hibernate.SQL - select pfl1_0.plan_feature_limit_id,pfl1_0.boolean_limit,pfl1_0.feature_id,pfl1_0.limit_type,pfl1_0.plan_id,pfl1_0.usage_limit from plan_feature_limits pfl1_0 where pfl1_0.plan_id=? and pfl1_0.feature_id=?
2025-09-11 16:37:42 [restartedMain] DEBUG org.hibernate.SQL - select pfl1_0.plan_feature_limit_id,pfl1_0.boolean_limit,pfl1_0.feature_id,pfl1_0.limit_type,pfl1_0.plan_id,pfl1_0.usage_limit from plan_feature_limits pfl1_0 where pfl1_0.plan_id=? and pfl1_0.feature_id=?
2025-09-11 16:37:42 [restartedMain] DEBUG org.hibernate.SQL - select pfl1_0.plan_feature_limit_id,pfl1_0.boolean_limit,pfl1_0.feature_id,pfl1_0.limit_type,pfl1_0.plan_id,pfl1_0.usage_limit from plan_feature_limits pfl1_0 where pfl1_0.plan_id=? and pfl1_0.feature_id=?
2025-09-11 16:37:42 [restartedMain] DEBUG org.hibernate.SQL - select pfl1_0.plan_feature_limit_id,pfl1_0.boolean_limit,pfl1_0.feature_id,pfl1_0.limit_type,pfl1_0.plan_id,pfl1_0.usage_limit from plan_feature_limits pfl1_0 where pfl1_0.plan_id=? and pfl1_0.feature_id=?
2025-09-11 16:37:42 [restartedMain] DEBUG org.hibernate.SQL - select pfl1_0.plan_feature_limit_id,pfl1_0.boolean_limit,pfl1_0.feature_id,pfl1_0.limit_type,pfl1_0.plan_id,pfl1_0.usage_limit from plan_feature_limits pfl1_0 where pfl1_0.plan_id=? and pfl1_0.feature_id=?
2025-09-11 16:37:42 [restartedMain] DEBUG org.hibernate.SQL - select pfl1_0.plan_feature_limit_id,pfl1_0.boolean_limit,pfl1_0.feature_id,pfl1_0.limit_type,pfl1_0.plan_id,pfl1_0.usage_limit from plan_feature_limits pfl1_0 where pfl1_0.plan_id=? and pfl1_0.feature_id=?
2025-09-11 16:37:42 [restartedMain] DEBUG org.hibernate.SQL - select pfl1_0.plan_feature_limit_id,pfl1_0.boolean_limit,pfl1_0.feature_id,pfl1_0.limit_type,pfl1_0.plan_id,pfl1_0.usage_limit from plan_feature_limits pfl1_0 where pfl1_0.plan_id=? and pfl1_0.feature_id=?
2025-09-11 16:37:42 [restartedMain] DEBUG org.hibernate.SQL - select pfl1_0.plan_feature_limit_id,pfl1_0.boolean_limit,pfl1_0.feature_id,pfl1_0.limit_type,pfl1_0.plan_id,pfl1_0.usage_limit from plan_feature_limits pfl1_0 where pfl1_0.plan_id=? and pfl1_0.feature_id=?
2025-09-11 16:37:42 [restartedMain] DEBUG org.hibernate.SQL - select pfl1_0.plan_feature_limit_id,pfl1_0.boolean_limit,pfl1_0.feature_id,pfl1_0.limit_type,pfl1_0.plan_id,pfl1_0.usage_limit from plan_feature_limits pfl1_0 where pfl1_0.plan_id=? and pfl1_0.feature_id=?
2025-09-11 16:37:42 [restartedMain] DEBUG org.hibernate.SQL - select pfl1_0.plan_feature_limit_id,pfl1_0.boolean_limit,pfl1_0.feature_id,pfl1_0.limit_type,pfl1_0.plan_id,pfl1_0.usage_limit from plan_feature_limits pfl1_0 where pfl1_0.plan_id=? and pfl1_0.feature_id=?
2025-09-11 16:37:42 [restartedMain] DEBUG org.hibernate.SQL - select pfl1_0.plan_feature_limit_id,pfl1_0.boolean_limit,pfl1_0.feature_id,pfl1_0.limit_type,pfl1_0.plan_id,pfl1_0.usage_limit from plan_feature_limits pfl1_0 where pfl1_0.plan_id=? and pfl1_0.feature_id=?
2025-09-11 16:37:42 [restartedMain] DEBUG org.hibernate.SQL - select r1_0.role_id,r1_0.description,r1_0.role_name,r1_0.is_system_role from roles r1_0 where r1_0.role_name=?
2025-09-11 16:37:42 [restartedMain] DEBUG org.hibernate.SQL - select u1_0.user_id,u1_0.created_at,u1_0.email,u1_0.password,u1_0.update_at,u1_0.user_name from users u1_0 where u1_0.email=?
2025-09-11 16:37:42 [restartedMain] DEBUG org.hibernate.SQL - select r1_0.user_id,r1_1.role_id,r1_1.description,r1_1.role_name,r1_1.is_system_role from user_roles r1_0 join roles r1_1 on r1_1.role_id=r1_0.role_id where r1_0.user_id=?
2025-09-11 16:38:29 [http-nio-8007-exec-2] INFO  o.a.c.c.C.[Tomcat].[localhost].[/] - Initializing Spring DispatcherServlet 'dispatcherServlet'
2025-09-11 16:38:29 [http-nio-8007-exec-2] INFO  o.s.web.servlet.DispatcherServlet - Initializing Servlet 'dispatcherServlet'
2025-09-11 16:38:29 [http-nio-8007-exec-2] INFO  o.s.web.servlet.DispatcherServlet - Completed initialization in 1 ms
2025-09-11 16:38:29 [http-nio-8007-exec-2] INFO  c.e.t.t.filter.SubscriptionFilter - inside the subscription filter
2025-09-11 16:38:29 [http-nio-8007-exec-2] DEBUG org.hibernate.SQL - select u1_0.user_id,u1_0.created_at,u1_0.email,u1_0.password,u1_0.update_at,u1_0.user_name from users u1_0 where u1_0.email=?
2025-09-11 16:38:29 [http-nio-8007-exec-2] DEBUG org.hibernate.SQL - select r1_0.user_id,r1_1.role_id,r1_1.description,r1_1.role_name,r1_1.is_system_role from user_roles r1_0 join roles r1_1 on r1_1.role_id=r1_0.role_id where r1_0.user_id=?
2025-09-11 16:42:16 [http-nio-8007-exec-5] INFO  c.e.t.t.filter.SubscriptionFilter - inside the subscription filter
2025-09-11 16:42:16 [http-nio-8007-exec-5] DEBUG org.hibernate.SQL - select u1_0.user_id,u1_0.created_at,u1_0.email,u1_0.password,u1_0.update_at,u1_0.user_name from users u1_0 where u1_0.email=?
2025-09-11 16:42:16 [http-nio-8007-exec-5] DEBUG org.hibernate.SQL - select r1_0.user_id,r1_1.role_id,r1_1.description,r1_1.role_name,r1_1.is_system_role from user_roles r1_0 join roles r1_1 on r1_1.role_id=r1_0.role_id where r1_0.user_id=?
2025-09-11 16:57:01 [HikariPool-1 housekeeper] WARN  com.zaxxer.hikari.pool.HikariPool - HikariPool-1 - Thread starvation or clock leap detected (housekeeper delta=1m24s604ms270µs300ns).
2025-09-11 18:31:58 [HikariPool-1 housekeeper] WARN  com.zaxxer.hikari.pool.HikariPool - HikariPool-1 - Thread starvation or clock leap detected (housekeeper delta=21m55s539ms468µs300ns).
2025-09-11 18:34:21 [HikariPool-1 housekeeper] WARN  com.zaxxer.hikari.pool.HikariPool - HikariPool-1 - Thread starvation or clock leap detected (housekeeper delta=2m23s927ms809µs700ns).
2025-09-11 18:59:47 [SpringApplicationShutdownHook] INFO  o.s.b.w.e.tomcat.GracefulShutdown - Commencing graceful shutdown. Waiting for active requests to complete
2025-09-11 18:59:47 [tomcat-shutdown] INFO  o.s.b.w.e.tomcat.GracefulShutdown - Graceful shutdown complete
2025-09-11 18:59:47 [SpringApplicationShutdownHook] INFO  o.s.o.j.LocalContainerEntityManagerFactoryBean - Closing JPA EntityManagerFactory for persistence unit 'default'
2025-09-11 18:59:47 [SpringApplicationShutdownHook] INFO  com.zaxxer.hikari.HikariDataSource - HikariPool-1 - Shutdown initiated...
2025-09-11 18:59:47 [SpringApplicationShutdownHook] INFO  com.zaxxer.hikari.HikariDataSource - HikariPool-1 - Shutdown completed.
