2025-10-09 11:24:05 [background-preinit] INFO  o.h.validator.internal.util.Version - HV000001: Hibernate Validator 8.0.2.Final
2025-10-09 11:24:05 [restartedMain] INFO  c.e.t.t.TechgicusEbillingApplication - Starting TechgicusEbillingApplication using Java 24.0.1 with PID 4792 (D:\Techgicus_software\techgicus_ebilling\target\classes started by payal in D:\Techgicus_software\techgicus_ebilling)
2025-10-09 11:24:05 [restartedMain] INFO  c.e.t.t.TechgicusEbillingApplication - No active profile set, falling back to 1 default profile: "default"
2025-10-09 11:24:05 [restartedMain] INFO  o.s.b.d.e.DevToolsPropertyDefaultsPostProcessor - Devtools property defaults active! Set 'spring.devtools.add-properties' to 'false' to disable
2025-10-09 11:24:05 [restartedMain] INFO  o.s.b.d.e.DevToolsPropertyDefaultsPostProcessor - For additional web related logging consider setting the 'logging.level.web' property to 'DEBUG'
2025-10-09 11:24:07 [restartedMain] INFO  o.s.d.r.c.RepositoryConfigurationDelegate - Bootstrapping Spring Data JPA repositories in DEFAULT mode.
2025-10-09 11:24:07 [restartedMain] INFO  o.s.d.r.c.RepositoryConfigurationDelegate - Finished Spring Data repository scanning in 279 ms. Found 27 JPA repository interfaces.
2025-10-09 11:24:09 [restartedMain] INFO  o.s.b.w.e.tomcat.TomcatWebServer - Tomcat initialized with port 8007 (http)
2025-10-09 11:24:09 [restartedMain] INFO  o.a.coyote.http11.Http11NioProtocol - Initializing ProtocolHandler ["http-nio-8007"]
2025-10-09 11:24:09 [restartedMain] INFO  o.a.catalina.core.StandardService - Starting service [Tomcat]
2025-10-09 11:24:09 [restartedMain] INFO  o.a.catalina.core.StandardEngine - Starting Servlet engine: [Apache Tomcat/10.1.36]
2025-10-09 11:24:09 [restartedMain] INFO  o.a.c.c.C.[Tomcat].[localhost].[/] - Initializing Spring embedded WebApplicationContext
2025-10-09 11:24:09 [restartedMain] INFO  o.s.b.w.s.c.ServletWebServerApplicationContext - Root WebApplicationContext: initialization completed in 4093 ms
2025-10-09 11:24:09 [restartedMain] INFO  com.zaxxer.hikari.HikariDataSource - HikariPool-1 - Starting...
2025-10-09 11:24:10 [restartedMain] INFO  com.zaxxer.hikari.pool.HikariPool - HikariPool-1 - Added connection com.mysql.cj.jdbc.ConnectionImpl@3af94731
2025-10-09 11:24:10 [restartedMain] INFO  com.zaxxer.hikari.HikariDataSource - HikariPool-1 - Start completed.
2025-10-09 11:24:10 [restartedMain] INFO  o.h.jpa.internal.util.LogHelper - HHH000204: Processing PersistenceUnitInfo [name: default]
2025-10-09 11:24:11 [restartedMain] INFO  org.hibernate.Version - HHH000412: Hibernate ORM core version 6.6.8.Final
2025-10-09 11:24:11 [restartedMain] INFO  o.h.c.i.RegionFactoryInitiator - HHH000026: Second-level cache disabled
2025-10-09 11:24:11 [restartedMain] INFO  o.s.o.j.p.SpringPersistenceUnitInfo - No LoadTimeWeaver setup: ignoring JPA class transformer
2025-10-09 11:24:12 [restartedMain] INFO  o.hibernate.orm.connections.pooling - HHH10001005: Database info:
	Database JDBC URL [Connecting through datasource 'HikariDataSource (HikariPool-1)']
	Database driver: undefined/unknown
	Database version: 8.0.42
	Autocommit mode: undefined/unknown
	Isolation level: undefined/unknown
	Minimum pool size: undefined/unknown
	Maximum pool size: undefined/unknown
2025-10-09 11:24:14 [restartedMain] INFO  o.h.e.t.j.p.i.JtaPlatformInitiator - HHH000489: No JTA platform available (set 'hibernate.transaction.jta.platform' to enable JTA platform integration)
2025-10-09 11:24:14 [restartedMain] DEBUG org.hibernate.SQL - create table sale_order (sale_order_id bigint not null auto_increment, balance_amount float(53), description varchar(255), due_date date, order_date date, order_no varchar(255), order_type enum ('CLOSE','OPEN'), payment_type enum ('CASH','CHEQUE','CREDIT_CARD','DEBIT_CARD','NET_BANKING','OTHER','UPI','WALLET'), phone_no varchar(255), state_of_supply enum ('ANDHRA_PRADESH','ARUNACHAL_PRADESH','ASSAM','BIHAR','CHHATTISGARH','GOA','GUJARAT','HARYANA','HIMACHAL_PRADESH','JHARKHAND','KARNATAKA','KERALA','MADHYA_PRADESH','MAHARASHTRA','MANIPUR','MEGHALAYA','MIZORAM','NAGALAND','ODISHA','OTHER','PUNJAB','RAJASTHAN','SIKKIM','TAMIL_NADU','TELANGANA','TRIPURA','UTTARAKHAND','UTTAR_PRADESH','WEST_BENGAL'), total_amount float(53), total_discount_amount float(53), total_quantity integer, total_tax_amount float(53), company_id bigint, party_id bigint, primary key (sale_order_id)) engine=InnoDB
2025-10-09 11:24:14 [restartedMain] DEBUG org.hibernate.SQL - create table sale_order_item (sale_order_item_id bigint not null auto_increment, discount_amount float(53), name varchar(255), price_per_rate float(53), quantity float(53), tax_rate tinyint check (tax_rate between 0 and 15), tax_type enum ('WITHOUTTAX','WITHTAX'), total_amount float(53), total_tax_amount float(53), unit enum ('BAGS','BOTTLES','BOX','BUNDLES','CANS','CARTONS','KILOGRAMS','MILLITRE','NUMBERS','PAIRS','PIECES','QUINTAL','ROLLS','SQUARE_FEET','SQUARE_METERS','TABLETS'), sale_order_id bigint, primary key (sale_order_item_id)) engine=InnoDB
2025-10-09 11:24:14 [restartedMain] DEBUG org.hibernate.SQL - alter table sale_order add constraint FKo2ec2v9wcx823sfw51d9dbx2w foreign key (company_id) references company (company_id)
2025-10-09 11:24:15 [restartedMain] DEBUG org.hibernate.SQL - alter table sale_order add constraint FKie1wdeiurbu37e5365us0sec9 foreign key (party_id) references party (party_id)
2025-10-09 11:24:15 [restartedMain] DEBUG org.hibernate.SQL - alter table sale_order_item add constraint FK5w1f680034ohbc2gwf6l5rj67 foreign key (sale_order_id) references sale_order (sale_order_id)
2025-10-09 11:24:15 [restartedMain] INFO  o.s.o.j.LocalContainerEntityManagerFactoryBean - Initialized JPA EntityManagerFactory for persistence unit 'default'
2025-10-09 11:24:15 [restartedMain] INFO  o.s.d.j.r.query.QueryEnhancerFactory - Hibernate is in classpath; If applicable, HQL parser will be used.
2025-10-09 11:24:17 [restartedMain] INFO  o.s.s.c.a.a.c.InitializeAuthenticationProviderBeanManagerConfigurer$InitializeAuthenticationProviderManagerConfigurer - Global AuthenticationManager configured with AuthenticationProvider bean with name daoAuthenticationProvider
2025-10-09 11:24:17 [restartedMain] WARN  o.s.s.c.a.a.c.InitializeUserDetailsBeanManagerConfigurer$InitializeUserDetailsManagerConfigurer - Global AuthenticationManager configured with an AuthenticationProvider bean. UserDetailsService beans will not be used by Spring Security for automatically configuring username/password login. Consider removing the AuthenticationProvider bean. Alternatively, consider using the UserDetailsService in a manually instantiated DaoAuthenticationProvider. If the current configuration is intentional, to turn off this warning, increase the logging level of 'org.springframework.security.config.annotation.authentication.configuration.InitializeUserDetailsBeanManagerConfigurer' to ERROR
2025-10-09 11:24:19 [restartedMain] WARN  o.s.b.a.o.j.JpaBaseConfiguration$JpaWebConfiguration - spring.jpa.open-in-view is enabled by default. Therefore, database queries may be performed during view rendering. Explicitly configure spring.jpa.open-in-view to disable this warning
2025-10-09 11:24:20 [restartedMain] INFO  o.s.b.d.a.OptionalLiveReloadServer - LiveReload server is running on port 35729
2025-10-09 11:24:20 [restartedMain] INFO  o.a.coyote.http11.Http11NioProtocol - Starting ProtocolHandler ["http-nio-8007"]
2025-10-09 11:24:20 [restartedMain] INFO  o.s.b.w.e.tomcat.TomcatWebServer - Tomcat started on port 8007 (http) with context path '/'
2025-10-09 11:24:20 [restartedMain] INFO  c.e.t.t.TechgicusEbillingApplication - Started TechgicusEbillingApplication in 16.363 seconds (process running for 17.582)
2025-10-09 11:24:20 [restartedMain] DEBUG org.hibernate.SQL - select r1_0.role_id,r1_0.description,r1_0.role_name,r1_0.is_system_role from roles r1_0 where r1_0.role_name=?
2025-10-09 11:24:20 [restartedMain] DEBUG org.hibernate.SQL - select r1_0.role_id,r1_0.description,r1_0.role_name,r1_0.is_system_role from roles r1_0 where r1_0.role_name=?
2025-10-09 11:24:20 [restartedMain] DEBUG org.hibernate.SQL - select r1_0.role_id,r1_0.description,r1_0.role_name,r1_0.is_system_role from roles r1_0 where r1_0.role_name=?
2025-10-09 11:24:20 [restartedMain] DEBUG org.hibernate.SQL - select f1_0.feature_id,f1_0.code,f1_0.description,f1_0.name,f1_0.premium from features f1_0 where f1_0.code=?
2025-10-09 11:24:20 [restartedMain] DEBUG org.hibernate.SQL - select f1_0.feature_id,f1_0.code,f1_0.description,f1_0.name,f1_0.premium from features f1_0 where f1_0.code=?
2025-10-09 11:24:20 [restartedMain] DEBUG org.hibernate.SQL - select f1_0.feature_id,f1_0.code,f1_0.description,f1_0.name,f1_0.premium from features f1_0 where f1_0.code=?
2025-10-09 11:24:20 [restartedMain] DEBUG org.hibernate.SQL - select f1_0.feature_id,f1_0.code,f1_0.description,f1_0.name,f1_0.premium from features f1_0 where f1_0.code=?
2025-10-09 11:24:20 [restartedMain] DEBUG org.hibernate.SQL - select sp1_0.subscription_plan_id,sp1_0.description,sp1_0.duration_days,sp1_0.is_active,sp1_0.name,sp1_0.price from subscription_plans sp1_0 where sp1_0.name=?
2025-10-09 11:24:20 [restartedMain] DEBUG org.hibernate.SQL - select sp1_0.subscription_plan_id,sp1_0.description,sp1_0.duration_days,sp1_0.is_active,sp1_0.name,sp1_0.price from subscription_plans sp1_0 where sp1_0.name=?
2025-10-09 11:24:20 [restartedMain] DEBUG org.hibernate.SQL - select sp1_0.subscription_plan_id,sp1_0.description,sp1_0.duration_days,sp1_0.is_active,sp1_0.name,sp1_0.price from subscription_plans sp1_0 where sp1_0.name=?
2025-10-09 11:24:20 [restartedMain] DEBUG org.hibernate.SQL - select f1_0.feature_id,f1_0.code,f1_0.description,f1_0.name,f1_0.premium from features f1_0 where f1_0.code=?
2025-10-09 11:24:20 [restartedMain] DEBUG org.hibernate.SQL - select f1_0.feature_id,f1_0.code,f1_0.description,f1_0.name,f1_0.premium from features f1_0 where f1_0.code=?
2025-10-09 11:24:20 [restartedMain] DEBUG org.hibernate.SQL - select f1_0.feature_id,f1_0.code,f1_0.description,f1_0.name,f1_0.premium from features f1_0 where f1_0.code=?
2025-10-09 11:24:20 [restartedMain] DEBUG org.hibernate.SQL - select f1_0.feature_id,f1_0.code,f1_0.description,f1_0.name,f1_0.premium from features f1_0 where f1_0.code=?
2025-10-09 11:24:20 [restartedMain] DEBUG org.hibernate.SQL - select sp1_0.subscription_plan_id,sp1_0.description,sp1_0.duration_days,sp1_0.is_active,sp1_0.name,sp1_0.price from subscription_plans sp1_0 where sp1_0.name=?
2025-10-09 11:24:20 [restartedMain] DEBUG org.hibernate.SQL - select sp1_0.subscription_plan_id,sp1_0.description,sp1_0.duration_days,sp1_0.is_active,sp1_0.name,sp1_0.price from subscription_plans sp1_0 where sp1_0.name=?
2025-10-09 11:24:20 [restartedMain] DEBUG org.hibernate.SQL - select sp1_0.subscription_plan_id,sp1_0.description,sp1_0.duration_days,sp1_0.is_active,sp1_0.name,sp1_0.price from subscription_plans sp1_0 where sp1_0.name=?
2025-10-09 11:24:21 [restartedMain] DEBUG org.hibernate.SQL - select pfl1_0.plan_feature_limit_id,pfl1_0.boolean_limit,pfl1_0.feature_id,pfl1_0.limit_type,pfl1_0.plan_id,pfl1_0.usage_limit from plan_feature_limits pfl1_0 where pfl1_0.plan_id=? and pfl1_0.feature_id=?
2025-10-09 11:24:21 [restartedMain] DEBUG org.hibernate.SQL - select pfl1_0.plan_feature_limit_id,pfl1_0.boolean_limit,pfl1_0.feature_id,pfl1_0.limit_type,pfl1_0.plan_id,pfl1_0.usage_limit from plan_feature_limits pfl1_0 where pfl1_0.plan_id=? and pfl1_0.feature_id=?
2025-10-09 11:24:21 [restartedMain] DEBUG org.hibernate.SQL - select pfl1_0.plan_feature_limit_id,pfl1_0.boolean_limit,pfl1_0.feature_id,pfl1_0.limit_type,pfl1_0.plan_id,pfl1_0.usage_limit from plan_feature_limits pfl1_0 where pfl1_0.plan_id=? and pfl1_0.feature_id=?
2025-10-09 11:24:21 [restartedMain] DEBUG org.hibernate.SQL - select pfl1_0.plan_feature_limit_id,pfl1_0.boolean_limit,pfl1_0.feature_id,pfl1_0.limit_type,pfl1_0.plan_id,pfl1_0.usage_limit from plan_feature_limits pfl1_0 where pfl1_0.plan_id=? and pfl1_0.feature_id=?
2025-10-09 11:24:21 [restartedMain] DEBUG org.hibernate.SQL - select pfl1_0.plan_feature_limit_id,pfl1_0.boolean_limit,pfl1_0.feature_id,pfl1_0.limit_type,pfl1_0.plan_id,pfl1_0.usage_limit from plan_feature_limits pfl1_0 where pfl1_0.plan_id=? and pfl1_0.feature_id=?
2025-10-09 11:24:21 [restartedMain] DEBUG org.hibernate.SQL - select pfl1_0.plan_feature_limit_id,pfl1_0.boolean_limit,pfl1_0.feature_id,pfl1_0.limit_type,pfl1_0.plan_id,pfl1_0.usage_limit from plan_feature_limits pfl1_0 where pfl1_0.plan_id=? and pfl1_0.feature_id=?
2025-10-09 11:24:21 [restartedMain] DEBUG org.hibernate.SQL - select pfl1_0.plan_feature_limit_id,pfl1_0.boolean_limit,pfl1_0.feature_id,pfl1_0.limit_type,pfl1_0.plan_id,pfl1_0.usage_limit from plan_feature_limits pfl1_0 where pfl1_0.plan_id=? and pfl1_0.feature_id=?
2025-10-09 11:24:21 [restartedMain] DEBUG org.hibernate.SQL - select pfl1_0.plan_feature_limit_id,pfl1_0.boolean_limit,pfl1_0.feature_id,pfl1_0.limit_type,pfl1_0.plan_id,pfl1_0.usage_limit from plan_feature_limits pfl1_0 where pfl1_0.plan_id=? and pfl1_0.feature_id=?
2025-10-09 11:24:21 [restartedMain] DEBUG org.hibernate.SQL - select pfl1_0.plan_feature_limit_id,pfl1_0.boolean_limit,pfl1_0.feature_id,pfl1_0.limit_type,pfl1_0.plan_id,pfl1_0.usage_limit from plan_feature_limits pfl1_0 where pfl1_0.plan_id=? and pfl1_0.feature_id=?
2025-10-09 11:24:21 [restartedMain] DEBUG org.hibernate.SQL - select pfl1_0.plan_feature_limit_id,pfl1_0.boolean_limit,pfl1_0.feature_id,pfl1_0.limit_type,pfl1_0.plan_id,pfl1_0.usage_limit from plan_feature_limits pfl1_0 where pfl1_0.plan_id=? and pfl1_0.feature_id=?
2025-10-09 11:24:21 [restartedMain] DEBUG org.hibernate.SQL - select pfl1_0.plan_feature_limit_id,pfl1_0.boolean_limit,pfl1_0.feature_id,pfl1_0.limit_type,pfl1_0.plan_id,pfl1_0.usage_limit from plan_feature_limits pfl1_0 where pfl1_0.plan_id=? and pfl1_0.feature_id=?
2025-10-09 11:24:21 [restartedMain] DEBUG org.hibernate.SQL - select pfl1_0.plan_feature_limit_id,pfl1_0.boolean_limit,pfl1_0.feature_id,pfl1_0.limit_type,pfl1_0.plan_id,pfl1_0.usage_limit from plan_feature_limits pfl1_0 where pfl1_0.plan_id=? and pfl1_0.feature_id=?
2025-10-09 11:24:21 [restartedMain] DEBUG org.hibernate.SQL - select r1_0.role_id,r1_0.description,r1_0.role_name,r1_0.is_system_role from roles r1_0 where r1_0.role_name=?
2025-10-09 11:24:21 [restartedMain] DEBUG org.hibernate.SQL - select u1_0.user_id,u1_0.created_at,u1_0.email,u1_0.password,u1_0.update_at,u1_0.user_name from users u1_0 where u1_0.email=?
2025-10-09 11:24:21 [restartedMain] DEBUG org.hibernate.SQL - select r1_0.user_id,r1_1.role_id,r1_1.description,r1_1.role_name,r1_1.is_system_role from user_roles r1_0 join roles r1_1 on r1_1.role_id=r1_0.role_id where r1_0.user_id=?
2025-10-09 12:44:33 [HikariPool-1 housekeeper] WARN  com.zaxxer.hikari.pool.HikariPool - HikariPool-1 - Thread starvation or clock leap detected (housekeeper delta=5m45s530ms446µs400ns).
2025-10-09 13:38:37 [HikariPool-1 housekeeper] WARN  com.zaxxer.hikari.pool.HikariPool - HikariPool-1 - Thread starvation or clock leap detected (housekeeper delta=1m3s573ms108µs100ns).
2025-10-09 13:45:37 [SpringApplicationShutdownHook] INFO  o.s.b.w.e.tomcat.GracefulShutdown - Commencing graceful shutdown. Waiting for active requests to complete
2025-10-09 13:45:37 [tomcat-shutdown] INFO  o.s.b.w.e.tomcat.GracefulShutdown - Graceful shutdown complete
2025-10-09 13:45:37 [SpringApplicationShutdownHook] INFO  o.s.o.j.LocalContainerEntityManagerFactoryBean - Closing JPA EntityManagerFactory for persistence unit 'default'
2025-10-09 13:45:37 [SpringApplicationShutdownHook] INFO  com.zaxxer.hikari.HikariDataSource - HikariPool-1 - Shutdown initiated...
2025-10-09 13:45:37 [SpringApplicationShutdownHook] INFO  com.zaxxer.hikari.HikariDataSource - HikariPool-1 - Shutdown completed.
2025-10-09 13:45:45 [background-preinit] INFO  o.h.validator.internal.util.Version - HV000001: Hibernate Validator 8.0.2.Final
2025-10-09 13:45:46 [restartedMain] INFO  c.e.t.t.TechgicusEbillingApplication - Starting TechgicusEbillingApplication using Java 24.0.1 with PID 20700 (D:\Techgicus_software\techgicus_ebilling\target\classes started by payal in D:\Techgicus_software\techgicus_ebilling)
2025-10-09 13:45:46 [restartedMain] INFO  c.e.t.t.TechgicusEbillingApplication - No active profile set, falling back to 1 default profile: "default"
2025-10-09 13:45:46 [restartedMain] INFO  o.s.b.d.e.DevToolsPropertyDefaultsPostProcessor - Devtools property defaults active! Set 'spring.devtools.add-properties' to 'false' to disable
2025-10-09 13:45:46 [restartedMain] INFO  o.s.b.d.e.DevToolsPropertyDefaultsPostProcessor - For additional web related logging consider setting the 'logging.level.web' property to 'DEBUG'
2025-10-09 13:45:48 [restartedMain] INFO  o.s.d.r.c.RepositoryConfigurationDelegate - Bootstrapping Spring Data JPA repositories in DEFAULT mode.
2025-10-09 13:45:48 [restartedMain] INFO  o.s.d.r.c.RepositoryConfigurationDelegate - Finished Spring Data repository scanning in 275 ms. Found 27 JPA repository interfaces.
2025-10-09 13:45:50 [restartedMain] INFO  o.s.b.w.e.tomcat.TomcatWebServer - Tomcat initialized with port 8007 (http)
2025-10-09 13:45:50 [restartedMain] INFO  o.a.coyote.http11.Http11NioProtocol - Initializing ProtocolHandler ["http-nio-8007"]
2025-10-09 13:45:50 [restartedMain] INFO  o.a.catalina.core.StandardService - Starting service [Tomcat]
2025-10-09 13:45:50 [restartedMain] INFO  o.a.catalina.core.StandardEngine - Starting Servlet engine: [Apache Tomcat/10.1.36]
2025-10-09 13:45:50 [restartedMain] INFO  o.a.c.c.C.[Tomcat].[localhost].[/] - Initializing Spring embedded WebApplicationContext
2025-10-09 13:45:50 [restartedMain] INFO  o.s.b.w.s.c.ServletWebServerApplicationContext - Root WebApplicationContext: initialization completed in 4549 ms
2025-10-09 13:45:51 [restartedMain] INFO  com.zaxxer.hikari.HikariDataSource - HikariPool-1 - Starting...
2025-10-09 13:45:52 [restartedMain] INFO  com.zaxxer.hikari.pool.HikariPool - HikariPool-1 - Added connection com.mysql.cj.jdbc.ConnectionImpl@144cd93
2025-10-09 13:45:52 [restartedMain] INFO  com.zaxxer.hikari.HikariDataSource - HikariPool-1 - Start completed.
2025-10-09 13:45:52 [restartedMain] INFO  o.h.jpa.internal.util.LogHelper - HHH000204: Processing PersistenceUnitInfo [name: default]
2025-10-09 13:45:53 [restartedMain] INFO  org.hibernate.Version - HHH000412: Hibernate ORM core version 6.6.8.Final
2025-10-09 13:45:53 [restartedMain] INFO  o.h.c.i.RegionFactoryInitiator - HHH000026: Second-level cache disabled
2025-10-09 13:45:53 [restartedMain] INFO  o.s.o.j.p.SpringPersistenceUnitInfo - No LoadTimeWeaver setup: ignoring JPA class transformer
2025-10-09 13:45:54 [restartedMain] INFO  o.hibernate.orm.connections.pooling - HHH10001005: Database info:
	Database JDBC URL [Connecting through datasource 'HikariDataSource (HikariPool-1)']
	Database driver: undefined/unknown
	Database version: 8.0.42
	Autocommit mode: undefined/unknown
	Isolation level: undefined/unknown
	Minimum pool size: undefined/unknown
	Maximum pool size: undefined/unknown
2025-10-09 13:45:56 [restartedMain] INFO  o.h.e.t.j.p.i.JtaPlatformInitiator - HHH000489: No JTA platform available (set 'hibernate.transaction.jta.platform' to enable JTA platform integration)
2025-10-09 13:45:56 [restartedMain] INFO  o.s.o.j.LocalContainerEntityManagerFactoryBean - Initialized JPA EntityManagerFactory for persistence unit 'default'
2025-10-09 13:45:57 [restartedMain] INFO  o.s.d.j.r.query.QueryEnhancerFactory - Hibernate is in classpath; If applicable, HQL parser will be used.
2025-10-09 13:45:58 [restartedMain] INFO  o.s.s.c.a.a.c.InitializeAuthenticationProviderBeanManagerConfigurer$InitializeAuthenticationProviderManagerConfigurer - Global AuthenticationManager configured with AuthenticationProvider bean with name daoAuthenticationProvider
2025-10-09 13:45:58 [restartedMain] WARN  o.s.s.c.a.a.c.InitializeUserDetailsBeanManagerConfigurer$InitializeUserDetailsManagerConfigurer - Global AuthenticationManager configured with an AuthenticationProvider bean. UserDetailsService beans will not be used by Spring Security for automatically configuring username/password login. Consider removing the AuthenticationProvider bean. Alternatively, consider using the UserDetailsService in a manually instantiated DaoAuthenticationProvider. If the current configuration is intentional, to turn off this warning, increase the logging level of 'org.springframework.security.config.annotation.authentication.configuration.InitializeUserDetailsBeanManagerConfigurer' to ERROR
2025-10-09 13:46:00 [restartedMain] WARN  o.s.b.w.s.c.AnnotationConfigServletWebServerApplicationContext - Exception encountered during context initialization - cancelling refresh attempt: org.springframework.beans.factory.UnsatisfiedDependencyException: Error creating bean with name 'saleOrderController' defined in file [D:\Techgicus_software\techgicus_ebilling\target\classes\com\example\techgicus_ebilling\techgicus_ebilling\controller\SaleOrderController.class]: Unsatisfied dependency expressed through constructor parameter 0: Error creating bean with name 'saleOrderService' defined in file [D:\Techgicus_software\techgicus_ebilling\target\classes\com\example\techgicus_ebilling\techgicus_ebilling\service\SaleOrderService.class]: Unsatisfied dependency expressed through constructor parameter 0: Error creating bean with name 'saleOrderRepository' defined in com.example.techgicus_ebilling.techgicus_ebilling.repository.SaleOrderRepository defined in @EnableJpaRepositories declared on JpaRepositoriesRegistrar.EnableJpaRepositoriesConfiguration: Could not create query for public abstract java.util.List com.example.techgicus_ebilling.techgicus_ebilling.repository.SaleOrderRepository.findAllByCompanyAndOptionalOrderType(java.lang.Long,com.example.techgicus_ebilling.techgicus_ebilling.datamodel.enumeration.OrderType); Reason: Validation failed for query for method public abstract java.util.List com.example.techgicus_ebilling.techgicus_ebilling.repository.SaleOrderRepository.findAllByCompanyAndOptionalOrderType(java.lang.Long,com.example.techgicus_ebilling.techgicus_ebilling.datamodel.enumeration.OrderType)
2025-10-09 13:46:00 [restartedMain] INFO  o.s.o.j.LocalContainerEntityManagerFactoryBean - Closing JPA EntityManagerFactory for persistence unit 'default'
2025-10-09 13:46:00 [restartedMain] INFO  com.zaxxer.hikari.HikariDataSource - HikariPool-1 - Shutdown initiated...
2025-10-09 13:46:00 [restartedMain] INFO  com.zaxxer.hikari.HikariDataSource - HikariPool-1 - Shutdown completed.
2025-10-09 13:46:00 [restartedMain] INFO  o.a.catalina.core.StandardService - Stopping service [Tomcat]
2025-10-09 13:46:00 [restartedMain] INFO  o.s.b.a.l.ConditionEvaluationReportLogger - 

Error starting ApplicationContext. To display the condition evaluation report re-run your application with 'debug' enabled.
2025-10-09 13:46:00 [restartedMain] ERROR o.s.boot.SpringApplication - Application run failed
org.springframework.beans.factory.UnsatisfiedDependencyException: Error creating bean with name 'saleOrderController' defined in file [D:\Techgicus_software\techgicus_ebilling\target\classes\com\example\techgicus_ebilling\techgicus_ebilling\controller\SaleOrderController.class]: Unsatisfied dependency expressed through constructor parameter 0: Error creating bean with name 'saleOrderService' defined in file [D:\Techgicus_software\techgicus_ebilling\target\classes\com\example\techgicus_ebilling\techgicus_ebilling\service\SaleOrderService.class]: Unsatisfied dependency expressed through constructor parameter 0: Error creating bean with name 'saleOrderRepository' defined in com.example.techgicus_ebilling.techgicus_ebilling.repository.SaleOrderRepository defined in @EnableJpaRepositories declared on JpaRepositoriesRegistrar.EnableJpaRepositoriesConfiguration: Could not create query for public abstract java.util.List com.example.techgicus_ebilling.techgicus_ebilling.repository.SaleOrderRepository.findAllByCompanyAndOptionalOrderType(java.lang.Long,com.example.techgicus_ebilling.techgicus_ebilling.datamodel.enumeration.OrderType); Reason: Validation failed for query for method public abstract java.util.List com.example.techgicus_ebilling.techgicus_ebilling.repository.SaleOrderRepository.findAllByCompanyAndOptionalOrderType(java.lang.Long,com.example.techgicus_ebilling.techgicus_ebilling.datamodel.enumeration.OrderType)
	at org.springframework.beans.factory.support.ConstructorResolver.createArgumentArray(ConstructorResolver.java:804)
	at org.springframework.beans.factory.support.ConstructorResolver.autowireConstructor(ConstructorResolver.java:240)
	at org.springframework.beans.factory.support.AbstractAutowireCapableBeanFactory.autowireConstructor(AbstractAutowireCapableBeanFactory.java:1381)
	at org.springframework.beans.factory.support.AbstractAutowireCapableBeanFactory.createBeanInstance(AbstractAutowireCapableBeanFactory.java:1218)
	at org.springframework.beans.factory.support.AbstractAutowireCapableBeanFactory.doCreateBean(AbstractAutowireCapableBeanFactory.java:563)
	at org.springframework.beans.factory.support.AbstractAutowireCapableBeanFactory.createBean(AbstractAutowireCapableBeanFactory.java:523)
	at org.springframework.beans.factory.support.AbstractBeanFactory.lambda$doGetBean$0(AbstractBeanFactory.java:339)
	at org.springframework.beans.factory.support.DefaultSingletonBeanRegistry.getSingleton(DefaultSingletonBeanRegistry.java:346)
	at org.springframework.beans.factory.support.AbstractBeanFactory.doGetBean(AbstractBeanFactory.java:337)
	at org.springframework.beans.factory.support.AbstractBeanFactory.getBean(AbstractBeanFactory.java:202)
	at org.springframework.beans.factory.support.DefaultListableBeanFactory.instantiateSingleton(DefaultListableBeanFactory.java:1155)
	at org.springframework.beans.factory.support.DefaultListableBeanFactory.preInstantiateSingleton(DefaultListableBeanFactory.java:1121)
	at org.springframework.beans.factory.support.DefaultListableBeanFactory.preInstantiateSingletons(DefaultListableBeanFactory.java:1056)
	at org.springframework.context.support.AbstractApplicationContext.finishBeanFactoryInitialization(AbstractApplicationContext.java:987)
	at org.springframework.context.support.AbstractApplicationContext.refresh(AbstractApplicationContext.java:627)
	at org.springframework.boot.web.servlet.context.ServletWebServerApplicationContext.refresh(ServletWebServerApplicationContext.java:146)
	at org.springframework.boot.SpringApplication.refresh(SpringApplication.java:752)
	at org.springframework.boot.SpringApplication.refreshContext(SpringApplication.java:439)
	at org.springframework.boot.SpringApplication.run(SpringApplication.java:318)
	at org.springframework.boot.SpringApplication.run(SpringApplication.java:1361)
	at org.springframework.boot.SpringApplication.run(SpringApplication.java:1350)
	at com.example.techgicus_ebilling.techgicus_ebilling.TechgicusEbillingApplication.main(TechgicusEbillingApplication.java:10)
	at java.base/jdk.internal.reflect.DirectMethodHandleAccessor.invoke(DirectMethodHandleAccessor.java:104)
	at java.base/java.lang.reflect.Method.invoke(Method.java:565)
	at org.springframework.boot.devtools.restart.RestartLauncher.run(RestartLauncher.java:50)
Caused by: org.springframework.beans.factory.UnsatisfiedDependencyException: Error creating bean with name 'saleOrderService' defined in file [D:\Techgicus_software\techgicus_ebilling\target\classes\com\example\techgicus_ebilling\techgicus_ebilling\service\SaleOrderService.class]: Unsatisfied dependency expressed through constructor parameter 0: Error creating bean with name 'saleOrderRepository' defined in com.example.techgicus_ebilling.techgicus_ebilling.repository.SaleOrderRepository defined in @EnableJpaRepositories declared on JpaRepositoriesRegistrar.EnableJpaRepositoriesConfiguration: Could not create query for public abstract java.util.List com.example.techgicus_ebilling.techgicus_ebilling.repository.SaleOrderRepository.findAllByCompanyAndOptionalOrderType(java.lang.Long,com.example.techgicus_ebilling.techgicus_ebilling.datamodel.enumeration.OrderType); Reason: Validation failed for query for method public abstract java.util.List com.example.techgicus_ebilling.techgicus_ebilling.repository.SaleOrderRepository.findAllByCompanyAndOptionalOrderType(java.lang.Long,com.example.techgicus_ebilling.techgicus_ebilling.datamodel.enumeration.OrderType)
	at org.springframework.beans.factory.support.ConstructorResolver.createArgumentArray(ConstructorResolver.java:804)
	at org.springframework.beans.factory.support.ConstructorResolver.autowireConstructor(ConstructorResolver.java:240)
	at org.springframework.beans.factory.support.AbstractAutowireCapableBeanFactory.autowireConstructor(AbstractAutowireCapableBeanFactory.java:1381)
	at org.springframework.beans.factory.support.AbstractAutowireCapableBeanFactory.createBeanInstance(AbstractAutowireCapableBeanFactory.java:1218)
	at org.springframework.beans.factory.support.AbstractAutowireCapableBeanFactory.doCreateBean(AbstractAutowireCapableBeanFactory.java:563)
	at org.springframework.beans.factory.support.AbstractAutowireCapableBeanFactory.createBean(AbstractAutowireCapableBeanFactory.java:523)
	at org.springframework.beans.factory.support.AbstractBeanFactory.lambda$doGetBean$0(AbstractBeanFactory.java:339)
	at org.springframework.beans.factory.support.DefaultSingletonBeanRegistry.getSingleton(DefaultSingletonBeanRegistry.java:346)
	at org.springframework.beans.factory.support.AbstractBeanFactory.doGetBean(AbstractBeanFactory.java:337)
	at org.springframework.beans.factory.support.AbstractBeanFactory.getBean(AbstractBeanFactory.java:202)
	at org.springframework.beans.factory.support.DefaultListableBeanFactory.doResolveDependency(DefaultListableBeanFactory.java:1606)
	at org.springframework.beans.factory.support.DefaultListableBeanFactory.resolveDependency(DefaultListableBeanFactory.java:1552)
	at org.springframework.beans.factory.support.ConstructorResolver.resolveAutowiredArgument(ConstructorResolver.java:913)
	at org.springframework.beans.factory.support.ConstructorResolver.createArgumentArray(ConstructorResolver.java:791)
	... 24 common frames omitted
Caused by: org.springframework.beans.factory.BeanCreationException: Error creating bean with name 'saleOrderRepository' defined in com.example.techgicus_ebilling.techgicus_ebilling.repository.SaleOrderRepository defined in @EnableJpaRepositories declared on JpaRepositoriesRegistrar.EnableJpaRepositoriesConfiguration: Could not create query for public abstract java.util.List com.example.techgicus_ebilling.techgicus_ebilling.repository.SaleOrderRepository.findAllByCompanyAndOptionalOrderType(java.lang.Long,com.example.techgicus_ebilling.techgicus_ebilling.datamodel.enumeration.OrderType); Reason: Validation failed for query for method public abstract java.util.List com.example.techgicus_ebilling.techgicus_ebilling.repository.SaleOrderRepository.findAllByCompanyAndOptionalOrderType(java.lang.Long,com.example.techgicus_ebilling.techgicus_ebilling.datamodel.enumeration.OrderType)
	at org.springframework.beans.factory.support.AbstractAutowireCapableBeanFactory.initializeBean(AbstractAutowireCapableBeanFactory.java:1812)
	at org.springframework.beans.factory.support.AbstractAutowireCapableBeanFactory.doCreateBean(AbstractAutowireCapableBeanFactory.java:601)
	at org.springframework.beans.factory.support.AbstractAutowireCapableBeanFactory.createBean(AbstractAutowireCapableBeanFactory.java:523)
	at org.springframework.beans.factory.support.AbstractBeanFactory.lambda$doGetBean$0(AbstractBeanFactory.java:339)
	at org.springframework.beans.factory.support.DefaultSingletonBeanRegistry.getSingleton(DefaultSingletonBeanRegistry.java:346)
	at org.springframework.beans.factory.support.AbstractBeanFactory.doGetBean(AbstractBeanFactory.java:337)
	at org.springframework.beans.factory.support.AbstractBeanFactory.getBean(AbstractBeanFactory.java:202)
	at org.springframework.beans.factory.support.DefaultListableBeanFactory.doResolveDependency(DefaultListableBeanFactory.java:1606)
	at org.springframework.beans.factory.support.DefaultListableBeanFactory.resolveDependency(DefaultListableBeanFactory.java:1552)
	at org.springframework.beans.factory.support.ConstructorResolver.resolveAutowiredArgument(ConstructorResolver.java:913)
	at org.springframework.beans.factory.support.ConstructorResolver.createArgumentArray(ConstructorResolver.java:791)
	... 37 common frames omitted
Caused by: org.springframework.data.repository.query.QueryCreationException: Could not create query for public abstract java.util.List com.example.techgicus_ebilling.techgicus_ebilling.repository.SaleOrderRepository.findAllByCompanyAndOptionalOrderType(java.lang.Long,com.example.techgicus_ebilling.techgicus_ebilling.datamodel.enumeration.OrderType); Reason: Validation failed for query for method public abstract java.util.List com.example.techgicus_ebilling.techgicus_ebilling.repository.SaleOrderRepository.findAllByCompanyAndOptionalOrderType(java.lang.Long,com.example.techgicus_ebilling.techgicus_ebilling.datamodel.enumeration.OrderType)
	at org.springframework.data.repository.query.QueryCreationException.create(QueryCreationException.java:101)
	at org.springframework.data.repository.core.support.QueryExecutorMethodInterceptor.lookupQuery(QueryExecutorMethodInterceptor.java:120)
	at org.springframework.data.repository.core.support.QueryExecutorMethodInterceptor.mapMethodsToQuery(QueryExecutorMethodInterceptor.java:104)
	at org.springframework.data.repository.core.support.QueryExecutorMethodInterceptor.lambda$new$0(QueryExecutorMethodInterceptor.java:92)
	at java.base/java.util.Optional.map(Optional.java:260)
	at org.springframework.data.repository.core.support.QueryExecutorMethodInterceptor.<init>(QueryExecutorMethodInterceptor.java:92)
	at org.springframework.data.repository.core.support.RepositoryFactorySupport.getRepository(RepositoryFactorySupport.java:440)
	at org.springframework.data.repository.core.support.RepositoryFactoryBeanSupport.lambda$afterPropertiesSet$4(RepositoryFactoryBeanSupport.java:350)
	at org.springframework.data.util.Lazy.getNullable(Lazy.java:135)
	at org.springframework.data.util.Lazy.get(Lazy.java:113)
	at org.springframework.data.repository.core.support.RepositoryFactoryBeanSupport.afterPropertiesSet(RepositoryFactoryBeanSupport.java:356)
	at org.springframework.data.jpa.repository.support.JpaRepositoryFactoryBean.afterPropertiesSet(JpaRepositoryFactoryBean.java:132)
	at org.springframework.beans.factory.support.AbstractAutowireCapableBeanFactory.invokeInitMethods(AbstractAutowireCapableBeanFactory.java:1859)
	at org.springframework.beans.factory.support.AbstractAutowireCapableBeanFactory.initializeBean(AbstractAutowireCapableBeanFactory.java:1808)
	... 47 common frames omitted
Caused by: java.lang.IllegalArgumentException: Validation failed for query for method public abstract java.util.List com.example.techgicus_ebilling.techgicus_ebilling.repository.SaleOrderRepository.findAllByCompanyAndOptionalOrderType(java.lang.Long,com.example.techgicus_ebilling.techgicus_ebilling.datamodel.enumeration.OrderType)
	at org.springframework.data.jpa.repository.query.SimpleJpaQuery.validateQuery(SimpleJpaQuery.java:97)
	at org.springframework.data.jpa.repository.query.SimpleJpaQuery.<init>(SimpleJpaQuery.java:67)
	at org.springframework.data.jpa.repository.query.JpaQueryFactory.fromMethodWithQueryString(JpaQueryFactory.java:49)
	at org.springframework.data.jpa.repository.query.JpaQueryLookupStrategy$DeclaredQueryLookupStrategy.resolveQuery(JpaQueryLookupStrategy.java:174)
	at org.springframework.data.jpa.repository.query.JpaQueryLookupStrategy$CreateIfNotFoundQueryLookupStrategy.resolveQuery(JpaQueryLookupStrategy.java:256)
	at org.springframework.data.jpa.repository.query.JpaQueryLookupStrategy$AbstractQueryLookupStrategy.resolveQuery(JpaQueryLookupStrategy.java:99)
	at org.springframework.data.repository.core.support.QueryExecutorMethodInterceptor.lookupQuery(QueryExecutorMethodInterceptor.java:116)
	... 59 common frames omitted
Caused by: java.lang.IllegalArgumentException: org.hibernate.query.SemanticException: Could not interpret path expression 's'
	at org.hibernate.internal.ExceptionConverterImpl.convert(ExceptionConverterImpl.java:143)
	at org.hibernate.internal.ExceptionConverterImpl.convert(ExceptionConverterImpl.java:167)
	at org.hibernate.internal.ExceptionConverterImpl.convert(ExceptionConverterImpl.java:173)
	at org.hibernate.internal.AbstractSharedSessionContract.createQuery(AbstractSharedSessionContract.java:886)
	at org.hibernate.internal.AbstractSharedSessionContract.createQuery(AbstractSharedSessionContract.java:796)
	at org.hibernate.internal.AbstractSharedSessionContract.createQuery(AbstractSharedSessionContract.java:143)
	at java.base/jdk.internal.reflect.DirectMethodHandleAccessor.invoke(DirectMethodHandleAccessor.java:104)
	at java.base/java.lang.reflect.Method.invoke(Method.java:565)
	at org.springframework.orm.jpa.ExtendedEntityManagerCreator$ExtendedEntityManagerInvocationHandler.invoke(ExtendedEntityManagerCreator.java:364)
	at jdk.proxy4/jdk.proxy4.$Proxy147.createQuery(Unknown Source)
	at org.springframework.data.jpa.repository.query.SimpleJpaQuery.validateQuery(SimpleJpaQuery.java:91)
	... 65 common frames omitted
Caused by: org.hibernate.query.SemanticException: Could not interpret path expression 's'
	at org.hibernate.query.hql.internal.BasicDotIdentifierConsumer$BaseLocalSequencePart.resolvePathPart(BasicDotIdentifierConsumer.java:240)
	at org.hibernate.query.hql.internal.BasicDotIdentifierConsumer.consumeIdentifier(BasicDotIdentifierConsumer.java:92)
	at org.hibernate.query.hql.internal.SemanticQueryBuilder.visitSimplePath(SemanticQueryBuilder.java:5455)
	at org.hibernate.query.hql.internal.SemanticQueryBuilder.visitGeneralPathFragment(SemanticQueryBuilder.java:5298)
	at org.hibernate.query.hql.internal.SemanticQueryBuilder.visitGeneralPathExpression(SemanticQueryBuilder.java:1891)
	at org.hibernate.grammars.hql.HqlParser$GeneralPathExpressionContext.accept(HqlParser.java:8268)
	at org.antlr.v4.runtime.tree.AbstractParseTreeVisitor.visitChildren(AbstractParseTreeVisitor.java:46)
	at org.hibernate.grammars.hql.HqlParserBaseVisitor.visitBarePrimaryExpression(HqlParserBaseVisitor.java:812)
	at org.hibernate.grammars.hql.HqlParser$BarePrimaryExpressionContext.accept(HqlParser.java:7726)
	at org.antlr.v4.runtime.tree.AbstractParseTreeVisitor.visitChildren(AbstractParseTreeVisitor.java:46)
	at org.hibernate.grammars.hql.HqlParserBaseVisitor.visitExpressionOrPredicate(HqlParserBaseVisitor.java:945)
	at org.hibernate.grammars.hql.HqlParser$ExpressionOrPredicateContext.accept(HqlParser.java:8468)
	at org.hibernate.query.hql.internal.SemanticQueryBuilder.visitSelectableNode(SemanticQueryBuilder.java:1435)
	at org.hibernate.query.hql.internal.SemanticQueryBuilder.visitSelection(SemanticQueryBuilder.java:1412)
	at org.hibernate.query.hql.internal.SemanticQueryBuilder.visitSelectClause(SemanticQueryBuilder.java:1405)
	at org.hibernate.query.hql.internal.SemanticQueryBuilder.visitQuery(SemanticQueryBuilder.java:1254)
	at org.hibernate.query.hql.internal.SemanticQueryBuilder.visitQuerySpecExpression(SemanticQueryBuilder.java:1040)
	at org.hibernate.query.hql.internal.SemanticQueryBuilder.visitQuerySpecExpression(SemanticQueryBuilder.java:277)
	at org.hibernate.grammars.hql.HqlParser$QuerySpecExpressionContext.accept(HqlParser.java:2134)
	at org.hibernate.query.hql.internal.SemanticQueryBuilder.visitSimpleQueryGroup(SemanticQueryBuilder.java:1025)
	at org.hibernate.query.hql.internal.SemanticQueryBuilder.visitSimpleQueryGroup(SemanticQueryBuilder.java:277)
	at org.hibernate.grammars.hql.HqlParser$SimpleQueryGroupContext.accept(HqlParser.java:2005)
	at org.hibernate.query.hql.internal.SemanticQueryBuilder.visitSelectStatement(SemanticQueryBuilder.java:492)
	at org.hibernate.query.hql.internal.SemanticQueryBuilder.visitStatement(SemanticQueryBuilder.java:451)
	at org.hibernate.query.hql.internal.SemanticQueryBuilder.buildSemanticModel(SemanticQueryBuilder.java:324)
	at org.hibernate.query.hql.internal.StandardHqlTranslator.translate(StandardHqlTranslator.java:71)
	at org.hibernate.query.internal.QueryInterpretationCacheStandardImpl.createHqlInterpretation(QueryInterpretationCacheStandardImpl.java:145)
	at org.hibernate.query.internal.QueryInterpretationCacheStandardImpl.resolveHqlInterpretation(QueryInterpretationCacheStandardImpl.java:132)
	at org.hibernate.query.spi.QueryEngine.interpretHql(QueryEngine.java:54)
	at org.hibernate.internal.AbstractSharedSessionContract.interpretHql(AbstractSharedSessionContract.java:832)
	at org.hibernate.internal.AbstractSharedSessionContract.createQuery(AbstractSharedSessionContract.java:878)
	... 72 common frames omitted
2025-10-09 13:48:02 [background-preinit] INFO  o.h.validator.internal.util.Version - HV000001: Hibernate Validator 8.0.2.Final
2025-10-09 13:48:02 [restartedMain] INFO  c.e.t.t.TechgicusEbillingApplication - Starting TechgicusEbillingApplication using Java 24.0.1 with PID 3240 (D:\Techgicus_software\techgicus_ebilling\target\classes started by payal in D:\Techgicus_software\techgicus_ebilling)
2025-10-09 13:48:02 [restartedMain] INFO  c.e.t.t.TechgicusEbillingApplication - No active profile set, falling back to 1 default profile: "default"
2025-10-09 13:48:02 [restartedMain] INFO  o.s.b.d.e.DevToolsPropertyDefaultsPostProcessor - Devtools property defaults active! Set 'spring.devtools.add-properties' to 'false' to disable
2025-10-09 13:48:02 [restartedMain] INFO  o.s.b.d.e.DevToolsPropertyDefaultsPostProcessor - For additional web related logging consider setting the 'logging.level.web' property to 'DEBUG'
2025-10-09 13:48:05 [restartedMain] INFO  o.s.d.r.c.RepositoryConfigurationDelegate - Bootstrapping Spring Data JPA repositories in DEFAULT mode.
2025-10-09 13:48:05 [restartedMain] INFO  o.s.d.r.c.RepositoryConfigurationDelegate - Finished Spring Data repository scanning in 512 ms. Found 27 JPA repository interfaces.
2025-10-09 13:48:08 [restartedMain] INFO  o.s.b.w.e.tomcat.TomcatWebServer - Tomcat initialized with port 8007 (http)
2025-10-09 13:48:08 [restartedMain] INFO  o.a.coyote.http11.Http11NioProtocol - Initializing ProtocolHandler ["http-nio-8007"]
2025-10-09 13:48:08 [restartedMain] INFO  o.a.catalina.core.StandardService - Starting service [Tomcat]
2025-10-09 13:48:08 [restartedMain] INFO  o.a.catalina.core.StandardEngine - Starting Servlet engine: [Apache Tomcat/10.1.36]
2025-10-09 13:48:08 [restartedMain] INFO  o.a.c.c.C.[Tomcat].[localhost].[/] - Initializing Spring embedded WebApplicationContext
2025-10-09 13:48:08 [restartedMain] INFO  o.s.b.w.s.c.ServletWebServerApplicationContext - Root WebApplicationContext: initialization completed in 6060 ms
2025-10-09 13:48:09 [restartedMain] INFO  com.zaxxer.hikari.HikariDataSource - HikariPool-1 - Starting...
2025-10-09 13:48:09 [restartedMain] INFO  com.zaxxer.hikari.pool.HikariPool - HikariPool-1 - Added connection com.mysql.cj.jdbc.ConnectionImpl@2e0eab07
2025-10-09 13:48:09 [restartedMain] INFO  com.zaxxer.hikari.HikariDataSource - HikariPool-1 - Start completed.
2025-10-09 13:48:09 [restartedMain] INFO  o.h.jpa.internal.util.LogHelper - HHH000204: Processing PersistenceUnitInfo [name: default]
2025-10-09 13:48:09 [restartedMain] INFO  org.hibernate.Version - HHH000412: Hibernate ORM core version 6.6.8.Final
2025-10-09 13:48:09 [restartedMain] INFO  o.h.c.i.RegionFactoryInitiator - HHH000026: Second-level cache disabled
2025-10-09 13:48:10 [restartedMain] INFO  o.s.o.j.p.SpringPersistenceUnitInfo - No LoadTimeWeaver setup: ignoring JPA class transformer
2025-10-09 13:48:10 [restartedMain] INFO  o.hibernate.orm.connections.pooling - HHH10001005: Database info:
	Database JDBC URL [Connecting through datasource 'HikariDataSource (HikariPool-1)']
	Database driver: undefined/unknown
	Database version: 8.0.42
	Autocommit mode: undefined/unknown
	Isolation level: undefined/unknown
	Minimum pool size: undefined/unknown
	Maximum pool size: undefined/unknown
2025-10-09 13:48:12 [restartedMain] INFO  o.h.e.t.j.p.i.JtaPlatformInitiator - HHH000489: No JTA platform available (set 'hibernate.transaction.jta.platform' to enable JTA platform integration)
2025-10-09 13:48:12 [restartedMain] INFO  o.s.o.j.LocalContainerEntityManagerFactoryBean - Initialized JPA EntityManagerFactory for persistence unit 'default'
2025-10-09 13:48:13 [restartedMain] INFO  o.s.d.j.r.query.QueryEnhancerFactory - Hibernate is in classpath; If applicable, HQL parser will be used.
2025-10-09 13:48:14 [restartedMain] INFO  o.s.s.c.a.a.c.InitializeAuthenticationProviderBeanManagerConfigurer$InitializeAuthenticationProviderManagerConfigurer - Global AuthenticationManager configured with AuthenticationProvider bean with name daoAuthenticationProvider
2025-10-09 13:48:14 [restartedMain] WARN  o.s.s.c.a.a.c.InitializeUserDetailsBeanManagerConfigurer$InitializeUserDetailsManagerConfigurer - Global AuthenticationManager configured with an AuthenticationProvider bean. UserDetailsService beans will not be used by Spring Security for automatically configuring username/password login. Consider removing the AuthenticationProvider bean. Alternatively, consider using the UserDetailsService in a manually instantiated DaoAuthenticationProvider. If the current configuration is intentional, to turn off this warning, increase the logging level of 'org.springframework.security.config.annotation.authentication.configuration.InitializeUserDetailsBeanManagerConfigurer' to ERROR
2025-10-09 13:48:16 [restartedMain] WARN  o.s.b.w.s.c.AnnotationConfigServletWebServerApplicationContext - Exception encountered during context initialization - cancelling refresh attempt: org.springframework.beans.factory.UnsatisfiedDependencyException: Error creating bean with name 'saleOrderController' defined in file [D:\Techgicus_software\techgicus_ebilling\target\classes\com\example\techgicus_ebilling\techgicus_ebilling\controller\SaleOrderController.class]: Unsatisfied dependency expressed through constructor parameter 0: Error creating bean with name 'saleOrderService' defined in file [D:\Techgicus_software\techgicus_ebilling\target\classes\com\example\techgicus_ebilling\techgicus_ebilling\service\SaleOrderService.class]: Unsatisfied dependency expressed through constructor parameter 0: Error creating bean with name 'saleOrderRepository' defined in com.example.techgicus_ebilling.techgicus_ebilling.repository.SaleOrderRepository defined in @EnableJpaRepositories declared on JpaRepositoriesRegistrar.EnableJpaRepositoriesConfiguration: Could not create query for public abstract java.util.List com.example.techgicus_ebilling.techgicus_ebilling.repository.SaleOrderRepository.findAllByCompanyAndOptionalOrderType(java.lang.Long,com.example.techgicus_ebilling.techgicus_ebilling.datamodel.enumeration.OrderType); Reason: Validation failed for query for method public abstract java.util.List com.example.techgicus_ebilling.techgicus_ebilling.repository.SaleOrderRepository.findAllByCompanyAndOptionalOrderType(java.lang.Long,com.example.techgicus_ebilling.techgicus_ebilling.datamodel.enumeration.OrderType)
2025-10-09 13:48:16 [restartedMain] INFO  o.s.o.j.LocalContainerEntityManagerFactoryBean - Closing JPA EntityManagerFactory for persistence unit 'default'
2025-10-09 13:48:16 [restartedMain] INFO  com.zaxxer.hikari.HikariDataSource - HikariPool-1 - Shutdown initiated...
2025-10-09 13:48:16 [restartedMain] INFO  com.zaxxer.hikari.HikariDataSource - HikariPool-1 - Shutdown completed.
2025-10-09 13:48:16 [restartedMain] INFO  o.a.catalina.core.StandardService - Stopping service [Tomcat]
2025-10-09 13:48:16 [restartedMain] INFO  o.s.b.a.l.ConditionEvaluationReportLogger - 

Error starting ApplicationContext. To display the condition evaluation report re-run your application with 'debug' enabled.
2025-10-09 13:48:16 [restartedMain] ERROR o.s.boot.SpringApplication - Application run failed
org.springframework.beans.factory.UnsatisfiedDependencyException: Error creating bean with name 'saleOrderController' defined in file [D:\Techgicus_software\techgicus_ebilling\target\classes\com\example\techgicus_ebilling\techgicus_ebilling\controller\SaleOrderController.class]: Unsatisfied dependency expressed through constructor parameter 0: Error creating bean with name 'saleOrderService' defined in file [D:\Techgicus_software\techgicus_ebilling\target\classes\com\example\techgicus_ebilling\techgicus_ebilling\service\SaleOrderService.class]: Unsatisfied dependency expressed through constructor parameter 0: Error creating bean with name 'saleOrderRepository' defined in com.example.techgicus_ebilling.techgicus_ebilling.repository.SaleOrderRepository defined in @EnableJpaRepositories declared on JpaRepositoriesRegistrar.EnableJpaRepositoriesConfiguration: Could not create query for public abstract java.util.List com.example.techgicus_ebilling.techgicus_ebilling.repository.SaleOrderRepository.findAllByCompanyAndOptionalOrderType(java.lang.Long,com.example.techgicus_ebilling.techgicus_ebilling.datamodel.enumeration.OrderType); Reason: Validation failed for query for method public abstract java.util.List com.example.techgicus_ebilling.techgicus_ebilling.repository.SaleOrderRepository.findAllByCompanyAndOptionalOrderType(java.lang.Long,com.example.techgicus_ebilling.techgicus_ebilling.datamodel.enumeration.OrderType)
	at org.springframework.beans.factory.support.ConstructorResolver.createArgumentArray(ConstructorResolver.java:804)
	at org.springframework.beans.factory.support.ConstructorResolver.autowireConstructor(ConstructorResolver.java:240)
	at org.springframework.beans.factory.support.AbstractAutowireCapableBeanFactory.autowireConstructor(AbstractAutowireCapableBeanFactory.java:1381)
	at org.springframework.beans.factory.support.AbstractAutowireCapableBeanFactory.createBeanInstance(AbstractAutowireCapableBeanFactory.java:1218)
	at org.springframework.beans.factory.support.AbstractAutowireCapableBeanFactory.doCreateBean(AbstractAutowireCapableBeanFactory.java:563)
	at org.springframework.beans.factory.support.AbstractAutowireCapableBeanFactory.createBean(AbstractAutowireCapableBeanFactory.java:523)
	at org.springframework.beans.factory.support.AbstractBeanFactory.lambda$doGetBean$0(AbstractBeanFactory.java:339)
	at org.springframework.beans.factory.support.DefaultSingletonBeanRegistry.getSingleton(DefaultSingletonBeanRegistry.java:346)
	at org.springframework.beans.factory.support.AbstractBeanFactory.doGetBean(AbstractBeanFactory.java:337)
	at org.springframework.beans.factory.support.AbstractBeanFactory.getBean(AbstractBeanFactory.java:202)
	at org.springframework.beans.factory.support.DefaultListableBeanFactory.instantiateSingleton(DefaultListableBeanFactory.java:1155)
	at org.springframework.beans.factory.support.DefaultListableBeanFactory.preInstantiateSingleton(DefaultListableBeanFactory.java:1121)
	at org.springframework.beans.factory.support.DefaultListableBeanFactory.preInstantiateSingletons(DefaultListableBeanFactory.java:1056)
	at org.springframework.context.support.AbstractApplicationContext.finishBeanFactoryInitialization(AbstractApplicationContext.java:987)
	at org.springframework.context.support.AbstractApplicationContext.refresh(AbstractApplicationContext.java:627)
	at org.springframework.boot.web.servlet.context.ServletWebServerApplicationContext.refresh(ServletWebServerApplicationContext.java:146)
	at org.springframework.boot.SpringApplication.refresh(SpringApplication.java:752)
	at org.springframework.boot.SpringApplication.refreshContext(SpringApplication.java:439)
	at org.springframework.boot.SpringApplication.run(SpringApplication.java:318)
	at org.springframework.boot.SpringApplication.run(SpringApplication.java:1361)
	at org.springframework.boot.SpringApplication.run(SpringApplication.java:1350)
	at com.example.techgicus_ebilling.techgicus_ebilling.TechgicusEbillingApplication.main(TechgicusEbillingApplication.java:10)
	at java.base/jdk.internal.reflect.DirectMethodHandleAccessor.invoke(DirectMethodHandleAccessor.java:104)
	at java.base/java.lang.reflect.Method.invoke(Method.java:565)
	at org.springframework.boot.devtools.restart.RestartLauncher.run(RestartLauncher.java:50)
Caused by: org.springframework.beans.factory.UnsatisfiedDependencyException: Error creating bean with name 'saleOrderService' defined in file [D:\Techgicus_software\techgicus_ebilling\target\classes\com\example\techgicus_ebilling\techgicus_ebilling\service\SaleOrderService.class]: Unsatisfied dependency expressed through constructor parameter 0: Error creating bean with name 'saleOrderRepository' defined in com.example.techgicus_ebilling.techgicus_ebilling.repository.SaleOrderRepository defined in @EnableJpaRepositories declared on JpaRepositoriesRegistrar.EnableJpaRepositoriesConfiguration: Could not create query for public abstract java.util.List com.example.techgicus_ebilling.techgicus_ebilling.repository.SaleOrderRepository.findAllByCompanyAndOptionalOrderType(java.lang.Long,com.example.techgicus_ebilling.techgicus_ebilling.datamodel.enumeration.OrderType); Reason: Validation failed for query for method public abstract java.util.List com.example.techgicus_ebilling.techgicus_ebilling.repository.SaleOrderRepository.findAllByCompanyAndOptionalOrderType(java.lang.Long,com.example.techgicus_ebilling.techgicus_ebilling.datamodel.enumeration.OrderType)
	at org.springframework.beans.factory.support.ConstructorResolver.createArgumentArray(ConstructorResolver.java:804)
	at org.springframework.beans.factory.support.ConstructorResolver.autowireConstructor(ConstructorResolver.java:240)
	at org.springframework.beans.factory.support.AbstractAutowireCapableBeanFactory.autowireConstructor(AbstractAutowireCapableBeanFactory.java:1381)
	at org.springframework.beans.factory.support.AbstractAutowireCapableBeanFactory.createBeanInstance(AbstractAutowireCapableBeanFactory.java:1218)
	at org.springframework.beans.factory.support.AbstractAutowireCapableBeanFactory.doCreateBean(AbstractAutowireCapableBeanFactory.java:563)
	at org.springframework.beans.factory.support.AbstractAutowireCapableBeanFactory.createBean(AbstractAutowireCapableBeanFactory.java:523)
	at org.springframework.beans.factory.support.AbstractBeanFactory.lambda$doGetBean$0(AbstractBeanFactory.java:339)
	at org.springframework.beans.factory.support.DefaultSingletonBeanRegistry.getSingleton(DefaultSingletonBeanRegistry.java:346)
	at org.springframework.beans.factory.support.AbstractBeanFactory.doGetBean(AbstractBeanFactory.java:337)
	at org.springframework.beans.factory.support.AbstractBeanFactory.getBean(AbstractBeanFactory.java:202)
	at org.springframework.beans.factory.support.DefaultListableBeanFactory.doResolveDependency(DefaultListableBeanFactory.java:1606)
	at org.springframework.beans.factory.support.DefaultListableBeanFactory.resolveDependency(DefaultListableBeanFactory.java:1552)
	at org.springframework.beans.factory.support.ConstructorResolver.resolveAutowiredArgument(ConstructorResolver.java:913)
	at org.springframework.beans.factory.support.ConstructorResolver.createArgumentArray(ConstructorResolver.java:791)
	... 24 common frames omitted
Caused by: org.springframework.beans.factory.BeanCreationException: Error creating bean with name 'saleOrderRepository' defined in com.example.techgicus_ebilling.techgicus_ebilling.repository.SaleOrderRepository defined in @EnableJpaRepositories declared on JpaRepositoriesRegistrar.EnableJpaRepositoriesConfiguration: Could not create query for public abstract java.util.List com.example.techgicus_ebilling.techgicus_ebilling.repository.SaleOrderRepository.findAllByCompanyAndOptionalOrderType(java.lang.Long,com.example.techgicus_ebilling.techgicus_ebilling.datamodel.enumeration.OrderType); Reason: Validation failed for query for method public abstract java.util.List com.example.techgicus_ebilling.techgicus_ebilling.repository.SaleOrderRepository.findAllByCompanyAndOptionalOrderType(java.lang.Long,com.example.techgicus_ebilling.techgicus_ebilling.datamodel.enumeration.OrderType)
	at org.springframework.beans.factory.support.AbstractAutowireCapableBeanFactory.initializeBean(AbstractAutowireCapableBeanFactory.java:1812)
	at org.springframework.beans.factory.support.AbstractAutowireCapableBeanFactory.doCreateBean(AbstractAutowireCapableBeanFactory.java:601)
	at org.springframework.beans.factory.support.AbstractAutowireCapableBeanFactory.createBean(AbstractAutowireCapableBeanFactory.java:523)
	at org.springframework.beans.factory.support.AbstractBeanFactory.lambda$doGetBean$0(AbstractBeanFactory.java:339)
	at org.springframework.beans.factory.support.DefaultSingletonBeanRegistry.getSingleton(DefaultSingletonBeanRegistry.java:346)
	at org.springframework.beans.factory.support.AbstractBeanFactory.doGetBean(AbstractBeanFactory.java:337)
	at org.springframework.beans.factory.support.AbstractBeanFactory.getBean(AbstractBeanFactory.java:202)
	at org.springframework.beans.factory.support.DefaultListableBeanFactory.doResolveDependency(DefaultListableBeanFactory.java:1606)
	at org.springframework.beans.factory.support.DefaultListableBeanFactory.resolveDependency(DefaultListableBeanFactory.java:1552)
	at org.springframework.beans.factory.support.ConstructorResolver.resolveAutowiredArgument(ConstructorResolver.java:913)
	at org.springframework.beans.factory.support.ConstructorResolver.createArgumentArray(ConstructorResolver.java:791)
	... 37 common frames omitted
Caused by: org.springframework.data.repository.query.QueryCreationException: Could not create query for public abstract java.util.List com.example.techgicus_ebilling.techgicus_ebilling.repository.SaleOrderRepository.findAllByCompanyAndOptionalOrderType(java.lang.Long,com.example.techgicus_ebilling.techgicus_ebilling.datamodel.enumeration.OrderType); Reason: Validation failed for query for method public abstract java.util.List com.example.techgicus_ebilling.techgicus_ebilling.repository.SaleOrderRepository.findAllByCompanyAndOptionalOrderType(java.lang.Long,com.example.techgicus_ebilling.techgicus_ebilling.datamodel.enumeration.OrderType)
	at org.springframework.data.repository.query.QueryCreationException.create(QueryCreationException.java:101)
	at org.springframework.data.repository.core.support.QueryExecutorMethodInterceptor.lookupQuery(QueryExecutorMethodInterceptor.java:120)
	at org.springframework.data.repository.core.support.QueryExecutorMethodInterceptor.mapMethodsToQuery(QueryExecutorMethodInterceptor.java:104)
	at org.springframework.data.repository.core.support.QueryExecutorMethodInterceptor.lambda$new$0(QueryExecutorMethodInterceptor.java:92)
	at java.base/java.util.Optional.map(Optional.java:260)
	at org.springframework.data.repository.core.support.QueryExecutorMethodInterceptor.<init>(QueryExecutorMethodInterceptor.java:92)
	at org.springframework.data.repository.core.support.RepositoryFactorySupport.getRepository(RepositoryFactorySupport.java:440)
	at org.springframework.data.repository.core.support.RepositoryFactoryBeanSupport.lambda$afterPropertiesSet$4(RepositoryFactoryBeanSupport.java:350)
	at org.springframework.data.util.Lazy.getNullable(Lazy.java:135)
	at org.springframework.data.util.Lazy.get(Lazy.java:113)
	at org.springframework.data.repository.core.support.RepositoryFactoryBeanSupport.afterPropertiesSet(RepositoryFactoryBeanSupport.java:356)
	at org.springframework.data.jpa.repository.support.JpaRepositoryFactoryBean.afterPropertiesSet(JpaRepositoryFactoryBean.java:132)
	at org.springframework.beans.factory.support.AbstractAutowireCapableBeanFactory.invokeInitMethods(AbstractAutowireCapableBeanFactory.java:1859)
	at org.springframework.beans.factory.support.AbstractAutowireCapableBeanFactory.initializeBean(AbstractAutowireCapableBeanFactory.java:1808)
	... 47 common frames omitted
Caused by: java.lang.IllegalArgumentException: Validation failed for query for method public abstract java.util.List com.example.techgicus_ebilling.techgicus_ebilling.repository.SaleOrderRepository.findAllByCompanyAndOptionalOrderType(java.lang.Long,com.example.techgicus_ebilling.techgicus_ebilling.datamodel.enumeration.OrderType)
	at org.springframework.data.jpa.repository.query.SimpleJpaQuery.validateQuery(SimpleJpaQuery.java:97)
	at org.springframework.data.jpa.repository.query.SimpleJpaQuery.<init>(SimpleJpaQuery.java:67)
	at org.springframework.data.jpa.repository.query.JpaQueryFactory.fromMethodWithQueryString(JpaQueryFactory.java:49)
	at org.springframework.data.jpa.repository.query.JpaQueryLookupStrategy$DeclaredQueryLookupStrategy.resolveQuery(JpaQueryLookupStrategy.java:174)
	at org.springframework.data.jpa.repository.query.JpaQueryLookupStrategy$CreateIfNotFoundQueryLookupStrategy.resolveQuery(JpaQueryLookupStrategy.java:256)
	at org.springframework.data.jpa.repository.query.JpaQueryLookupStrategy$AbstractQueryLookupStrategy.resolveQuery(JpaQueryLookupStrategy.java:99)
	at org.springframework.data.repository.core.support.QueryExecutorMethodInterceptor.lookupQuery(QueryExecutorMethodInterceptor.java:116)
	... 59 common frames omitted
Caused by: java.lang.IllegalArgumentException: org.hibernate.query.SemanticException: Could not interpret path expression 's'
	at org.hibernate.internal.ExceptionConverterImpl.convert(ExceptionConverterImpl.java:143)
	at org.hibernate.internal.ExceptionConverterImpl.convert(ExceptionConverterImpl.java:167)
	at org.hibernate.internal.ExceptionConverterImpl.convert(ExceptionConverterImpl.java:173)
	at org.hibernate.internal.AbstractSharedSessionContract.createQuery(AbstractSharedSessionContract.java:886)
	at org.hibernate.internal.AbstractSharedSessionContract.createQuery(AbstractSharedSessionContract.java:796)
	at org.hibernate.internal.AbstractSharedSessionContract.createQuery(AbstractSharedSessionContract.java:143)
	at java.base/jdk.internal.reflect.DirectMethodHandleAccessor.invoke(DirectMethodHandleAccessor.java:104)
	at java.base/java.lang.reflect.Method.invoke(Method.java:565)
	at org.springframework.orm.jpa.ExtendedEntityManagerCreator$ExtendedEntityManagerInvocationHandler.invoke(ExtendedEntityManagerCreator.java:364)
	at jdk.proxy4/jdk.proxy4.$Proxy147.createQuery(Unknown Source)
	at org.springframework.data.jpa.repository.query.SimpleJpaQuery.validateQuery(SimpleJpaQuery.java:91)
	... 65 common frames omitted
Caused by: org.hibernate.query.SemanticException: Could not interpret path expression 's'
	at org.hibernate.query.hql.internal.BasicDotIdentifierConsumer$BaseLocalSequencePart.resolvePathPart(BasicDotIdentifierConsumer.java:240)
	at org.hibernate.query.hql.internal.BasicDotIdentifierConsumer.consumeIdentifier(BasicDotIdentifierConsumer.java:92)
	at org.hibernate.query.hql.internal.SemanticQueryBuilder.visitSimplePath(SemanticQueryBuilder.java:5455)
	at org.hibernate.query.hql.internal.SemanticQueryBuilder.visitGeneralPathFragment(SemanticQueryBuilder.java:5298)
	at org.hibernate.query.hql.internal.SemanticQueryBuilder.visitGeneralPathExpression(SemanticQueryBuilder.java:1891)
	at org.hibernate.grammars.hql.HqlParser$GeneralPathExpressionContext.accept(HqlParser.java:8268)
	at org.antlr.v4.runtime.tree.AbstractParseTreeVisitor.visitChildren(AbstractParseTreeVisitor.java:46)
	at org.hibernate.grammars.hql.HqlParserBaseVisitor.visitBarePrimaryExpression(HqlParserBaseVisitor.java:812)
	at org.hibernate.grammars.hql.HqlParser$BarePrimaryExpressionContext.accept(HqlParser.java:7726)
	at org.antlr.v4.runtime.tree.AbstractParseTreeVisitor.visitChildren(AbstractParseTreeVisitor.java:46)
	at org.hibernate.grammars.hql.HqlParserBaseVisitor.visitExpressionOrPredicate(HqlParserBaseVisitor.java:945)
	at org.hibernate.grammars.hql.HqlParser$ExpressionOrPredicateContext.accept(HqlParser.java:8468)
	at org.hibernate.query.hql.internal.SemanticQueryBuilder.visitSelectableNode(SemanticQueryBuilder.java:1435)
	at org.hibernate.query.hql.internal.SemanticQueryBuilder.visitSelection(SemanticQueryBuilder.java:1412)
	at org.hibernate.query.hql.internal.SemanticQueryBuilder.visitSelectClause(SemanticQueryBuilder.java:1405)
	at org.hibernate.query.hql.internal.SemanticQueryBuilder.visitQuery(SemanticQueryBuilder.java:1254)
	at org.hibernate.query.hql.internal.SemanticQueryBuilder.visitQuerySpecExpression(SemanticQueryBuilder.java:1040)
	at org.hibernate.query.hql.internal.SemanticQueryBuilder.visitQuerySpecExpression(SemanticQueryBuilder.java:277)
	at org.hibernate.grammars.hql.HqlParser$QuerySpecExpressionContext.accept(HqlParser.java:2134)
	at org.hibernate.query.hql.internal.SemanticQueryBuilder.visitSimpleQueryGroup(SemanticQueryBuilder.java:1025)
	at org.hibernate.query.hql.internal.SemanticQueryBuilder.visitSimpleQueryGroup(SemanticQueryBuilder.java:277)
	at org.hibernate.grammars.hql.HqlParser$SimpleQueryGroupContext.accept(HqlParser.java:2005)
	at org.hibernate.query.hql.internal.SemanticQueryBuilder.visitSelectStatement(SemanticQueryBuilder.java:492)
	at org.hibernate.query.hql.internal.SemanticQueryBuilder.visitStatement(SemanticQueryBuilder.java:451)
	at org.hibernate.query.hql.internal.SemanticQueryBuilder.buildSemanticModel(SemanticQueryBuilder.java:324)
	at org.hibernate.query.hql.internal.StandardHqlTranslator.translate(StandardHqlTranslator.java:71)
	at org.hibernate.query.internal.QueryInterpretationCacheStandardImpl.createHqlInterpretation(QueryInterpretationCacheStandardImpl.java:145)
	at org.hibernate.query.internal.QueryInterpretationCacheStandardImpl.resolveHqlInterpretation(QueryInterpretationCacheStandardImpl.java:132)
	at org.hibernate.query.spi.QueryEngine.interpretHql(QueryEngine.java:54)
	at org.hibernate.internal.AbstractSharedSessionContract.interpretHql(AbstractSharedSessionContract.java:832)
	at org.hibernate.internal.AbstractSharedSessionContract.createQuery(AbstractSharedSessionContract.java:878)
	... 72 common frames omitted
2025-10-09 13:48:23 [background-preinit] INFO  o.h.validator.internal.util.Version - HV000001: Hibernate Validator 8.0.2.Final
2025-10-09 13:48:23 [restartedMain] INFO  c.e.t.t.TechgicusEbillingApplication - Starting TechgicusEbillingApplication using Java 24.0.1 with PID 5876 (D:\Techgicus_software\techgicus_ebilling\target\classes started by payal in D:\Techgicus_software\techgicus_ebilling)
2025-10-09 13:48:23 [restartedMain] INFO  c.e.t.t.TechgicusEbillingApplication - No active profile set, falling back to 1 default profile: "default"
2025-10-09 13:48:23 [restartedMain] INFO  o.s.b.d.e.DevToolsPropertyDefaultsPostProcessor - Devtools property defaults active! Set 'spring.devtools.add-properties' to 'false' to disable
2025-10-09 13:48:23 [restartedMain] INFO  o.s.b.d.e.DevToolsPropertyDefaultsPostProcessor - For additional web related logging consider setting the 'logging.level.web' property to 'DEBUG'
2025-10-09 13:48:25 [restartedMain] INFO  o.s.d.r.c.RepositoryConfigurationDelegate - Bootstrapping Spring Data JPA repositories in DEFAULT mode.
2025-10-09 13:48:25 [restartedMain] INFO  o.s.d.r.c.RepositoryConfigurationDelegate - Finished Spring Data repository scanning in 174 ms. Found 27 JPA repository interfaces.
2025-10-09 13:48:26 [restartedMain] INFO  o.s.b.w.e.tomcat.TomcatWebServer - Tomcat initialized with port 8007 (http)
2025-10-09 13:48:26 [restartedMain] INFO  o.a.coyote.http11.Http11NioProtocol - Initializing ProtocolHandler ["http-nio-8007"]
2025-10-09 13:48:26 [restartedMain] INFO  o.a.catalina.core.StandardService - Starting service [Tomcat]
2025-10-09 13:48:26 [restartedMain] INFO  o.a.catalina.core.StandardEngine - Starting Servlet engine: [Apache Tomcat/10.1.36]
2025-10-09 13:48:26 [restartedMain] INFO  o.a.c.c.C.[Tomcat].[localhost].[/] - Initializing Spring embedded WebApplicationContext
2025-10-09 13:48:26 [restartedMain] INFO  o.s.b.w.s.c.ServletWebServerApplicationContext - Root WebApplicationContext: initialization completed in 2953 ms
2025-10-09 13:48:26 [restartedMain] INFO  com.zaxxer.hikari.HikariDataSource - HikariPool-1 - Starting...
2025-10-09 13:48:27 [restartedMain] INFO  com.zaxxer.hikari.pool.HikariPool - HikariPool-1 - Added connection com.mysql.cj.jdbc.ConnectionImpl@4b040858
2025-10-09 13:48:27 [restartedMain] INFO  com.zaxxer.hikari.HikariDataSource - HikariPool-1 - Start completed.
2025-10-09 13:48:27 [restartedMain] INFO  o.h.jpa.internal.util.LogHelper - HHH000204: Processing PersistenceUnitInfo [name: default]
2025-10-09 13:48:27 [restartedMain] INFO  org.hibernate.Version - HHH000412: Hibernate ORM core version 6.6.8.Final
2025-10-09 13:48:27 [restartedMain] INFO  o.h.c.i.RegionFactoryInitiator - HHH000026: Second-level cache disabled
2025-10-09 13:48:28 [restartedMain] INFO  o.s.o.j.p.SpringPersistenceUnitInfo - No LoadTimeWeaver setup: ignoring JPA class transformer
2025-10-09 13:48:28 [restartedMain] INFO  o.hibernate.orm.connections.pooling - HHH10001005: Database info:
	Database JDBC URL [Connecting through datasource 'HikariDataSource (HikariPool-1)']
	Database driver: undefined/unknown
	Database version: 8.0.42
	Autocommit mode: undefined/unknown
	Isolation level: undefined/unknown
	Minimum pool size: undefined/unknown
	Maximum pool size: undefined/unknown
2025-10-09 13:48:29 [restartedMain] INFO  o.h.e.t.j.p.i.JtaPlatformInitiator - HHH000489: No JTA platform available (set 'hibernate.transaction.jta.platform' to enable JTA platform integration)
2025-10-09 13:48:30 [restartedMain] INFO  o.s.o.j.LocalContainerEntityManagerFactoryBean - Initialized JPA EntityManagerFactory for persistence unit 'default'
2025-10-09 13:48:30 [restartedMain] INFO  o.s.d.j.r.query.QueryEnhancerFactory - Hibernate is in classpath; If applicable, HQL parser will be used.
2025-10-09 13:48:31 [restartedMain] INFO  o.s.s.c.a.a.c.InitializeAuthenticationProviderBeanManagerConfigurer$InitializeAuthenticationProviderManagerConfigurer - Global AuthenticationManager configured with AuthenticationProvider bean with name daoAuthenticationProvider
2025-10-09 13:48:31 [restartedMain] WARN  o.s.s.c.a.a.c.InitializeUserDetailsBeanManagerConfigurer$InitializeUserDetailsManagerConfigurer - Global AuthenticationManager configured with an AuthenticationProvider bean. UserDetailsService beans will not be used by Spring Security for automatically configuring username/password login. Consider removing the AuthenticationProvider bean. Alternatively, consider using the UserDetailsService in a manually instantiated DaoAuthenticationProvider. If the current configuration is intentional, to turn off this warning, increase the logging level of 'org.springframework.security.config.annotation.authentication.configuration.InitializeUserDetailsBeanManagerConfigurer' to ERROR
2025-10-09 13:48:33 [restartedMain] WARN  o.s.b.a.o.j.JpaBaseConfiguration$JpaWebConfiguration - spring.jpa.open-in-view is enabled by default. Therefore, database queries may be performed during view rendering. Explicitly configure spring.jpa.open-in-view to disable this warning
2025-10-09 13:48:34 [restartedMain] INFO  o.s.b.d.a.OptionalLiveReloadServer - LiveReload server is running on port 35729
2025-10-09 13:48:34 [restartedMain] INFO  o.a.coyote.http11.Http11NioProtocol - Starting ProtocolHandler ["http-nio-8007"]
2025-10-09 13:48:34 [restartedMain] INFO  o.s.b.w.e.tomcat.TomcatWebServer - Tomcat started on port 8007 (http) with context path '/'
2025-10-09 13:48:34 [restartedMain] INFO  c.e.t.t.TechgicusEbillingApplication - Started TechgicusEbillingApplication in 11.32 seconds (process running for 11.962)
2025-10-09 13:48:34 [restartedMain] DEBUG org.hibernate.SQL - select r1_0.role_id,r1_0.description,r1_0.role_name,r1_0.is_system_role from roles r1_0 where r1_0.role_name=?
2025-10-09 13:48:34 [restartedMain] DEBUG org.hibernate.SQL - select r1_0.role_id,r1_0.description,r1_0.role_name,r1_0.is_system_role from roles r1_0 where r1_0.role_name=?
2025-10-09 13:48:34 [restartedMain] DEBUG org.hibernate.SQL - select r1_0.role_id,r1_0.description,r1_0.role_name,r1_0.is_system_role from roles r1_0 where r1_0.role_name=?
2025-10-09 13:48:34 [restartedMain] DEBUG org.hibernate.SQL - select f1_0.feature_id,f1_0.code,f1_0.description,f1_0.name,f1_0.premium from features f1_0 where f1_0.code=?
2025-10-09 13:48:34 [restartedMain] DEBUG org.hibernate.SQL - select f1_0.feature_id,f1_0.code,f1_0.description,f1_0.name,f1_0.premium from features f1_0 where f1_0.code=?
2025-10-09 13:48:34 [restartedMain] DEBUG org.hibernate.SQL - select f1_0.feature_id,f1_0.code,f1_0.description,f1_0.name,f1_0.premium from features f1_0 where f1_0.code=?
2025-10-09 13:48:34 [restartedMain] DEBUG org.hibernate.SQL - select f1_0.feature_id,f1_0.code,f1_0.description,f1_0.name,f1_0.premium from features f1_0 where f1_0.code=?
2025-10-09 13:48:34 [restartedMain] DEBUG org.hibernate.SQL - select sp1_0.subscription_plan_id,sp1_0.description,sp1_0.duration_days,sp1_0.is_active,sp1_0.name,sp1_0.price from subscription_plans sp1_0 where sp1_0.name=?
2025-10-09 13:48:34 [restartedMain] DEBUG org.hibernate.SQL - select sp1_0.subscription_plan_id,sp1_0.description,sp1_0.duration_days,sp1_0.is_active,sp1_0.name,sp1_0.price from subscription_plans sp1_0 where sp1_0.name=?
2025-10-09 13:48:34 [restartedMain] DEBUG org.hibernate.SQL - select sp1_0.subscription_plan_id,sp1_0.description,sp1_0.duration_days,sp1_0.is_active,sp1_0.name,sp1_0.price from subscription_plans sp1_0 where sp1_0.name=?
2025-10-09 13:48:34 [restartedMain] DEBUG org.hibernate.SQL - select f1_0.feature_id,f1_0.code,f1_0.description,f1_0.name,f1_0.premium from features f1_0 where f1_0.code=?
2025-10-09 13:48:34 [restartedMain] DEBUG org.hibernate.SQL - select f1_0.feature_id,f1_0.code,f1_0.description,f1_0.name,f1_0.premium from features f1_0 where f1_0.code=?
2025-10-09 13:48:34 [restartedMain] DEBUG org.hibernate.SQL - select f1_0.feature_id,f1_0.code,f1_0.description,f1_0.name,f1_0.premium from features f1_0 where f1_0.code=?
2025-10-09 13:48:34 [restartedMain] DEBUG org.hibernate.SQL - select f1_0.feature_id,f1_0.code,f1_0.description,f1_0.name,f1_0.premium from features f1_0 where f1_0.code=?
2025-10-09 13:48:34 [restartedMain] DEBUG org.hibernate.SQL - select sp1_0.subscription_plan_id,sp1_0.description,sp1_0.duration_days,sp1_0.is_active,sp1_0.name,sp1_0.price from subscription_plans sp1_0 where sp1_0.name=?
2025-10-09 13:48:34 [restartedMain] DEBUG org.hibernate.SQL - select sp1_0.subscription_plan_id,sp1_0.description,sp1_0.duration_days,sp1_0.is_active,sp1_0.name,sp1_0.price from subscription_plans sp1_0 where sp1_0.name=?
2025-10-09 13:48:34 [restartedMain] DEBUG org.hibernate.SQL - select sp1_0.subscription_plan_id,sp1_0.description,sp1_0.duration_days,sp1_0.is_active,sp1_0.name,sp1_0.price from subscription_plans sp1_0 where sp1_0.name=?
2025-10-09 13:48:34 [restartedMain] DEBUG org.hibernate.SQL - select pfl1_0.plan_feature_limit_id,pfl1_0.boolean_limit,pfl1_0.feature_id,pfl1_0.limit_type,pfl1_0.plan_id,pfl1_0.usage_limit from plan_feature_limits pfl1_0 where pfl1_0.plan_id=? and pfl1_0.feature_id=?
2025-10-09 13:48:34 [restartedMain] DEBUG org.hibernate.SQL - select pfl1_0.plan_feature_limit_id,pfl1_0.boolean_limit,pfl1_0.feature_id,pfl1_0.limit_type,pfl1_0.plan_id,pfl1_0.usage_limit from plan_feature_limits pfl1_0 where pfl1_0.plan_id=? and pfl1_0.feature_id=?
2025-10-09 13:48:34 [restartedMain] DEBUG org.hibernate.SQL - select pfl1_0.plan_feature_limit_id,pfl1_0.boolean_limit,pfl1_0.feature_id,pfl1_0.limit_type,pfl1_0.plan_id,pfl1_0.usage_limit from plan_feature_limits pfl1_0 where pfl1_0.plan_id=? and pfl1_0.feature_id=?
2025-10-09 13:48:34 [restartedMain] DEBUG org.hibernate.SQL - select pfl1_0.plan_feature_limit_id,pfl1_0.boolean_limit,pfl1_0.feature_id,pfl1_0.limit_type,pfl1_0.plan_id,pfl1_0.usage_limit from plan_feature_limits pfl1_0 where pfl1_0.plan_id=? and pfl1_0.feature_id=?
2025-10-09 13:48:34 [restartedMain] DEBUG org.hibernate.SQL - select pfl1_0.plan_feature_limit_id,pfl1_0.boolean_limit,pfl1_0.feature_id,pfl1_0.limit_type,pfl1_0.plan_id,pfl1_0.usage_limit from plan_feature_limits pfl1_0 where pfl1_0.plan_id=? and pfl1_0.feature_id=?
2025-10-09 13:48:34 [restartedMain] DEBUG org.hibernate.SQL - select pfl1_0.plan_feature_limit_id,pfl1_0.boolean_limit,pfl1_0.feature_id,pfl1_0.limit_type,pfl1_0.plan_id,pfl1_0.usage_limit from plan_feature_limits pfl1_0 where pfl1_0.plan_id=? and pfl1_0.feature_id=?
2025-10-09 13:48:34 [restartedMain] DEBUG org.hibernate.SQL - select pfl1_0.plan_feature_limit_id,pfl1_0.boolean_limit,pfl1_0.feature_id,pfl1_0.limit_type,pfl1_0.plan_id,pfl1_0.usage_limit from plan_feature_limits pfl1_0 where pfl1_0.plan_id=? and pfl1_0.feature_id=?
2025-10-09 13:48:34 [restartedMain] DEBUG org.hibernate.SQL - select pfl1_0.plan_feature_limit_id,pfl1_0.boolean_limit,pfl1_0.feature_id,pfl1_0.limit_type,pfl1_0.plan_id,pfl1_0.usage_limit from plan_feature_limits pfl1_0 where pfl1_0.plan_id=? and pfl1_0.feature_id=?
2025-10-09 13:48:34 [restartedMain] DEBUG org.hibernate.SQL - select pfl1_0.plan_feature_limit_id,pfl1_0.boolean_limit,pfl1_0.feature_id,pfl1_0.limit_type,pfl1_0.plan_id,pfl1_0.usage_limit from plan_feature_limits pfl1_0 where pfl1_0.plan_id=? and pfl1_0.feature_id=?
2025-10-09 13:48:34 [restartedMain] DEBUG org.hibernate.SQL - select pfl1_0.plan_feature_limit_id,pfl1_0.boolean_limit,pfl1_0.feature_id,pfl1_0.limit_type,pfl1_0.plan_id,pfl1_0.usage_limit from plan_feature_limits pfl1_0 where pfl1_0.plan_id=? and pfl1_0.feature_id=?
2025-10-09 13:48:34 [restartedMain] DEBUG org.hibernate.SQL - select pfl1_0.plan_feature_limit_id,pfl1_0.boolean_limit,pfl1_0.feature_id,pfl1_0.limit_type,pfl1_0.plan_id,pfl1_0.usage_limit from plan_feature_limits pfl1_0 where pfl1_0.plan_id=? and pfl1_0.feature_id=?
2025-10-09 13:48:34 [restartedMain] DEBUG org.hibernate.SQL - select pfl1_0.plan_feature_limit_id,pfl1_0.boolean_limit,pfl1_0.feature_id,pfl1_0.limit_type,pfl1_0.plan_id,pfl1_0.usage_limit from plan_feature_limits pfl1_0 where pfl1_0.plan_id=? and pfl1_0.feature_id=?
2025-10-09 13:48:34 [restartedMain] DEBUG org.hibernate.SQL - select r1_0.role_id,r1_0.description,r1_0.role_name,r1_0.is_system_role from roles r1_0 where r1_0.role_name=?
2025-10-09 13:48:34 [restartedMain] DEBUG org.hibernate.SQL - select u1_0.user_id,u1_0.created_at,u1_0.email,u1_0.password,u1_0.update_at,u1_0.user_name from users u1_0 where u1_0.email=?
2025-10-09 13:48:34 [restartedMain] DEBUG org.hibernate.SQL - select r1_0.user_id,r1_1.role_id,r1_1.description,r1_1.role_name,r1_1.is_system_role from user_roles r1_0 join roles r1_1 on r1_1.role_id=r1_0.role_id where r1_0.user_id=?
2025-10-09 14:06:29 [HikariPool-1 housekeeper] WARN  com.zaxxer.hikari.pool.HikariPool - HikariPool-1 - Thread starvation or clock leap detected (housekeeper delta=12m32s399ms291µs500ns).
2025-10-09 14:20:44 [HikariPool-1 housekeeper] WARN  com.zaxxer.hikari.pool.HikariPool - HikariPool-1 - Thread starvation or clock leap detected (housekeeper delta=11m14s544ms700ns).
2025-10-09 15:21:09 [SpringApplicationShutdownHook] INFO  o.s.b.w.e.tomcat.GracefulShutdown - Commencing graceful shutdown. Waiting for active requests to complete
2025-10-09 15:21:09 [tomcat-shutdown] INFO  o.s.b.w.e.tomcat.GracefulShutdown - Graceful shutdown complete
2025-10-09 15:21:09 [SpringApplicationShutdownHook] INFO  o.s.o.j.LocalContainerEntityManagerFactoryBean - Closing JPA EntityManagerFactory for persistence unit 'default'
2025-10-09 15:21:09 [SpringApplicationShutdownHook] INFO  com.zaxxer.hikari.HikariDataSource - HikariPool-1 - Shutdown initiated...
2025-10-09 15:21:09 [SpringApplicationShutdownHook] INFO  com.zaxxer.hikari.HikariDataSource - HikariPool-1 - Shutdown completed.
